{"/Users/pierrecabriere/Dev/graphand/core/src/index.ts": {"path":"/Users/pierrecabriere/Dev/graphand/core/src/index.ts","statementMap":{"0":{"start":{"line":2,"column":22},"end":{"line":4,"column":1}},"1":{"start":{"line":3,"column":4},"end":{"line":3,"column":62}},"2":{"start":{"line":5,"column":0},"end":{"line":5,"column":62}},"3":{"start":{"line":6,"column":0},"end":{"line":6,"column":417}},"4":{"start":{"line":7,"column":16},"end":{"line":7,"column":55}},"5":{"start":{"line":8,"column":0},"end":{"line":8,"column":32}},"6":{"start":{"line":9,"column":20},"end":{"line":9,"column":66}},"7":{"start":{"line":10,"column":0},"end":{"line":10,"column":40}},"8":{"start":{"line":11,"column":18},"end":{"line":11,"column":62}},"9":{"start":{"line":12,"column":0},"end":{"line":12,"column":36}},"10":{"start":{"line":13,"column":16},"end":{"line":13,"column":58}},"11":{"start":{"line":14,"column":0},"end":{"line":14,"column":32}},"12":{"start":{"line":15,"column":18},"end":{"line":15,"column":62}},"13":{"start":{"line":16,"column":0},"end":{"line":16,"column":36}},"14":{"start":{"line":17,"column":15},"end":{"line":17,"column":56}},"15":{"start":{"line":18,"column":0},"end":{"line":18,"column":30}},"16":{"start":{"line":19,"column":15},"end":{"line":19,"column":56}},"17":{"start":{"line":20,"column":0},"end":{"line":20,"column":30}},"18":{"start":{"line":21,"column":23},"end":{"line":21,"column":72}},"19":{"start":{"line":22,"column":0},"end":{"line":22,"column":46}},"20":{"start":{"line":23,"column":16},"end":{"line":23,"column":58}},"21":{"start":{"line":24,"column":0},"end":{"line":24,"column":32}},"22":{"start":{"line":25,"column":22},"end":{"line":25,"column":70}},"23":{"start":{"line":26,"column":0},"end":{"line":26,"column":44}},"24":{"start":{"line":27,"column":20},"end":{"line":27,"column":63}},"25":{"start":{"line":28,"column":0},"end":{"line":28,"column":40}},"26":{"start":{"line":29,"column":27},"end":{"line":29,"column":79}},"27":{"start":{"line":30,"column":0},"end":{"line":30,"column":52}},"28":{"start":{"line":31,"column":22},"end":{"line":31,"column":69}},"29":{"start":{"line":32,"column":0},"end":{"line":32,"column":43}},"30":{"start":{"line":33,"column":23},"end":{"line":33,"column":69}},"31":{"start":{"line":34,"column":0},"end":{"line":34,"column":46}},"32":{"start":{"line":35,"column":27},"end":{"line":35,"column":77}},"33":{"start":{"line":36,"column":0},"end":{"line":36,"column":54}},"34":{"start":{"line":37,"column":15},"end":{"line":37,"column":53}},"35":{"start":{"line":38,"column":0},"end":{"line":38,"column":30}},"36":{"start":{"line":39,"column":28},"end":{"line":39,"column":81}},"37":{"start":{"line":40,"column":0},"end":{"line":40,"column":55}},"38":{"start":{"line":41,"column":23},"end":{"line":41,"column":71}},"39":{"start":{"line":42,"column":0},"end":{"line":42,"column":45}},"40":{"start":{"line":43,"column":18},"end":{"line":43,"column":59}},"41":{"start":{"line":44,"column":0},"end":{"line":44,"column":36}},"42":{"start":{"line":45,"column":16},"end":{"line":45,"column":55}},"43":{"start":{"line":46,"column":0},"end":{"line":46,"column":32}},"44":{"start":{"line":47,"column":15},"end":{"line":57,"column":1}},"45":{"start":{"line":58,"column":0},"end":{"line":58,"column":24}}},"fnMap":{"0":{"name":"(anonymous_0)","decl":{"start":{"line":2,"column":56},"end":{"line":2,"column":57}},"loc":{"start":{"line":2,"column":71},"end":{"line":4,"column":1}},"line":2}},"branchMap":{"0":{"loc":{"start":{"line":2,"column":22},"end":{"line":4,"column":1}},"type":"binary-expr","locations":[{"start":{"line":2,"column":23},"end":{"line":2,"column":27}},{"start":{"line":2,"column":31},"end":{"line":2,"column":51}},{"start":{"line":2,"column":56},"end":{"line":4,"column":1}}],"line":2},"1":{"loc":{"start":{"line":3,"column":11},"end":{"line":3,"column":61}},"type":"cond-expr","locations":[{"start":{"line":3,"column":37},"end":{"line":3,"column":40}},{"start":{"line":3,"column":43},"end":{"line":3,"column":61}}],"line":3},"2":{"loc":{"start":{"line":3,"column":12},"end":{"line":3,"column":33}},"type":"binary-expr","locations":[{"start":{"line":3,"column":12},"end":{"line":3,"column":15}},{"start":{"line":3,"column":19},"end":{"line":3,"column":33}}],"line":3}},"s":{"0":1,"1":20,"2":1,"3":1,"4":1,"5":1,"6":1,"7":1,"8":1,"9":1,"10":1,"11":1,"12":1,"13":1,"14":1,"15":1,"16":1,"17":1,"18":1,"19":1,"20":1,"21":1,"22":1,"23":1,"24":1,"25":1,"26":1,"27":1,"28":1,"29":1,"30":1,"31":1,"32":1,"33":1,"34":1,"35":1,"36":1,"37":1,"38":1,"39":1,"40":1,"41":1,"42":1,"43":1,"44":1,"45":1},"f":{"0":20},"b":{"0":[1,1,1],"1":[20,0],"2":[20,20]},"_coverageSchema":"1a1c01bbd47fc00a2c39e90264f33305004495a9","hash":"adcef7abb36c887a9e18700075abe3774f3bd122"}
,"/Users/pierrecabriere/Dev/graphand/core/src/test-utils.ts": {"path":"/Users/pierrecabriere/Dev/graphand/core/src/test-utils.ts","statementMap":{"0":{"start":{"line":2,"column":22},"end":{"line":4,"column":1}},"1":{"start":{"line":3,"column":4},"end":{"line":3,"column":62}},"2":{"start":{"line":5,"column":0},"end":{"line":5,"column":62}},"3":{"start":{"line":6,"column":0},"end":{"line":6,"column":49}},"4":{"start":{"line":7,"column":18},"end":{"line":7,"column":59}},"5":{"start":{"line":8,"column":20},"end":{"line":8,"column":63}},"6":{"start":{"line":9,"column":22},"end":{"line":9,"column":69}},"7":{"start":{"line":10,"column":27},"end":{"line":10,"column":79}},"8":{"start":{"line":11,"column":16},"end":{"line":11,"column":55}},"9":{"start":{"line":12,"column":20},"end":{"line":88,"column":1}},"10":{"start":{"line":16,"column":12},"end":{"line":21,"column":13}},"11":{"start":{"line":17,"column":34},"end":{"line":19,"column":48}},"12":{"start":{"line":19,"column":31},"end":{"line":19,"column":47}},"13":{"start":{"line":20,"column":16},"end":{"line":20,"column":50}},"14":{"start":{"line":22,"column":12},"end":{"line":22,"column":32}},"15":{"start":{"line":24,"column":18},"end":{"line":85,"column":9}},"16":{"start":{"line":25,"column":33},"end":{"line":25,"column":69}},"17":{"start":{"line":27,"column":16},"end":{"line":29,"column":17}},"18":{"start":{"line":28,"column":20},"end":{"line":28,"column":49}},"19":{"start":{"line":30,"column":32},"end":{"line":30,"column":46}},"20":{"start":{"line":31,"column":16},"end":{"line":31,"column":46}},"21":{"start":{"line":34,"column":16},"end":{"line":34,"column":107}},"22":{"start":{"line":37,"column":26},"end":{"line":37,"column":49}},"23":{"start":{"line":38,"column":16},"end":{"line":38,"column":38}},"24":{"start":{"line":39,"column":16},"end":{"line":39,"column":42}},"25":{"start":{"line":42,"column":32},"end":{"line":42,"column":69}},"26":{"start":{"line":42,"column":51},"end":{"line":42,"column":68}},"27":{"start":{"line":43,"column":16},"end":{"line":43,"column":62}},"28":{"start":{"line":43,"column":39},"end":{"line":43,"column":60}},"29":{"start":{"line":44,"column":16},"end":{"line":44,"column":48}},"30":{"start":{"line":47,"column":16},"end":{"line":49,"column":17}},"31":{"start":{"line":48,"column":20},"end":{"line":48,"column":49}},"32":{"start":{"line":50,"column":32},"end":{"line":50,"column":46}},"33":{"start":{"line":51,"column":16},"end":{"line":51,"column":46}},"34":{"start":{"line":54,"column":16},"end":{"line":56,"column":17}},"35":{"start":{"line":55,"column":20},"end":{"line":55,"column":49}},"36":{"start":{"line":57,"column":16},"end":{"line":57,"column":67}},"37":{"start":{"line":60,"column":16},"end":{"line":62,"column":17}},"38":{"start":{"line":61,"column":20},"end":{"line":61,"column":49}},"39":{"start":{"line":63,"column":32},"end":{"line":63,"column":46}},"40":{"start":{"line":64,"column":16},"end":{"line":64,"column":45}},"41":{"start":{"line":65,"column":16},"end":{"line":65,"column":45}},"42":{"start":{"line":68,"column":16},"end":{"line":70,"column":17}},"43":{"start":{"line":69,"column":20},"end":{"line":69,"column":49}},"44":{"start":{"line":71,"column":28},"end":{"line":71,"column":72}},"45":{"start":{"line":71,"column":66},"end":{"line":71,"column":71}},"46":{"start":{"line":72,"column":16},"end":{"line":72,"column":39}},"47":{"start":{"line":73,"column":16},"end":{"line":73,"column":44}},"48":{"start":{"line":76,"column":16},"end":{"line":83,"column":19}},"49":{"start":{"line":87,"column":4},"end":{"line":87,"column":23}},"50":{"start":{"line":89,"column":0},"end":{"line":89,"column":34}},"51":{"start":{"line":90,"column":18},"end":{"line":102,"column":1}},"52":{"start":{"line":91,"column":20},"end":{"line":91,"column":59}},"53":{"start":{"line":93,"column":28},"end":{"line":93,"column":32}},"54":{"start":{"line":94,"column":22},"end":{"line":94,"column":29}},"55":{"start":{"line":95,"column":23},"end":{"line":95,"column":28}},"56":{"start":{"line":97,"column":12},"end":{"line":97,"column":23}},"57":{"start":{"line":98,"column":12},"end":{"line":98,"column":42}},"58":{"start":{"line":101,"column":4},"end":{"line":101,"column":16}},"59":{"start":{"line":103,"column":0},"end":{"line":103,"column":30}}},"fnMap":{"0":{"name":"(anonymous_0)","decl":{"start":{"line":2,"column":56},"end":{"line":2,"column":57}},"loc":{"start":{"line":2,"column":71},"end":{"line":4,"column":1}},"line":2},"1":{"name":"(anonymous_1)","decl":{"start":{"line":12,"column":20},"end":{"line":12,"column":21}},"loc":{"start":{"line":12,"column":26},"end":{"line":88,"column":1}},"line":12},"2":{"name":"(anonymous_2)","decl":{"start":{"line":15,"column":8},"end":{"line":15,"column":9}},"loc":{"start":{"line":15,"column":24},"end":{"line":23,"column":9}},"line":15},"3":{"name":"(anonymous_3)","decl":{"start":{"line":19,"column":25},"end":{"line":19,"column":26}},"loc":{"start":{"line":19,"column":31},"end":{"line":19,"column":47}},"line":19},"4":{"name":"(anonymous_4)","decl":{"start":{"line":25,"column":27},"end":{"line":25,"column":28}},"loc":{"start":{"line":25,"column":33},"end":{"line":25,"column":69}},"line":25},"5":{"name":"(anonymous_5)","decl":{"start":{"line":26,"column":25},"end":{"line":26,"column":26}},"loc":{"start":{"line":26,"column":36},"end":{"line":32,"column":13}},"line":26},"6":{"name":"(anonymous_6)","decl":{"start":{"line":33,"column":29},"end":{"line":33,"column":30}},"loc":{"start":{"line":33,"column":40},"end":{"line":35,"column":13}},"line":33},"7":{"name":"(anonymous_7)","decl":{"start":{"line":36,"column":31},"end":{"line":36,"column":32}},"loc":{"start":{"line":36,"column":44},"end":{"line":40,"column":13}},"line":36},"8":{"name":"(anonymous_8)","decl":{"start":{"line":41,"column":36},"end":{"line":41,"column":37}},"loc":{"start":{"line":41,"column":49},"end":{"line":45,"column":13}},"line":41},"9":{"name":"(anonymous_9)","decl":{"start":{"line":42,"column":44},"end":{"line":42,"column":45}},"loc":{"start":{"line":42,"column":51},"end":{"line":42,"column":68}},"line":42},"10":{"name":"(anonymous_10)","decl":{"start":{"line":43,"column":32},"end":{"line":43,"column":33}},"loc":{"start":{"line":43,"column":39},"end":{"line":43,"column":60}},"line":43},"11":{"name":"(anonymous_11)","decl":{"start":{"line":46,"column":31},"end":{"line":46,"column":32}},"loc":{"start":{"line":46,"column":50},"end":{"line":52,"column":13}},"line":46},"12":{"name":"(anonymous_12)","decl":{"start":{"line":53,"column":36},"end":{"line":53,"column":37}},"loc":{"start":{"line":53,"column":55},"end":{"line":58,"column":13}},"line":53},"13":{"name":"(anonymous_13)","decl":{"start":{"line":59,"column":31},"end":{"line":59,"column":32}},"loc":{"start":{"line":59,"column":42},"end":{"line":66,"column":13}},"line":59},"14":{"name":"(anonymous_14)","decl":{"start":{"line":67,"column":36},"end":{"line":67,"column":37}},"loc":{"start":{"line":67,"column":47},"end":{"line":74,"column":13}},"line":67},"15":{"name":"(anonymous_15)","decl":{"start":{"line":71,"column":59},"end":{"line":71,"column":60}},"loc":{"start":{"line":71,"column":66},"end":{"line":71,"column":71}},"line":71},"16":{"name":"(anonymous_16)","decl":{"start":{"line":75,"column":31},"end":{"line":75,"column":32}},"loc":{"start":{"line":75,"column":37},"end":{"line":84,"column":13}},"line":75},"17":{"name":"(anonymous_17)","decl":{"start":{"line":90,"column":18},"end":{"line":90,"column":19}},"loc":{"start":{"line":90,"column":62},"end":{"line":102,"column":1}},"line":90},"18":{"name":"(anonymous_18)","decl":{"start":{"line":96,"column":8},"end":{"line":96,"column":9}},"loc":{"start":{"line":96,"column":25},"end":{"line":99,"column":9}},"line":96}},"branchMap":{"0":{"loc":{"start":{"line":2,"column":22},"end":{"line":4,"column":1}},"type":"binary-expr","locations":[{"start":{"line":2,"column":23},"end":{"line":2,"column":27}},{"start":{"line":2,"column":31},"end":{"line":2,"column":51}},{"start":{"line":2,"column":56},"end":{"line":4,"column":1}}],"line":2},"1":{"loc":{"start":{"line":3,"column":11},"end":{"line":3,"column":61}},"type":"cond-expr","locations":[{"start":{"line":3,"column":37},"end":{"line":3,"column":40}},{"start":{"line":3,"column":43},"end":{"line":3,"column":61}}],"line":3},"2":{"loc":{"start":{"line":3,"column":12},"end":{"line":3,"column":33}},"type":"binary-expr","locations":[{"start":{"line":3,"column":12},"end":{"line":3,"column":15}},{"start":{"line":3,"column":19},"end":{"line":3,"column":33}}],"line":3},"3":{"loc":{"start":{"line":16,"column":12},"end":{"line":21,"column":13}},"type":"if","locations":[{"start":{"line":16,"column":12},"end":{"line":21,"column":13}},{"start":{},"end":{}}],"line":16},"4":{"loc":{"start":{"line":16,"column":16},"end":{"line":16,"column":64}},"type":"binary-expr","locations":[{"start":{"line":16,"column":16},"end":{"line":16,"column":47}},{"start":{"line":16,"column":51},"end":{"line":16,"column":64}}],"line":16},"5":{"loc":{"start":{"line":27,"column":16},"end":{"line":29,"column":17}},"type":"if","locations":[{"start":{"line":27,"column":16},"end":{"line":29,"column":17}},{"start":{},"end":{}}],"line":27},"6":{"loc":{"start":{"line":47,"column":16},"end":{"line":49,"column":17}},"type":"if","locations":[{"start":{"line":47,"column":16},"end":{"line":49,"column":17}},{"start":{},"end":{}}],"line":47},"7":{"loc":{"start":{"line":47,"column":20},"end":{"line":47,"column":37}},"type":"binary-expr","locations":[{"start":{"line":47,"column":20},"end":{"line":47,"column":26}},{"start":{"line":47,"column":30},"end":{"line":47,"column":37}}],"line":47},"8":{"loc":{"start":{"line":54,"column":16},"end":{"line":56,"column":17}},"type":"if","locations":[{"start":{"line":54,"column":16},"end":{"line":56,"column":17}},{"start":{},"end":{}}],"line":54},"9":{"loc":{"start":{"line":54,"column":20},"end":{"line":54,"column":37}},"type":"binary-expr","locations":[{"start":{"line":54,"column":20},"end":{"line":54,"column":26}},{"start":{"line":54,"column":30},"end":{"line":54,"column":37}}],"line":54},"10":{"loc":{"start":{"line":60,"column":16},"end":{"line":62,"column":17}},"type":"if","locations":[{"start":{"line":60,"column":16},"end":{"line":62,"column":17}},{"start":{},"end":{}}],"line":60},"11":{"loc":{"start":{"line":68,"column":16},"end":{"line":70,"column":17}},"type":"if","locations":[{"start":{"line":68,"column":16},"end":{"line":70,"column":17}},{"start":{},"end":{}}],"line":68},"12":{"loc":{"start":{"line":90,"column":19},"end":{"line":90,"column":57}},"type":"default-arg","locations":[{"start":{"line":90,"column":27},"end":{"line":90,"column":57}}],"line":90}},"s":{"0":2,"1":10,"2":2,"3":2,"4":2,"5":2,"6":2,"7":2,"8":2,"9":2,"10":13,"11":11,"12":55,"13":11,"14":13,"15":13,"16":2,"17":2,"18":0,"19":2,"20":2,"21":1,"22":5,"23":5,"24":5,"25":1,"26":3,"27":1,"28":3,"29":1,"30":0,"31":0,"32":0,"33":0,"34":0,"35":0,"36":0,"37":0,"38":0,"39":0,"40":0,"41":0,"42":0,"43":0,"44":0,"45":0,"46":0,"47":0,"48":11,"49":2,"50":2,"51":2,"52":2,"53":2,"54":2,"55":2,"56":65,"57":65,"58":2,"59":2},"f":{"0":10,"1":2,"2":13,"3":55,"4":2,"5":2,"6":1,"7":5,"8":1,"9":3,"10":3,"11":0,"12":0,"13":0,"14":0,"15":0,"16":11,"17":2,"18":65},"b":{"0":[2,2,2],"1":[10,0],"2":[10,10],"3":[11,2],"4":[13,13],"5":[0,2],"6":[0,0],"7":[0,0],"8":[0,0],"9":[0,0],"10":[0,0],"11":[0,0],"12":[2]},"_coverageSchema":"1a1c01bbd47fc00a2c39e90264f33305004495a9","hash":"18eb6b65e962e5b54c3d4ec7e1e5a64867962bbf"}
,"/Users/pierrecabriere/Dev/graphand/core/src/enums/environment-status.ts": {"path":"/Users/pierrecabriere/Dev/graphand/core/src/enums/environment-status.ts","statementMap":{"0":{"start":{"line":2,"column":0},"end":{"line":2,"column":62}},"1":{"start":{"line":4,"column":0},"end":{"line":8,"column":50}},"2":{"start":{"line":5,"column":4},"end":{"line":5,"column":41}},"3":{"start":{"line":6,"column":4},"end":{"line":6,"column":45}},"4":{"start":{"line":7,"column":4},"end":{"line":7,"column":41}},"5":{"start":{"line":9,"column":0},"end":{"line":9,"column":36}}},"fnMap":{"0":{"name":"(anonymous_0)","decl":{"start":{"line":4,"column":1},"end":{"line":4,"column":2}},"loc":{"start":{"line":4,"column":30},"end":{"line":8,"column":1}},"line":4}},"branchMap":{"0":{"loc":{"start":{"line":8,"column":3},"end":{"line":8,"column":48}},"type":"binary-expr","locations":[{"start":{"line":8,"column":3},"end":{"line":8,"column":20}},{"start":{"line":8,"column":25},"end":{"line":8,"column":47}}],"line":8}},"s":{"0":1,"1":1,"2":1,"3":1,"4":1,"5":1},"f":{"0":1},"b":{"0":[1,1]},"_coverageSchema":"1a1c01bbd47fc00a2c39e90264f33305004495a9","hash":"1695f761813bd4cfd753895e296fb9a09644dca3"}
,"/Users/pierrecabriere/Dev/graphand/core/src/enums/field-types.ts": {"path":"/Users/pierrecabriere/Dev/graphand/core/src/enums/field-types.ts","statementMap":{"0":{"start":{"line":2,"column":0},"end":{"line":2,"column":62}},"1":{"start":{"line":4,"column":0},"end":{"line":12,"column":36}},"2":{"start":{"line":5,"column":4},"end":{"line":5,"column":28}},"3":{"start":{"line":6,"column":4},"end":{"line":6,"column":32}},"4":{"start":{"line":7,"column":4},"end":{"line":7,"column":36}},"5":{"start":{"line":8,"column":4},"end":{"line":8,"column":38}},"6":{"start":{"line":9,"column":4},"end":{"line":9,"column":40}},"7":{"start":{"line":10,"column":4},"end":{"line":10,"column":32}},"8":{"start":{"line":11,"column":4},"end":{"line":11,"column":32}},"9":{"start":{"line":13,"column":0},"end":{"line":13,"column":29}}},"fnMap":{"0":{"name":"(anonymous_0)","decl":{"start":{"line":4,"column":1},"end":{"line":4,"column":2}},"loc":{"start":{"line":4,"column":23},"end":{"line":12,"column":1}},"line":4}},"branchMap":{"0":{"loc":{"start":{"line":12,"column":3},"end":{"line":12,"column":34}},"type":"binary-expr","locations":[{"start":{"line":12,"column":3},"end":{"line":12,"column":13}},{"start":{"line":12,"column":18},"end":{"line":12,"column":33}}],"line":12}},"s":{"0":3,"1":3,"2":3,"3":3,"4":3,"5":3,"6":3,"7":3,"8":3,"9":3},"f":{"0":3},"b":{"0":[3,3]},"_coverageSchema":"1a1c01bbd47fc00a2c39e90264f33305004495a9","hash":"ce59cc7a5318754ea02398501c6686ef1cd908b4"}
,"/Users/pierrecabriere/Dev/graphand/core/src/enums/model-env-scopes.ts": {"path":"/Users/pierrecabriere/Dev/graphand/core/src/enums/model-env-scopes.ts","statementMap":{"0":{"start":{"line":2,"column":0},"end":{"line":2,"column":62}},"1":{"start":{"line":4,"column":0},"end":{"line":8,"column":44}},"2":{"start":{"line":5,"column":4},"end":{"line":5,"column":40}},"3":{"start":{"line":6,"column":4},"end":{"line":6,"column":42}},"4":{"start":{"line":7,"column":4},"end":{"line":7,"column":34}},"5":{"start":{"line":9,"column":0},"end":{"line":9,"column":33}}},"fnMap":{"0":{"name":"(anonymous_0)","decl":{"start":{"line":4,"column":1},"end":{"line":4,"column":2}},"loc":{"start":{"line":4,"column":27},"end":{"line":8,"column":1}},"line":4}},"branchMap":{"0":{"loc":{"start":{"line":8,"column":3},"end":{"line":8,"column":42}},"type":"binary-expr","locations":[{"start":{"line":8,"column":3},"end":{"line":8,"column":17}},{"start":{"line":8,"column":22},"end":{"line":8,"column":41}}],"line":8}},"s":{"0":2,"1":2,"2":2,"3":2,"4":2,"5":2},"f":{"0":2},"b":{"0":[2,2]},"_coverageSchema":"1a1c01bbd47fc00a2c39e90264f33305004495a9","hash":"074c7b0d0d41b1539aee713e1d3586408da82d08"}
,"/Users/pierrecabriere/Dev/graphand/core/src/enums/rule-actions.ts": {"path":"/Users/pierrecabriere/Dev/graphand/core/src/enums/rule-actions.ts","statementMap":{"0":{"start":{"line":2,"column":0},"end":{"line":2,"column":62}},"1":{"start":{"line":4,"column":0},"end":{"line":14,"column":38}},"2":{"start":{"line":5,"column":4},"end":{"line":5,"column":37}},"3":{"start":{"line":6,"column":4},"end":{"line":6,"column":33}},"4":{"start":{"line":7,"column":4},"end":{"line":7,"column":37}},"5":{"start":{"line":8,"column":4},"end":{"line":8,"column":37}},"6":{"start":{"line":9,"column":4},"end":{"line":9,"column":35}},"7":{"start":{"line":10,"column":4},"end":{"line":10,"column":35}},"8":{"start":{"line":11,"column":4},"end":{"line":11,"column":41}},"9":{"start":{"line":12,"column":4},"end":{"line":12,"column":39}},"10":{"start":{"line":13,"column":4},"end":{"line":13,"column":31}},"11":{"start":{"line":15,"column":0},"end":{"line":15,"column":30}}},"fnMap":{"0":{"name":"(anonymous_0)","decl":{"start":{"line":4,"column":1},"end":{"line":4,"column":2}},"loc":{"start":{"line":4,"column":24},"end":{"line":14,"column":1}},"line":4}},"branchMap":{"0":{"loc":{"start":{"line":14,"column":3},"end":{"line":14,"column":36}},"type":"binary-expr","locations":[{"start":{"line":14,"column":3},"end":{"line":14,"column":14}},{"start":{"line":14,"column":19},"end":{"line":14,"column":35}}],"line":14}},"s":{"0":1,"1":1,"2":1,"3":1,"4":1,"5":1,"6":1,"7":1,"8":1,"9":1,"10":1,"11":1},"f":{"0":1},"b":{"0":[1,1]},"_coverageSchema":"1a1c01bbd47fc00a2c39e90264f33305004495a9","hash":"a733ded55b2269f29312b1e0cab2c5d0ff17f23f"}
,"/Users/pierrecabriere/Dev/graphand/core/src/enums/serializer-format.ts": {"path":"/Users/pierrecabriere/Dev/graphand/core/src/enums/serializer-format.ts","statementMap":{"0":{"start":{"line":2,"column":0},"end":{"line":2,"column":62}},"1":{"start":{"line":4,"column":0},"end":{"line":8,"column":48}},"2":{"start":{"line":5,"column":4},"end":{"line":5,"column":38}},"3":{"start":{"line":6,"column":4},"end":{"line":6,"column":42}},"4":{"start":{"line":7,"column":4},"end":{"line":7,"column":46}},"5":{"start":{"line":9,"column":0},"end":{"line":9,"column":35}}},"fnMap":{"0":{"name":"(anonymous_0)","decl":{"start":{"line":4,"column":1},"end":{"line":4,"column":2}},"loc":{"start":{"line":4,"column":29},"end":{"line":8,"column":1}},"line":4}},"branchMap":{"0":{"loc":{"start":{"line":8,"column":3},"end":{"line":8,"column":46}},"type":"binary-expr","locations":[{"start":{"line":8,"column":3},"end":{"line":8,"column":19}},{"start":{"line":8,"column":24},"end":{"line":8,"column":45}}],"line":8}},"s":{"0":3,"1":3,"2":3,"3":3,"4":3,"5":3},"f":{"0":3},"b":{"0":[3,3]},"_coverageSchema":"1a1c01bbd47fc00a2c39e90264f33305004495a9","hash":"cc4ce89d61b3361638a254c739ebaed3099baf99"}
,"/Users/pierrecabriere/Dev/graphand/core/src/lib/Adapter.ts": {"path":"/Users/pierrecabriere/Dev/graphand/core/src/lib/Adapter.ts","statementMap":{"0":{"start":{"line":2,"column":0},"end":{"line":2,"column":62}},"1":{"start":{"line":8,"column":8},"end":{"line":8,"column":27}},"2":{"start":{"line":11,"column":0},"end":{"line":11,"column":26}}},"fnMap":{"0":{"name":"(anonymous_0)","decl":{"start":{"line":7,"column":4},"end":{"line":7,"column":5}},"loc":{"start":{"line":7,"column":23},"end":{"line":9,"column":5}},"line":7}},"branchMap":{},"s":{"0":3,"1":13,"2":3},"f":{"0":13},"b":{},"_coverageSchema":"1a1c01bbd47fc00a2c39e90264f33305004495a9","hash":"01286127b9c3d39a16226b448f5bb20eb8c9509b"}
,"/Users/pierrecabriere/Dev/graphand/core/src/lib/Data.ts": {"path":"/Users/pierrecabriere/Dev/graphand/core/src/lib/Data.ts","statementMap":{"0":{"start":{"line":2,"column":17},"end":{"line":7,"column":1}},"1":{"start":{"line":3,"column":12},"end":{"line":3,"column":28}},"2":{"start":{"line":3,"column":34},"end":{"line":3,"column":125}},"3":{"start":{"line":4,"column":4},"end":{"line":5,"column":150}},"4":{"start":{"line":4,"column":79},"end":{"line":4,"column":131}},"5":{"start":{"line":5,"column":9},"end":{"line":5,"column":150}},"6":{"start":{"line":5,"column":22},"end":{"line":5,"column":43}},"7":{"start":{"line":5,"column":58},"end":{"line":5,"column":150}},"8":{"start":{"line":5,"column":81},"end":{"line":5,"column":150}},"9":{"start":{"line":6,"column":4},"end":{"line":6,"column":66}},"10":{"start":{"line":8,"column":22},"end":{"line":10,"column":1}},"11":{"start":{"line":9,"column":4},"end":{"line":9,"column":62}},"12":{"start":{"line":11,"column":0},"end":{"line":11,"column":62}},"13":{"start":{"line":12,"column":16},"end":{"line":12,"column":51}},"14":{"start":{"line":13,"column":25},"end":{"line":13,"column":52}},"15":{"start":{"line":14,"column":27},"end":{"line":14,"column":80}},"16":{"start":{"line":15,"column":11},"end":{"line":18,"column":1}},"17":{"start":{"line":16,"column":24},"end":{"line":16,"column":28}},"18":{"start":{"line":17,"column":19},"end":{"line":17,"column":49}},"19":{"start":{"line":19,"column":0},"end":{"line":21,"column":9}},"20":{"start":{"line":22,"column":0},"end":{"line":22,"column":23}}},"fnMap":{"0":{"name":"(anonymous_0)","decl":{"start":{"line":2,"column":46},"end":{"line":2,"column":47}},"loc":{"start":{"line":2,"column":87},"end":{"line":7,"column":1}},"line":2},"1":{"name":"(anonymous_1)","decl":{"start":{"line":8,"column":56},"end":{"line":8,"column":57}},"loc":{"start":{"line":8,"column":71},"end":{"line":10,"column":1}},"line":8}},"branchMap":{"0":{"loc":{"start":{"line":2,"column":17},"end":{"line":7,"column":1}},"type":"binary-expr","locations":[{"start":{"line":2,"column":18},"end":{"line":2,"column":22}},{"start":{"line":2,"column":26},"end":{"line":2,"column":41}},{"start":{"line":2,"column":46},"end":{"line":7,"column":1}}],"line":2},"1":{"loc":{"start":{"line":3,"column":34},"end":{"line":3,"column":125}},"type":"cond-expr","locations":[{"start":{"line":3,"column":42},"end":{"line":3,"column":48}},{"start":{"line":3,"column":51},"end":{"line":3,"column":125}}],"line":3},"2":{"loc":{"start":{"line":3,"column":51},"end":{"line":3,"column":125}},"type":"cond-expr","locations":[{"start":{"line":3,"column":67},"end":{"line":3,"column":118}},{"start":{"line":3,"column":121},"end":{"line":3,"column":125}}],"line":3},"3":{"loc":{"start":{"line":4,"column":4},"end":{"line":5,"column":150}},"type":"if","locations":[{"start":{"line":4,"column":4},"end":{"line":5,"column":150}},{"start":{"line":5,"column":9},"end":{"line":5,"column":150}}],"line":4},"4":{"loc":{"start":{"line":4,"column":8},"end":{"line":4,"column":77}},"type":"binary-expr","locations":[{"start":{"line":4,"column":8},"end":{"line":4,"column":35}},{"start":{"line":4,"column":39},"end":{"line":4,"column":77}}],"line":4},"5":{"loc":{"start":{"line":5,"column":58},"end":{"line":5,"column":150}},"type":"if","locations":[{"start":{"line":5,"column":58},"end":{"line":5,"column":150}},{"start":{},"end":{}}],"line":5},"6":{"loc":{"start":{"line":5,"column":85},"end":{"line":5,"column":149}},"type":"binary-expr","locations":[{"start":{"line":5,"column":86},"end":{"line":5,"column":143}},{"start":{"line":5,"column":148},"end":{"line":5,"column":149}}],"line":5},"7":{"loc":{"start":{"line":5,"column":86},"end":{"line":5,"column":143}},"type":"cond-expr","locations":[{"start":{"line":5,"column":94},"end":{"line":5,"column":98}},{"start":{"line":5,"column":101},"end":{"line":5,"column":143}}],"line":5},"8":{"loc":{"start":{"line":5,"column":101},"end":{"line":5,"column":143}},"type":"cond-expr","locations":[{"start":{"line":5,"column":109},"end":{"line":5,"column":126}},{"start":{"line":5,"column":129},"end":{"line":5,"column":143}}],"line":5},"9":{"loc":{"start":{"line":6,"column":11},"end":{"line":6,"column":62}},"type":"binary-expr","locations":[{"start":{"line":6,"column":11},"end":{"line":6,"column":16}},{"start":{"line":6,"column":20},"end":{"line":6,"column":21}},{"start":{"line":6,"column":25},"end":{"line":6,"column":62}}],"line":6},"10":{"loc":{"start":{"line":8,"column":22},"end":{"line":10,"column":1}},"type":"binary-expr","locations":[{"start":{"line":8,"column":23},"end":{"line":8,"column":27}},{"start":{"line":8,"column":31},"end":{"line":8,"column":51}},{"start":{"line":8,"column":56},"end":{"line":10,"column":1}}],"line":8},"11":{"loc":{"start":{"line":9,"column":11},"end":{"line":9,"column":61}},"type":"cond-expr","locations":[{"start":{"line":9,"column":37},"end":{"line":9,"column":40}},{"start":{"line":9,"column":43},"end":{"line":9,"column":61}}],"line":9},"12":{"loc":{"start":{"line":9,"column":12},"end":{"line":9,"column":33}},"type":"binary-expr","locations":[{"start":{"line":9,"column":12},"end":{"line":9,"column":15}},{"start":{"line":9,"column":19},"end":{"line":9,"column":33}}],"line":9}},"s":{"0":1,"1":1,"2":1,"3":1,"4":0,"5":1,"6":1,"7":1,"8":1,"9":1,"10":1,"11":2,"12":1,"13":1,"14":1,"15":1,"16":1,"17":1,"18":1,"19":1,"20":1},"f":{"0":1,"1":2},"b":{"0":[1,1,1],"1":[1,0],"2":[0,0],"3":[0,1],"4":[1,1],"5":[1,0],"6":[1,0],"7":[1,0],"8":[0,0],"9":[1,0,0],"10":[1,1,1],"11":[2,0],"12":[2,2]},"_coverageSchema":"1a1c01bbd47fc00a2c39e90264f33305004495a9","hash":"f583bee9e093916f151e5969ccb836db2ee67a92"}
,"/Users/pierrecabriere/Dev/graphand/core/src/lib/Field.ts": {"path":"/Users/pierrecabriere/Dev/graphand/core/src/lib/Field.ts","statementMap":{"0":{"start":{"line":2,"column":22},"end":{"line":4,"column":1}},"1":{"start":{"line":3,"column":4},"end":{"line":3,"column":62}},"2":{"start":{"line":5,"column":0},"end":{"line":5,"column":62}},"3":{"start":{"line":6,"column":28},"end":{"line":6,"column":75}},"4":{"start":{"line":11,"column":8},"end":{"line":11,"column":27}},"5":{"start":{"line":12,"column":8},"end":{"line":12,"column":33}},"6":{"start":{"line":15,"column":8},"end":{"line":15,"column":48}},"7":{"start":{"line":18,"column":8},"end":{"line":18,"column":27}},"8":{"start":{"line":21,"column":8},"end":{"line":21,"column":30}},"9":{"start":{"line":24,"column":8},"end":{"line":25,"column":54}},"10":{"start":{"line":28,"column":8},"end":{"line":30,"column":9}},"11":{"start":{"line":29,"column":12},"end":{"line":29,"column":41}},"12":{"start":{"line":31,"column":8},"end":{"line":33,"column":9}},"13":{"start":{"line":32,"column":12},"end":{"line":32,"column":25}},"14":{"start":{"line":34,"column":8},"end":{"line":34,"column":91}},"15":{"start":{"line":37,"column":0},"end":{"line":37,"column":24}}},"fnMap":{"0":{"name":"(anonymous_0)","decl":{"start":{"line":2,"column":56},"end":{"line":2,"column":57}},"loc":{"start":{"line":2,"column":71},"end":{"line":4,"column":1}},"line":2},"1":{"name":"(anonymous_1)","decl":{"start":{"line":10,"column":4},"end":{"line":10,"column":5}},"loc":{"start":{"line":10,"column":36},"end":{"line":13,"column":5}},"line":10},"2":{"name":"(anonymous_2)","decl":{"start":{"line":14,"column":4},"end":{"line":14,"column":5}},"loc":{"start":{"line":14,"column":31},"end":{"line":16,"column":5}},"line":14},"3":{"name":"(anonymous_3)","decl":{"start":{"line":17,"column":4},"end":{"line":17,"column":5}},"loc":{"start":{"line":17,"column":15},"end":{"line":19,"column":5}},"line":17},"4":{"name":"(anonymous_4)","decl":{"start":{"line":20,"column":4},"end":{"line":20,"column":5}},"loc":{"start":{"line":20,"column":18},"end":{"line":22,"column":5}},"line":20},"5":{"name":"(anonymous_5)","decl":{"start":{"line":23,"column":4},"end":{"line":23,"column":5}},"loc":{"start":{"line":23,"column":24},"end":{"line":26,"column":5}},"line":23},"6":{"name":"(anonymous_6)","decl":{"start":{"line":27,"column":4},"end":{"line":27,"column":5}},"loc":{"start":{"line":27,"column":35},"end":{"line":35,"column":5}},"line":27}},"branchMap":{"0":{"loc":{"start":{"line":2,"column":22},"end":{"line":4,"column":1}},"type":"binary-expr","locations":[{"start":{"line":2,"column":23},"end":{"line":2,"column":27}},{"start":{"line":2,"column":31},"end":{"line":2,"column":51}},{"start":{"line":2,"column":56},"end":{"line":4,"column":1}}],"line":2},"1":{"loc":{"start":{"line":3,"column":11},"end":{"line":3,"column":61}},"type":"cond-expr","locations":[{"start":{"line":3,"column":37},"end":{"line":3,"column":40}},{"start":{"line":3,"column":43},"end":{"line":3,"column":61}}],"line":3},"2":{"loc":{"start":{"line":3,"column":12},"end":{"line":3,"column":33}},"type":"binary-expr","locations":[{"start":{"line":3,"column":12},"end":{"line":3,"column":15}},{"start":{"line":3,"column":19},"end":{"line":3,"column":33}}],"line":3},"3":{"loc":{"start":{"line":10,"column":22},"end":{"line":10,"column":34}},"type":"default-arg","locations":[{"start":{"line":10,"column":32},"end":{"line":10,"column":34}}],"line":10},"4":{"loc":{"start":{"line":24,"column":16},"end":{"line":25,"column":52}},"type":"binary-expr","locations":[{"start":{"line":24,"column":16},"end":{"line":24,"column":63}},{"start":{"line":25,"column":12},"end":{"line":25,"column":52}}],"line":24},"5":{"loc":{"start":{"line":28,"column":8},"end":{"line":30,"column":9}},"type":"if","locations":[{"start":{"line":28,"column":8},"end":{"line":30,"column":9}},{"start":{},"end":{}}],"line":28},"6":{"loc":{"start":{"line":28,"column":12},"end":{"line":28,"column":60}},"type":"binary-expr","locations":[{"start":{"line":28,"column":12},"end":{"line":28,"column":31}},{"start":{"line":28,"column":35},"end":{"line":28,"column":60}}],"line":28},"7":{"loc":{"start":{"line":31,"column":8},"end":{"line":33,"column":9}},"type":"if","locations":[{"start":{"line":31,"column":8},"end":{"line":33,"column":9}},{"start":{},"end":{}}],"line":31},"8":{"loc":{"start":{"line":31,"column":12},"end":{"line":31,"column":49}},"type":"binary-expr","locations":[{"start":{"line":31,"column":12},"end":{"line":31,"column":31}},{"start":{"line":31,"column":35},"end":{"line":31,"column":49}}],"line":31},"9":{"loc":{"start":{"line":34,"column":16},"end":{"line":34,"column":89}},"type":"binary-expr","locations":[{"start":{"line":34,"column":16},"end":{"line":34,"column":80}},{"start":{"line":34,"column":84},"end":{"line":34,"column":89}}],"line":34}},"s":{"0":3,"1":3,"2":3,"3":3,"4":54,"5":54,"6":11,"7":0,"8":28,"9":24,"10":28,"11":5,"12":28,"13":4,"14":24,"15":3},"f":{"0":3,"1":54,"2":11,"3":0,"4":28,"5":24,"6":28},"b":{"0":[3,3,3],"1":[3,0],"2":[3,3],"3":[24],"4":[24,24],"5":[5,23],"6":[28,9],"7":[4,24],"8":[28,24],"9":[24,0]},"_coverageSchema":"1a1c01bbd47fc00a2c39e90264f33305004495a9","hash":"9c9dd681e049770e9e63f5142e24f974a41c490f"}
,"/Users/pierrecabriere/Dev/graphand/core/src/lib/Model.ts": {"path":"/Users/pierrecabriere/Dev/graphand/core/src/lib/Model.ts","statementMap":{"0":{"start":{"line":2,"column":17},"end":{"line":7,"column":1}},"1":{"start":{"line":3,"column":12},"end":{"line":3,"column":28}},"2":{"start":{"line":3,"column":34},"end":{"line":3,"column":125}},"3":{"start":{"line":4,"column":4},"end":{"line":5,"column":150}},"4":{"start":{"line":4,"column":79},"end":{"line":4,"column":131}},"5":{"start":{"line":5,"column":9},"end":{"line":5,"column":150}},"6":{"start":{"line":5,"column":22},"end":{"line":5,"column":43}},"7":{"start":{"line":5,"column":58},"end":{"line":5,"column":150}},"8":{"start":{"line":5,"column":81},"end":{"line":5,"column":150}},"9":{"start":{"line":6,"column":4},"end":{"line":6,"column":66}},"10":{"start":{"line":8,"column":17},"end":{"line":10,"column":1}},"11":{"start":{"line":9,"column":4},"end":{"line":9,"column":109}},"12":{"start":{"line":9,"column":79},"end":{"line":9,"column":109}},"13":{"start":{"line":11,"column":22},"end":{"line":13,"column":1}},"14":{"start":{"line":12,"column":4},"end":{"line":12,"column":62}},"15":{"start":{"line":14,"column":0},"end":{"line":14,"column":62}},"16":{"start":{"line":15,"column":16},"end":{"line":15,"column":51}},"17":{"start":{"line":16,"column":23},"end":{"line":16,"column":65}},"18":{"start":{"line":17,"column":27},"end":{"line":17,"column":73}},"19":{"start":{"line":18,"column":25},"end":{"line":18,"column":52}},"20":{"start":{"line":19,"column":22},"end":{"line":19,"column":70}},"21":{"start":{"line":20,"column":28},"end":{"line":20,"column":82}},"22":{"start":{"line":21,"column":18},"end":{"line":21,"column":55}},"23":{"start":{"line":23,"column":24},"end":{"line":23,"column":29}},"24":{"start":{"line":38,"column":8},"end":{"line":40,"column":9}},"25":{"start":{"line":39,"column":12},"end":{"line":39,"column":25}},"26":{"start":{"line":41,"column":8},"end":{"line":41,"column":25}},"27":{"start":{"line":42,"column":8},"end":{"line":42,"column":68}},"28":{"start":{"line":45,"column":8},"end":{"line":45,"column":32}},"29":{"start":{"line":48,"column":26},"end":{"line":48,"column":64}},"30":{"start":{"line":49,"column":8},"end":{"line":49,"column":41}},"31":{"start":{"line":53,"column":33},"end":{"line":54,"column":9}},"32":{"start":{"line":55,"column":8},"end":{"line":55,"column":80}},"33":{"start":{"line":56,"column":8},"end":{"line":56,"column":72}},"34":{"start":{"line":57,"column":8},"end":{"line":57,"column":63}},"35":{"start":{"line":57,"column":37},"end":{"line":57,"column":61}},"36":{"start":{"line":58,"column":8},"end":{"line":58,"column":32}},"37":{"start":{"line":61,"column":22},"end":{"line":61,"column":26}},"38":{"start":{"line":62,"column":8},"end":{"line":78,"column":11}},"39":{"start":{"line":63,"column":12},"end":{"line":76,"column":13}},"40":{"start":{"line":64,"column":16},"end":{"line":75,"column":17}},"41":{"start":{"line":65,"column":20},"end":{"line":67,"column":21}},"42":{"start":{"line":66,"column":24},"end":{"line":66,"column":51}},"43":{"start":{"line":68,"column":35},"end":{"line":68,"column":67}},"44":{"start":{"line":69,"column":20},"end":{"line":71,"column":23}},"45":{"start":{"line":70,"column":24},"end":{"line":70,"column":86}},"46":{"start":{"line":74,"column":20},"end":{"line":74,"column":30}},"47":{"start":{"line":77,"column":12},"end":{"line":77,"column":22}},"48":{"start":{"line":79,"column":8},"end":{"line":79,"column":33}},"49":{"start":{"line":82,"column":21},"end":{"line":82,"column":30}},"50":{"start":{"line":83,"column":20},"end":{"line":83,"column":24}},"51":{"start":{"line":84,"column":8},"end":{"line":92,"column":24}},"52":{"start":{"line":85,"column":12},"end":{"line":89,"column":13}},"53":{"start":{"line":86,"column":16},"end":{"line":88,"column":19}},"54":{"start":{"line":87,"column":20},"end":{"line":87,"column":61}},"55":{"start":{"line":91,"column":12},"end":{"line":91,"column":36}},"56":{"start":{"line":93,"column":8},"end":{"line":93,"column":22}},"57":{"start":{"line":96,"column":21},"end":{"line":96,"column":23}},"58":{"start":{"line":97,"column":20},"end":{"line":97,"column":24}},"59":{"start":{"line":98,"column":8},"end":{"line":107,"column":24}},"60":{"start":{"line":99,"column":12},"end":{"line":104,"column":13}},"61":{"start":{"line":100,"column":36},"end":{"line":100,"column":132}},"62":{"start":{"line":100,"column":85},"end":{"line":100,"column":131}},"63":{"start":{"line":101,"column":16},"end":{"line":103,"column":17}},"64":{"start":{"line":102,"column":20},"end":{"line":102,"column":56}},"65":{"start":{"line":106,"column":12},"end":{"line":106,"column":36}},"66":{"start":{"line":108,"column":8},"end":{"line":108,"column":22}},"67":{"start":{"line":111,"column":23},"end":{"line":111,"column":54}},"68":{"start":{"line":112,"column":27},"end":{"line":124,"column":14}},"69":{"start":{"line":113,"column":12},"end":{"line":122,"column":14}},"70":{"start":{"line":117,"column":20},"end":{"line":117,"column":42}},"71":{"start":{"line":120,"column":20},"end":{"line":120,"column":45}},"72":{"start":{"line":123,"column":12},"end":{"line":123,"column":21}},"73":{"start":{"line":125,"column":8},"end":{"line":125,"column":50}},"74":{"start":{"line":128,"column":8},"end":{"line":128,"column":25}},"75":{"start":{"line":131,"column":8},"end":{"line":133,"column":9}},"76":{"start":{"line":132,"column":12},"end":{"line":132,"column":47}},"77":{"start":{"line":136,"column":23},"end":{"line":136,"column":49}},"78":{"start":{"line":137,"column":22},"end":{"line":137,"column":72}},"79":{"start":{"line":137,"column":56},"end":{"line":137,"column":71}},"80":{"start":{"line":138,"column":8},"end":{"line":140,"column":9}},"81":{"start":{"line":139,"column":12},"end":{"line":139,"column":24}},"82":{"start":{"line":141,"column":8},"end":{"line":143,"column":9}},"83":{"start":{"line":142,"column":12},"end":{"line":142,"column":25}},"84":{"start":{"line":144,"column":24},"end":{"line":144,"column":50}},"85":{"start":{"line":145,"column":8},"end":{"line":145,"column":42}},"86":{"start":{"line":153,"column":22},"end":{"line":153,"column":63}},"87":{"start":{"line":154,"column":8},"end":{"line":156,"column":9}},"88":{"start":{"line":155,"column":12},"end":{"line":155,"column":29}},"89":{"start":{"line":157,"column":8},"end":{"line":157,"column":63}},"90":{"start":{"line":166,"column":22},"end":{"line":166,"column":71}},"91":{"start":{"line":167,"column":8},"end":{"line":169,"column":9}},"92":{"start":{"line":168,"column":12},"end":{"line":168,"column":19}},"93":{"start":{"line":170,"column":8},"end":{"line":170,"column":83}},"94":{"start":{"line":171,"column":8},"end":{"line":177,"column":33}},"95":{"start":{"line":178,"column":8},"end":{"line":178,"column":33}},"96":{"start":{"line":179,"column":8},"end":{"line":179,"column":20}},"97":{"start":{"line":182,"column":18},"end":{"line":182,"column":22}},"98":{"start":{"line":183,"column":8},"end":{"line":183,"column":91}},"99":{"start":{"line":183,"column":56},"end":{"line":183,"column":66}},"100":{"start":{"line":186,"column":23},"end":{"line":186,"column":54}},"101":{"start":{"line":187,"column":18},"end":{"line":187,"column":20}},"102":{"start":{"line":188,"column":8},"end":{"line":190,"column":9}},"103":{"start":{"line":189,"column":12},"end":{"line":189,"column":55}},"104":{"start":{"line":191,"column":8},"end":{"line":191,"column":19}},"105":{"start":{"line":194,"column":8},"end":{"line":194,"column":57}},"106":{"start":{"line":197,"column":8},"end":{"line":197,"column":59}},"107":{"start":{"line":200,"column":8},"end":{"line":200,"column":42}},"108":{"start":{"line":203,"column":22},"end":{"line":203,"column":26}},"109":{"start":{"line":204,"column":18},"end":{"line":204,"column":29}},"110":{"start":{"line":205,"column":23},"end":{"line":205,"column":51}},"111":{"start":{"line":206,"column":23},"end":{"line":206,"column":38}},"112":{"start":{"line":207,"column":8},"end":{"line":209,"column":11}},"113":{"start":{"line":208,"column":12},"end":{"line":208,"column":36}},"114":{"start":{"line":210,"column":8},"end":{"line":210,"column":17}},"115":{"start":{"line":213,"column":8},"end":{"line":213,"column":29}},"116":{"start":{"line":214,"column":8},"end":{"line":214,"column":32}},"117":{"start":{"line":215,"column":8},"end":{"line":215,"column":44}},"118":{"start":{"line":218,"column":22},"end":{"line":218,"column":26}},"119":{"start":{"line":219,"column":8},"end":{"line":219,"column":30}},"120":{"start":{"line":220,"column":8},"end":{"line":231,"column":24}},"121":{"start":{"line":222,"column":16},"end":{"line":229,"column":17}},"122":{"start":{"line":223,"column":20},"end":{"line":223,"column":45}},"123":{"start":{"line":224,"column":30},"end":{"line":224,"column":62}},"124":{"start":{"line":225,"column":20},"end":{"line":225,"column":31}},"125":{"start":{"line":228,"column":20},"end":{"line":228,"column":30}},"126":{"start":{"line":234,"column":22},"end":{"line":234,"column":26}},"127":{"start":{"line":235,"column":8},"end":{"line":235,"column":30}},"128":{"start":{"line":236,"column":8},"end":{"line":247,"column":24}},"129":{"start":{"line":238,"column":16},"end":{"line":245,"column":17}},"130":{"start":{"line":239,"column":20},"end":{"line":239,"column":45}},"131":{"start":{"line":240,"column":33},"end":{"line":240,"column":69}},"132":{"start":{"line":241,"column":20},"end":{"line":241,"column":34}},"133":{"start":{"line":244,"column":20},"end":{"line":244,"column":30}},"134":{"start":{"line":250,"column":8},"end":{"line":250,"column":29}},"135":{"start":{"line":251,"column":8},"end":{"line":251,"column":32}},"136":{"start":{"line":252,"column":8},"end":{"line":252,"column":56}},"137":{"start":{"line":255,"column":8},"end":{"line":255,"column":29}},"138":{"start":{"line":256,"column":8},"end":{"line":256,"column":32}},"139":{"start":{"line":257,"column":8},"end":{"line":257,"column":61}},"140":{"start":{"line":260,"column":8},"end":{"line":260,"column":35}},"141":{"start":{"line":261,"column":20},"end":{"line":261,"column":75}},"142":{"start":{"line":262,"column":8},"end":{"line":262,"column":31}},"143":{"start":{"line":263,"column":8},"end":{"line":263,"column":20}},"144":{"start":{"line":266,"column":8},"end":{"line":266,"column":29}},"145":{"start":{"line":267,"column":8},"end":{"line":267,"column":32}},"146":{"start":{"line":268,"column":8},"end":{"line":271,"column":9}},"147":{"start":{"line":269,"column":28},"end":{"line":269,"column":74}},"148":{"start":{"line":270,"column":12},"end":{"line":270,"column":29}},"149":{"start":{"line":272,"column":8},"end":{"line":272,"column":67}},"150":{"start":{"line":275,"column":8},"end":{"line":275,"column":35}},"151":{"start":{"line":276,"column":8},"end":{"line":276,"column":56}},"152":{"start":{"line":277,"column":8},"end":{"line":277,"column":20}},"153":{"start":{"line":280,"column":8},"end":{"line":280,"column":29}},"154":{"start":{"line":281,"column":8},"end":{"line":281,"column":32}},"155":{"start":{"line":282,"column":8},"end":{"line":288,"column":9}},"156":{"start":{"line":283,"column":28},"end":{"line":283,"column":66}},"157":{"start":{"line":284,"column":12},"end":{"line":286,"column":13}},"158":{"start":{"line":285,"column":16},"end":{"line":285,"column":31}},"159":{"start":{"line":287,"column":12},"end":{"line":287,"column":22}},"160":{"start":{"line":289,"column":8},"end":{"line":289,"column":59}},"161":{"start":{"line":292,"column":8},"end":{"line":294,"column":9}},"162":{"start":{"line":293,"column":12},"end":{"line":293,"column":37}},"163":{"start":{"line":295,"column":21},"end":{"line":295,"column":42}},"164":{"start":{"line":296,"column":8},"end":{"line":305,"column":9}},"165":{"start":{"line":297,"column":23},"end":{"line":297,"column":30}},"166":{"start":{"line":298,"column":12},"end":{"line":304,"column":14}},"167":{"start":{"line":299,"column":28},"end":{"line":299,"column":46}},"168":{"start":{"line":300,"column":16},"end":{"line":302,"column":17}},"169":{"start":{"line":301,"column":20},"end":{"line":301,"column":46}},"170":{"start":{"line":303,"column":16},"end":{"line":303,"column":27}},"171":{"start":{"line":306,"column":8},"end":{"line":306,"column":31}},"172":{"start":{"line":309,"column":19},"end":{"line":309,"column":49}},"173":{"start":{"line":310,"column":28},"end":{"line":310,"column":68}},"174":{"start":{"line":311,"column":34},"end":{"line":311,"column":42}},"175":{"start":{"line":312,"column":26},"end":{"line":312,"column":28}},"176":{"start":{"line":313,"column":8},"end":{"line":321,"column":30}},"177":{"start":{"line":314,"column":12},"end":{"line":314,"column":20}},"178":{"start":{"line":315,"column":12},"end":{"line":320,"column":13}},"179":{"start":{"line":316,"column":16},"end":{"line":316,"column":60}},"180":{"start":{"line":319,"column":16},"end":{"line":319,"column":36}},"181":{"start":{"line":322,"column":8},"end":{"line":324,"column":9}},"182":{"start":{"line":323,"column":12},"end":{"line":323,"column":28}},"183":{"start":{"line":325,"column":33},"end":{"line":325,"column":50}},"184":{"start":{"line":326,"column":8},"end":{"line":332,"column":9}},"185":{"start":{"line":327,"column":12},"end":{"line":327,"column":77}},"186":{"start":{"line":330,"column":12},"end":{"line":330,"column":31}},"187":{"start":{"line":331,"column":12},"end":{"line":331,"column":41}},"188":{"start":{"line":333,"column":27},"end":{"line":333,"column":66}},"189":{"start":{"line":334,"column":8},"end":{"line":343,"column":30}},"190":{"start":{"line":335,"column":12},"end":{"line":335,"column":20}},"191":{"start":{"line":336,"column":12},"end":{"line":342,"column":13}},"192":{"start":{"line":337,"column":16},"end":{"line":337,"column":59}},"193":{"start":{"line":340,"column":16},"end":{"line":340,"column":44}},"194":{"start":{"line":341,"column":16},"end":{"line":341,"column":47}},"195":{"start":{"line":344,"column":8},"end":{"line":346,"column":9}},"196":{"start":{"line":345,"column":12},"end":{"line":345,"column":39}},"197":{"start":{"line":347,"column":8},"end":{"line":347,"column":36}},"198":{"start":{"line":350,"column":0},"end":{"line":353,"column":35}},"199":{"start":{"line":354,"column":0},"end":{"line":357,"column":41}},"200":{"start":{"line":358,"column":0},"end":{"line":361,"column":41}},"201":{"start":{"line":362,"column":0},"end":{"line":365,"column":41}},"202":{"start":{"line":366,"column":0},"end":{"line":369,"column":41}},"203":{"start":{"line":370,"column":0},"end":{"line":370,"column":24}}},"fnMap":{"0":{"name":"(anonymous_0)","decl":{"start":{"line":2,"column":46},"end":{"line":2,"column":47}},"loc":{"start":{"line":2,"column":87},"end":{"line":7,"column":1}},"line":2},"1":{"name":"(anonymous_1)","decl":{"start":{"line":8,"column":46},"end":{"line":8,"column":47}},"loc":{"start":{"line":8,"column":62},"end":{"line":10,"column":1}},"line":8},"2":{"name":"(anonymous_2)","decl":{"start":{"line":11,"column":56},"end":{"line":11,"column":57}},"loc":{"start":{"line":11,"column":71},"end":{"line":13,"column":1}},"line":11},"3":{"name":"(anonymous_3)","decl":{"start":{"line":37,"column":4},"end":{"line":37,"column":5}},"loc":{"start":{"line":37,"column":26},"end":{"line":43,"column":5}},"line":37},"4":{"name":"(anonymous_4)","decl":{"start":{"line":44,"column":4},"end":{"line":44,"column":5}},"loc":{"start":{"line":44,"column":16},"end":{"line":46,"column":5}},"line":44},"5":{"name":"(anonymous_5)","decl":{"start":{"line":47,"column":4},"end":{"line":47,"column":5}},"loc":{"start":{"line":47,"column":12},"end":{"line":50,"column":5}},"line":47},"6":{"name":"(anonymous_6)","decl":{"start":{"line":51,"column":4},"end":{"line":51,"column":5}},"loc":{"start":{"line":51,"column":46},"end":{"line":59,"column":5}},"line":51},"7":{"name":"(anonymous_7)","decl":{"start":{"line":57,"column":25},"end":{"line":57,"column":26}},"loc":{"start":{"line":57,"column":37},"end":{"line":57,"column":61}},"line":57},"8":{"name":"(anonymous_8)","decl":{"start":{"line":60,"column":4},"end":{"line":60,"column":5}},"loc":{"start":{"line":60,"column":30},"end":{"line":80,"column":5}},"line":60},"9":{"name":"(anonymous_9)","decl":{"start":{"line":62,"column":43},"end":{"line":62,"column":44}},"loc":{"start":{"line":62,"column":70},"end":{"line":78,"column":9}},"line":62},"10":{"name":"(anonymous_10)","decl":{"start":{"line":69,"column":35},"end":{"line":69,"column":36}},"loc":{"start":{"line":69,"column":42},"end":{"line":71,"column":21}},"line":69},"11":{"name":"(anonymous_11)","decl":{"start":{"line":81,"column":4},"end":{"line":81,"column":5}},"loc":{"start":{"line":81,"column":32},"end":{"line":94,"column":5}},"line":81},"12":{"name":"(anonymous_12)","decl":{"start":{"line":86,"column":58},"end":{"line":86,"column":59}},"loc":{"start":{"line":86,"column":67},"end":{"line":88,"column":17}},"line":86},"13":{"name":"(anonymous_13)","decl":{"start":{"line":95,"column":4},"end":{"line":95,"column":5}},"loc":{"start":{"line":95,"column":44},"end":{"line":109,"column":5}},"line":95},"14":{"name":"(anonymous_14)","decl":{"start":{"line":100,"column":75},"end":{"line":100,"column":76}},"loc":{"start":{"line":100,"column":85},"end":{"line":100,"column":131}},"line":100},"15":{"name":"(anonymous_15)","decl":{"start":{"line":110,"column":4},"end":{"line":110,"column":5}},"loc":{"start":{"line":110,"column":29},"end":{"line":126,"column":5}},"line":110},"16":{"name":"(anonymous_16)","decl":{"start":{"line":112,"column":60},"end":{"line":112,"column":61}},"loc":{"start":{"line":112,"column":73},"end":{"line":124,"column":9}},"line":112},"17":{"name":"(anonymous_17)","decl":{"start":{"line":116,"column":21},"end":{"line":116,"column":22}},"loc":{"start":{"line":116,"column":33},"end":{"line":118,"column":17}},"line":116},"18":{"name":"(anonymous_18)","decl":{"start":{"line":119,"column":16},"end":{"line":119,"column":17}},"loc":{"start":{"line":119,"column":23},"end":{"line":121,"column":17}},"line":119},"19":{"name":"(anonymous_19)","decl":{"start":{"line":127,"column":4},"end":{"line":127,"column":5}},"loc":{"start":{"line":127,"column":16},"end":{"line":129,"column":5}},"line":127},"20":{"name":"(anonymous_20)","decl":{"start":{"line":130,"column":4},"end":{"line":130,"column":5}},"loc":{"start":{"line":130,"column":27},"end":{"line":134,"column":5}},"line":130},"21":{"name":"(anonymous_21)","decl":{"start":{"line":135,"column":4},"end":{"line":135,"column":5}},"loc":{"start":{"line":135,"column":29},"end":{"line":146,"column":5}},"line":135},"22":{"name":"(anonymous_22)","decl":{"start":{"line":137,"column":49},"end":{"line":137,"column":50}},"loc":{"start":{"line":137,"column":56},"end":{"line":137,"column":71}},"line":137},"23":{"name":"(anonymous_23)","decl":{"start":{"line":152,"column":4},"end":{"line":152,"column":5}},"loc":{"start":{"line":152,"column":59},"end":{"line":158,"column":5}},"line":152},"24":{"name":"(anonymous_24)","decl":{"start":{"line":165,"column":4},"end":{"line":165,"column":5}},"loc":{"start":{"line":165,"column":29},"end":{"line":180,"column":5}},"line":165},"25":{"name":"(anonymous_25)","decl":{"start":{"line":181,"column":4},"end":{"line":181,"column":5}},"loc":{"start":{"line":181,"column":16},"end":{"line":184,"column":5}},"line":181},"26":{"name":"(anonymous_26)","decl":{"start":{"line":183,"column":43},"end":{"line":183,"column":44}},"loc":{"start":{"line":183,"column":56},"end":{"line":183,"column":66}},"line":183},"27":{"name":"(anonymous_27)","decl":{"start":{"line":185,"column":4},"end":{"line":185,"column":5}},"loc":{"start":{"line":185,"column":15},"end":{"line":192,"column":5}},"line":185},"28":{"name":"(anonymous_28)","decl":{"start":{"line":193,"column":4},"end":{"line":193,"column":5}},"loc":{"start":{"line":193,"column":13},"end":{"line":195,"column":5}},"line":193},"29":{"name":"(anonymous_29)","decl":{"start":{"line":196,"column":4},"end":{"line":196,"column":5}},"loc":{"start":{"line":196,"column":15},"end":{"line":198,"column":5}},"line":196},"30":{"name":"(anonymous_30)","decl":{"start":{"line":199,"column":4},"end":{"line":199,"column":5}},"loc":{"start":{"line":199,"column":15},"end":{"line":201,"column":5}},"line":199},"31":{"name":"(anonymous_31)","decl":{"start":{"line":202,"column":4},"end":{"line":202,"column":5}},"loc":{"start":{"line":202,"column":27},"end":{"line":211,"column":5}},"line":202},"32":{"name":"(anonymous_32)","decl":{"start":{"line":207,"column":42},"end":{"line":207,"column":43}},"loc":{"start":{"line":207,"column":51},"end":{"line":209,"column":9}},"line":207},"33":{"name":"(anonymous_33)","decl":{"start":{"line":212,"column":4},"end":{"line":212,"column":5}},"loc":{"start":{"line":212,"column":35},"end":{"line":216,"column":5}},"line":212},"34":{"name":"(anonymous_34)","decl":{"start":{"line":217,"column":4},"end":{"line":217,"column":5}},"loc":{"start":{"line":217,"column":27},"end":{"line":232,"column":5}},"line":217},"35":{"name":"(anonymous_35)","decl":{"start":{"line":221,"column":12},"end":{"line":221,"column":13}},"loc":{"start":{"line":221,"column":39},"end":{"line":230,"column":13}},"line":221},"36":{"name":"(anonymous_36)","decl":{"start":{"line":233,"column":4},"end":{"line":233,"column":5}},"loc":{"start":{"line":233,"column":31},"end":{"line":248,"column":5}},"line":233},"37":{"name":"(anonymous_37)","decl":{"start":{"line":237,"column":12},"end":{"line":237,"column":13}},"loc":{"start":{"line":237,"column":39},"end":{"line":246,"column":13}},"line":237},"38":{"name":"(anonymous_38)","decl":{"start":{"line":249,"column":4},"end":{"line":249,"column":5}},"loc":{"start":{"line":249,"column":33},"end":{"line":253,"column":5}},"line":249},"39":{"name":"(anonymous_39)","decl":{"start":{"line":254,"column":4},"end":{"line":254,"column":5}},"loc":{"start":{"line":254,"column":41},"end":{"line":258,"column":5}},"line":254},"40":{"name":"(anonymous_40)","decl":{"start":{"line":259,"column":4},"end":{"line":259,"column":5}},"loc":{"start":{"line":259,"column":25},"end":{"line":264,"column":5}},"line":259},"41":{"name":"(anonymous_41)","decl":{"start":{"line":265,"column":4},"end":{"line":265,"column":5}},"loc":{"start":{"line":265,"column":44},"end":{"line":273,"column":5}},"line":265},"42":{"name":"(anonymous_42)","decl":{"start":{"line":274,"column":4},"end":{"line":274,"column":5}},"loc":{"start":{"line":274,"column":19},"end":{"line":278,"column":5}},"line":274},"43":{"name":"(anonymous_43)","decl":{"start":{"line":279,"column":4},"end":{"line":279,"column":5}},"loc":{"start":{"line":279,"column":36},"end":{"line":290,"column":5}},"line":279},"44":{"name":"(anonymous_44)","decl":{"start":{"line":291,"column":4},"end":{"line":291,"column":5}},"loc":{"start":{"line":291,"column":45},"end":{"line":307,"column":5}},"line":291},"45":{"name":"(anonymous_45)","decl":{"start":{"line":298,"column":22},"end":{"line":298,"column":23}},"loc":{"start":{"line":298,"column":35},"end":{"line":304,"column":13}},"line":298},"46":{"name":"(anonymous_46)","decl":{"start":{"line":308,"column":4},"end":{"line":308,"column":5}},"loc":{"start":{"line":308,"column":42},"end":{"line":348,"column":5}},"line":308},"47":{"name":"(anonymous_47)","decl":{"start":{"line":313,"column":38},"end":{"line":313,"column":39}},"loc":{"start":{"line":313,"column":57},"end":{"line":321,"column":9}},"line":313},"48":{"name":"(anonymous_48)","decl":{"start":{"line":334,"column":37},"end":{"line":334,"column":38}},"loc":{"start":{"line":334,"column":56},"end":{"line":343,"column":9}},"line":334}},"branchMap":{"0":{"loc":{"start":{"line":2,"column":17},"end":{"line":7,"column":1}},"type":"binary-expr","locations":[{"start":{"line":2,"column":18},"end":{"line":2,"column":22}},{"start":{"line":2,"column":26},"end":{"line":2,"column":41}},{"start":{"line":2,"column":46},"end":{"line":7,"column":1}}],"line":2},"1":{"loc":{"start":{"line":3,"column":34},"end":{"line":3,"column":125}},"type":"cond-expr","locations":[{"start":{"line":3,"column":42},"end":{"line":3,"column":48}},{"start":{"line":3,"column":51},"end":{"line":3,"column":125}}],"line":3},"2":{"loc":{"start":{"line":3,"column":51},"end":{"line":3,"column":125}},"type":"cond-expr","locations":[{"start":{"line":3,"column":67},"end":{"line":3,"column":118}},{"start":{"line":3,"column":121},"end":{"line":3,"column":125}}],"line":3},"3":{"loc":{"start":{"line":4,"column":4},"end":{"line":5,"column":150}},"type":"if","locations":[{"start":{"line":4,"column":4},"end":{"line":5,"column":150}},{"start":{"line":5,"column":9},"end":{"line":5,"column":150}}],"line":4},"4":{"loc":{"start":{"line":4,"column":8},"end":{"line":4,"column":77}},"type":"binary-expr","locations":[{"start":{"line":4,"column":8},"end":{"line":4,"column":35}},{"start":{"line":4,"column":39},"end":{"line":4,"column":77}}],"line":4},"5":{"loc":{"start":{"line":5,"column":58},"end":{"line":5,"column":150}},"type":"if","locations":[{"start":{"line":5,"column":58},"end":{"line":5,"column":150}},{"start":{},"end":{}}],"line":5},"6":{"loc":{"start":{"line":5,"column":85},"end":{"line":5,"column":149}},"type":"binary-expr","locations":[{"start":{"line":5,"column":86},"end":{"line":5,"column":143}},{"start":{"line":5,"column":148},"end":{"line":5,"column":149}}],"line":5},"7":{"loc":{"start":{"line":5,"column":86},"end":{"line":5,"column":143}},"type":"cond-expr","locations":[{"start":{"line":5,"column":94},"end":{"line":5,"column":98}},{"start":{"line":5,"column":101},"end":{"line":5,"column":143}}],"line":5},"8":{"loc":{"start":{"line":5,"column":101},"end":{"line":5,"column":143}},"type":"cond-expr","locations":[{"start":{"line":5,"column":109},"end":{"line":5,"column":126}},{"start":{"line":5,"column":129},"end":{"line":5,"column":143}}],"line":5},"9":{"loc":{"start":{"line":6,"column":11},"end":{"line":6,"column":62}},"type":"binary-expr","locations":[{"start":{"line":6,"column":11},"end":{"line":6,"column":16}},{"start":{"line":6,"column":20},"end":{"line":6,"column":21}},{"start":{"line":6,"column":25},"end":{"line":6,"column":62}}],"line":6},"10":{"loc":{"start":{"line":8,"column":17},"end":{"line":10,"column":1}},"type":"binary-expr","locations":[{"start":{"line":8,"column":18},"end":{"line":8,"column":22}},{"start":{"line":8,"column":26},"end":{"line":8,"column":41}},{"start":{"line":8,"column":46},"end":{"line":10,"column":1}}],"line":8},"11":{"loc":{"start":{"line":9,"column":4},"end":{"line":9,"column":109}},"type":"if","locations":[{"start":{"line":9,"column":4},"end":{"line":9,"column":109}},{"start":{},"end":{}}],"line":9},"12":{"loc":{"start":{"line":9,"column":8},"end":{"line":9,"column":77}},"type":"binary-expr","locations":[{"start":{"line":9,"column":8},"end":{"line":9,"column":35}},{"start":{"line":9,"column":39},"end":{"line":9,"column":77}}],"line":9},"13":{"loc":{"start":{"line":11,"column":22},"end":{"line":13,"column":1}},"type":"binary-expr","locations":[{"start":{"line":11,"column":23},"end":{"line":11,"column":27}},{"start":{"line":11,"column":31},"end":{"line":11,"column":51}},{"start":{"line":11,"column":56},"end":{"line":13,"column":1}}],"line":11},"14":{"loc":{"start":{"line":12,"column":11},"end":{"line":12,"column":61}},"type":"cond-expr","locations":[{"start":{"line":12,"column":37},"end":{"line":12,"column":40}},{"start":{"line":12,"column":43},"end":{"line":12,"column":61}}],"line":12},"15":{"loc":{"start":{"line":12,"column":12},"end":{"line":12,"column":33}},"type":"binary-expr","locations":[{"start":{"line":12,"column":12},"end":{"line":12,"column":15}},{"start":{"line":12,"column":19},"end":{"line":12,"column":33}}],"line":12},"16":{"loc":{"start":{"line":37,"column":16},"end":{"line":37,"column":24}},"type":"default-arg","locations":[{"start":{"line":37,"column":22},"end":{"line":37,"column":24}}],"line":37},"17":{"loc":{"start":{"line":38,"column":8},"end":{"line":40,"column":9}},"type":"if","locations":[{"start":{"line":38,"column":8},"end":{"line":40,"column":9}},{"start":{},"end":{}}],"line":38},"18":{"loc":{"start":{"line":63,"column":12},"end":{"line":76,"column":13}},"type":"if","locations":[{"start":{"line":63,"column":12},"end":{"line":76,"column":13}},{"start":{},"end":{}}],"line":63},"19":{"loc":{"start":{"line":65,"column":20},"end":{"line":67,"column":21}},"type":"if","locations":[{"start":{"line":65,"column":20},"end":{"line":67,"column":21}},{"start":{},"end":{}}],"line":65},"20":{"loc":{"start":{"line":65,"column":24},"end":{"line":65,"column":76}},"type":"binary-expr","locations":[{"start":{"line":65,"column":24},"end":{"line":65,"column":57}},{"start":{"line":65,"column":61},"end":{"line":65,"column":76}}],"line":65},"21":{"loc":{"start":{"line":85,"column":12},"end":{"line":89,"column":13}},"type":"if","locations":[{"start":{"line":85,"column":12},"end":{"line":89,"column":13}},{"start":{},"end":{}}],"line":85},"22":{"loc":{"start":{"line":99,"column":12},"end":{"line":104,"column":13}},"type":"if","locations":[{"start":{"line":99,"column":12},"end":{"line":104,"column":13}},{"start":{},"end":{}}],"line":99},"23":{"loc":{"start":{"line":100,"column":47},"end":{"line":100,"column":66}},"type":"binary-expr","locations":[{"start":{"line":100,"column":47},"end":{"line":100,"column":60}},{"start":{"line":100,"column":64},"end":{"line":100,"column":66}}],"line":100},"24":{"loc":{"start":{"line":100,"column":85},"end":{"line":100,"column":131}},"type":"binary-expr","locations":[{"start":{"line":100,"column":85},"end":{"line":100,"column":107}},{"start":{"line":100,"column":111},"end":{"line":100,"column":131}}],"line":100},"25":{"loc":{"start":{"line":101,"column":16},"end":{"line":103,"column":17}},"type":"if","locations":[{"start":{"line":101,"column":16},"end":{"line":103,"column":17}},{"start":{},"end":{}}],"line":101},"26":{"loc":{"start":{"line":131,"column":8},"end":{"line":133,"column":9}},"type":"if","locations":[{"start":{"line":131,"column":8},"end":{"line":133,"column":9}},{"start":{},"end":{}}],"line":131},"27":{"loc":{"start":{"line":131,"column":12},"end":{"line":131,"column":77}},"type":"binary-expr","locations":[{"start":{"line":131,"column":12},"end":{"line":131,"column":27}},{"start":{"line":131,"column":31},"end":{"line":131,"column":77}}],"line":131},"28":{"loc":{"start":{"line":138,"column":8},"end":{"line":140,"column":9}},"type":"if","locations":[{"start":{"line":138,"column":8},"end":{"line":140,"column":9}},{"start":{},"end":{}}],"line":138},"29":{"loc":{"start":{"line":141,"column":8},"end":{"line":143,"column":9}},"type":"if","locations":[{"start":{"line":141,"column":8},"end":{"line":143,"column":9}},{"start":{},"end":{}}],"line":141},"30":{"loc":{"start":{"line":152,"column":14},"end":{"line":152,"column":57}},"type":"default-arg","locations":[{"start":{"line":152,"column":23},"end":{"line":152,"column":57}}],"line":152},"31":{"loc":{"start":{"line":154,"column":8},"end":{"line":156,"column":9}},"type":"if","locations":[{"start":{"line":154,"column":8},"end":{"line":156,"column":9}},{"start":{},"end":{}}],"line":154},"32":{"loc":{"start":{"line":167,"column":8},"end":{"line":169,"column":9}},"type":"if","locations":[{"start":{"line":167,"column":8},"end":{"line":169,"column":9}},{"start":{},"end":{}}],"line":167},"33":{"loc":{"start":{"line":212,"column":23},"end":{"line":212,"column":33}},"type":"default-arg","locations":[{"start":{"line":212,"column":31},"end":{"line":212,"column":33}}],"line":212},"34":{"loc":{"start":{"line":217,"column":15},"end":{"line":217,"column":25}},"type":"default-arg","locations":[{"start":{"line":217,"column":23},"end":{"line":217,"column":25}}],"line":217},"35":{"loc":{"start":{"line":233,"column":19},"end":{"line":233,"column":29}},"type":"default-arg","locations":[{"start":{"line":233,"column":27},"end":{"line":233,"column":29}}],"line":233},"36":{"loc":{"start":{"line":265,"column":24},"end":{"line":265,"column":34}},"type":"default-arg","locations":[{"start":{"line":265,"column":32},"end":{"line":265,"column":34}}],"line":265},"37":{"loc":{"start":{"line":268,"column":8},"end":{"line":271,"column":9}},"type":"if","locations":[{"start":{"line":268,"column":8},"end":{"line":271,"column":9}},{"start":{},"end":{}}],"line":268},"38":{"loc":{"start":{"line":279,"column":24},"end":{"line":279,"column":34}},"type":"default-arg","locations":[{"start":{"line":279,"column":32},"end":{"line":279,"column":34}}],"line":279},"39":{"loc":{"start":{"line":282,"column":8},"end":{"line":288,"column":9}},"type":"if","locations":[{"start":{"line":282,"column":8},"end":{"line":288,"column":9}},{"start":{},"end":{}}],"line":282},"40":{"loc":{"start":{"line":284,"column":12},"end":{"line":286,"column":13}},"type":"if","locations":[{"start":{"line":284,"column":12},"end":{"line":286,"column":13}},{"start":{},"end":{}}],"line":284},"41":{"loc":{"start":{"line":292,"column":8},"end":{"line":294,"column":9}},"type":"if","locations":[{"start":{"line":292,"column":8},"end":{"line":294,"column":9}},{"start":{},"end":{}}],"line":292},"42":{"loc":{"start":{"line":292,"column":12},"end":{"line":292,"column":60}},"type":"binary-expr","locations":[{"start":{"line":292,"column":12},"end":{"line":292,"column":43}},{"start":{"line":292,"column":47},"end":{"line":292,"column":60}}],"line":292},"43":{"loc":{"start":{"line":296,"column":8},"end":{"line":305,"column":9}},"type":"if","locations":[{"start":{"line":296,"column":8},"end":{"line":305,"column":9}},{"start":{},"end":{}}],"line":296},"44":{"loc":{"start":{"line":300,"column":16},"end":{"line":302,"column":17}},"type":"if","locations":[{"start":{"line":300,"column":16},"end":{"line":302,"column":17}},{"start":{},"end":{}}],"line":300},"45":{"loc":{"start":{"line":322,"column":8},"end":{"line":324,"column":9}},"type":"if","locations":[{"start":{"line":322,"column":8},"end":{"line":324,"column":9}},{"start":{},"end":{}}],"line":322},"46":{"loc":{"start":{"line":344,"column":8},"end":{"line":346,"column":9}},"type":"if","locations":[{"start":{"line":344,"column":8},"end":{"line":346,"column":9}},{"start":{},"end":{}}],"line":344}},"s":{"0":3,"1":15,"2":15,"3":15,"4":0,"5":15,"6":15,"7":30,"8":15,"9":15,"10":3,"11":15,"12":0,"13":3,"14":18,"15":3,"16":3,"17":3,"18":3,"19":3,"20":3,"21":3,"22":3,"23":3,"24":69,"25":69,"26":69,"27":69,"28":243,"29":1,"30":1,"31":13,"32":13,"33":13,"34":13,"35":0,"36":13,"37":12,"38":12,"39":12,"40":11,"41":11,"42":11,"43":11,"44":11,"45":11,"46":0,"47":12,"48":12,"49":95,"50":95,"51":95,"52":463,"53":190,"54":594,"55":463,"56":95,"57":44,"58":44,"59":44,"60":220,"61":52,"62":13,"63":52,"64":4,"65":220,"66":44,"67":65,"68":65,"69":390,"70":10,"71":0,"72":390,"73":65,"74":69,"75":11,"76":0,"77":2,"78":2,"79":2,"80":2,"81":0,"82":2,"83":1,"84":1,"85":1,"86":22,"87":22,"88":0,"89":22,"90":6,"91":6,"92":0,"93":6,"94":6,"95":6,"96":6,"97":0,"98":0,"99":0,"100":0,"101":0,"102":0,"103":0,"104":0,"105":0,"106":0,"107":1,"108":1,"109":1,"110":1,"111":1,"112":1,"113":6,"114":1,"115":2,"116":2,"117":2,"118":2,"119":2,"120":2,"121":2,"122":2,"123":2,"124":2,"125":0,"126":1,"127":1,"128":1,"129":1,"130":1,"131":1,"132":1,"133":0,"134":5,"135":5,"136":5,"137":1,"138":1,"139":1,"140":0,"141":0,"142":0,"143":0,"144":0,"145":0,"146":0,"147":0,"148":0,"149":0,"150":0,"151":0,"152":0,"153":0,"154":0,"155":0,"156":0,"157":0,"158":0,"159":0,"160":0,"161":4,"162":2,"163":4,"164":4,"165":0,"166":0,"167":0,"168":0,"169":0,"170":0,"171":4,"172":22,"173":22,"174":22,"175":22,"176":22,"177":2,"178":2,"179":2,"180":0,"181":22,"182":0,"183":22,"184":22,"185":22,"186":0,"187":0,"188":22,"189":22,"190":2,"191":2,"192":2,"193":0,"194":0,"195":22,"196":0,"197":22,"198":3,"199":3,"200":3,"201":3,"202":3,"203":3},"f":{"0":15,"1":15,"2":18,"3":69,"4":243,"5":1,"6":13,"7":0,"8":12,"9":12,"10":11,"11":95,"12":594,"13":44,"14":13,"15":65,"16":390,"17":10,"18":0,"19":69,"20":11,"21":2,"22":2,"23":22,"24":6,"25":0,"26":0,"27":0,"28":0,"29":0,"30":1,"31":1,"32":6,"33":2,"34":2,"35":2,"36":1,"37":1,"38":5,"39":1,"40":0,"41":0,"42":0,"43":0,"44":4,"45":0,"46":22,"47":2,"48":2},"b":{"0":[3,3,3],"1":[0,15],"2":[0,15],"3":[0,15],"4":[15,15],"5":[15,15],"6":[15,15],"7":[0,15],"8":[15,0],"9":[15,15,0],"10":[3,3,3],"11":[0,15],"12":[15,15],"13":[3,3,3],"14":[18,0],"15":[18,18],"16":[56],"17":[69,0],"18":[11,1],"19":[11,0],"20":[11,0],"21":[190,273],"22":[52,168],"23":[52,44],"24":[13,7],"25":[4,48],"26":[0,11],"27":[11,11],"28":[0,2],"29":[1,1],"30":[10],"31":[0,22],"32":[0,6],"33":[2],"34":[0],"35":[1],"36":[0],"37":[0,0],"38":[0],"39":[0,0],"40":[0,0],"41":[2,2],"42":[4,2],"43":[0,4],"44":[0,0],"45":[0,22],"46":[0,22]},"_coverageSchema":"1a1c01bbd47fc00a2c39e90264f33305004495a9","hash":"43b5dd38e856fdd283fb366871a115e3d7444b3d"}
,"/Users/pierrecabriere/Dev/graphand/core/src/lib/ModelList.ts": {"path":"/Users/pierrecabriere/Dev/graphand/core/src/lib/ModelList.ts","statementMap":{"0":{"start":{"line":2,"column":0},"end":{"line":2,"column":62}},"1":{"start":{"line":7,"column":8},"end":{"line":7,"column":23}},"2":{"start":{"line":8,"column":8},"end":{"line":8,"column":29}},"3":{"start":{"line":9,"column":8},"end":{"line":9,"column":51}},"4":{"start":{"line":10,"column":8},"end":{"line":10,"column":70}},"5":{"start":{"line":11,"column":8},"end":{"line":11,"column":70}},"6":{"start":{"line":14,"column":8},"end":{"line":14,"column":28}},"7":{"start":{"line":17,"column":8},"end":{"line":17,"column":28}},"8":{"start":{"line":20,"column":8},"end":{"line":20,"column":48}},"9":{"start":{"line":20,"column":41},"end":{"line":20,"column":46}},"10":{"start":{"line":23,"column":8},"end":{"line":23,"column":32}},"11":{"start":{"line":26,"column":8},"end":{"line":29,"column":10}},"12":{"start":{"line":27,"column":44},"end":{"line":27,"column":54}},"13":{"start":{"line":32,"column":0},"end":{"line":32,"column":28}}},"fnMap":{"0":{"name":"(anonymous_0)","decl":{"start":{"line":6,"column":4},"end":{"line":6,"column":5}},"loc":{"start":{"line":6,"column":41},"end":{"line":12,"column":5}},"line":6},"1":{"name":"(anonymous_1)","decl":{"start":{"line":13,"column":4},"end":{"line":13,"column":5}},"loc":{"start":{"line":13,"column":16},"end":{"line":15,"column":5}},"line":13},"2":{"name":"(anonymous_2)","decl":{"start":{"line":16,"column":4},"end":{"line":16,"column":5}},"loc":{"start":{"line":16,"column":16},"end":{"line":18,"column":5}},"line":16},"3":{"name":"(anonymous_3)","decl":{"start":{"line":19,"column":4},"end":{"line":19,"column":5}},"loc":{"start":{"line":19,"column":13},"end":{"line":21,"column":5}},"line":19},"4":{"name":"(anonymous_4)","decl":{"start":{"line":20,"column":34},"end":{"line":20,"column":35}},"loc":{"start":{"line":20,"column":41},"end":{"line":20,"column":46}},"line":20},"5":{"name":"(anonymous_5)","decl":{"start":{"line":22,"column":4},"end":{"line":22,"column":5}},"loc":{"start":{"line":22,"column":14},"end":{"line":24,"column":5}},"line":22},"6":{"name":"(anonymous_6)","decl":{"start":{"line":25,"column":4},"end":{"line":25,"column":5}},"loc":{"start":{"line":25,"column":13},"end":{"line":30,"column":5}},"line":25},"7":{"name":"(anonymous_7)","decl":{"start":{"line":27,"column":37},"end":{"line":27,"column":38}},"loc":{"start":{"line":27,"column":44},"end":{"line":27,"column":54}},"line":27}},"branchMap":{"0":{"loc":{"start":{"line":6,"column":23},"end":{"line":6,"column":32}},"type":"default-arg","locations":[{"start":{"line":6,"column":30},"end":{"line":6,"column":32}}],"line":6},"1":{"loc":{"start":{"line":9,"column":23},"end":{"line":9,"column":50}},"type":"binary-expr","locations":[{"start":{"line":9,"column":24},"end":{"line":9,"column":29}},{"start":{"line":9,"column":33},"end":{"line":9,"column":44}},{"start":{"line":9,"column":49},"end":{"line":9,"column":50}}],"line":9}},"s":{"0":2,"1":1,"2":1,"3":1,"4":1,"5":1,"6":0,"7":0,"8":1,"9":5,"10":1,"11":0,"12":0,"13":2},"f":{"0":1,"1":0,"2":0,"3":1,"4":5,"5":1,"6":0,"7":0},"b":{"0":[0],"1":[1,0,0]},"_coverageSchema":"1a1c01bbd47fc00a2c39e90264f33305004495a9","hash":"60fe44a3650bb3bb469f877f4805026615df2039"}
,"/Users/pierrecabriere/Dev/graphand/core/src/lib/PromiseModel.ts": {"path":"/Users/pierrecabriere/Dev/graphand/core/src/lib/PromiseModel.ts","statementMap":{"0":{"start":{"line":2,"column":0},"end":{"line":2,"column":62}},"1":{"start":{"line":7,"column":8},"end":{"line":10,"column":9}},"2":{"start":{"line":9,"column":12},"end":{"line":9,"column":40}},"3":{"start":{"line":11,"column":8},"end":{"line":11,"column":32}},"4":{"start":{"line":12,"column":8},"end":{"line":12,"column":29}},"5":{"start":{"line":13,"column":8},"end":{"line":13,"column":29}},"6":{"start":{"line":14,"column":8},"end":{"line":14,"column":70}},"7":{"start":{"line":15,"column":8},"end":{"line":15,"column":70}},"8":{"start":{"line":18,"column":8},"end":{"line":18,"column":28}},"9":{"start":{"line":21,"column":8},"end":{"line":21,"column":28}},"10":{"start":{"line":24,"column":0},"end":{"line":24,"column":31}}},"fnMap":{"0":{"name":"(anonymous_0)","decl":{"start":{"line":6,"column":4},"end":{"line":6,"column":5}},"loc":{"start":{"line":6,"column":45},"end":{"line":16,"column":5}},"line":6},"1":{"name":"(anonymous_1)","decl":{"start":{"line":17,"column":4},"end":{"line":17,"column":5}},"loc":{"start":{"line":17,"column":16},"end":{"line":19,"column":5}},"line":17},"2":{"name":"(anonymous_2)","decl":{"start":{"line":20,"column":4},"end":{"line":20,"column":5}},"loc":{"start":{"line":20,"column":16},"end":{"line":22,"column":5}},"line":20}},"branchMap":{"0":{"loc":{"start":{"line":7,"column":8},"end":{"line":10,"column":9}},"type":"if","locations":[{"start":{"line":7,"column":8},"end":{"line":10,"column":9}},{"start":{},"end":{}}],"line":7}},"s":{"0":3,"1":4,"2":2,"3":2,"4":2,"5":2,"6":2,"7":2,"8":0,"9":0,"10":3},"f":{"0":4,"1":0,"2":0},"b":{"0":[2,2]},"_coverageSchema":"1a1c01bbd47fc00a2c39e90264f33305004495a9","hash":"d18fdf1e8e2f1a8a796c72b5207d0a2e2d463308"}
,"/Users/pierrecabriere/Dev/graphand/core/src/lib/PromiseModelList.ts": {"path":"/Users/pierrecabriere/Dev/graphand/core/src/lib/PromiseModelList.ts","statementMap":{"0":{"start":{"line":2,"column":0},"end":{"line":2,"column":62}},"1":{"start":{"line":7,"column":8},"end":{"line":10,"column":9}},"2":{"start":{"line":9,"column":12},"end":{"line":9,"column":40}},"3":{"start":{"line":11,"column":8},"end":{"line":11,"column":32}},"4":{"start":{"line":12,"column":8},"end":{"line":12,"column":29}},"5":{"start":{"line":13,"column":8},"end":{"line":13,"column":29}},"6":{"start":{"line":14,"column":8},"end":{"line":14,"column":70}},"7":{"start":{"line":15,"column":8},"end":{"line":15,"column":70}},"8":{"start":{"line":18,"column":8},"end":{"line":18,"column":28}},"9":{"start":{"line":21,"column":8},"end":{"line":21,"column":28}},"10":{"start":{"line":24,"column":8},"end":{"line":26,"column":9}},"11":{"start":{"line":25,"column":12},"end":{"line":25,"column":85}},"12":{"start":{"line":27,"column":8},"end":{"line":27,"column":18}},"13":{"start":{"line":30,"column":0},"end":{"line":30,"column":35}}},"fnMap":{"0":{"name":"(anonymous_0)","decl":{"start":{"line":6,"column":4},"end":{"line":6,"column":5}},"loc":{"start":{"line":6,"column":45},"end":{"line":16,"column":5}},"line":6},"1":{"name":"(anonymous_1)","decl":{"start":{"line":17,"column":4},"end":{"line":17,"column":5}},"loc":{"start":{"line":17,"column":16},"end":{"line":19,"column":5}},"line":17},"2":{"name":"(anonymous_2)","decl":{"start":{"line":20,"column":4},"end":{"line":20,"column":5}},"loc":{"start":{"line":20,"column":16},"end":{"line":22,"column":5}},"line":20},"3":{"name":"(anonymous_3)","decl":{"start":{"line":23,"column":4},"end":{"line":23,"column":5}},"loc":{"start":{"line":23,"column":13},"end":{"line":28,"column":5}},"line":23}},"branchMap":{"0":{"loc":{"start":{"line":7,"column":8},"end":{"line":10,"column":9}},"type":"if","locations":[{"start":{"line":7,"column":8},"end":{"line":10,"column":9}},{"start":{},"end":{}}],"line":7},"1":{"loc":{"start":{"line":24,"column":8},"end":{"line":26,"column":9}},"type":"if","locations":[{"start":{"line":24,"column":8},"end":{"line":26,"column":9}},{"start":{},"end":{}}],"line":24},"2":{"loc":{"start":{"line":25,"column":19},"end":{"line":25,"column":84}},"type":"cond-expr","locations":[{"start":{"line":25,"column":51},"end":{"line":25,"column":65}},{"start":{"line":25,"column":68},"end":{"line":25,"column":84}}],"line":25}},"s":{"0":3,"1":2,"2":1,"3":1,"4":1,"5":1,"6":1,"7":1,"8":0,"9":0,"10":0,"11":0,"12":0,"13":3},"f":{"0":2,"1":0,"2":0,"3":0},"b":{"0":[1,1],"1":[0,0],"2":[0,0]},"_coverageSchema":"1a1c01bbd47fc00a2c39e90264f33305004495a9","hash":"ef8d54540111fba23afb9479f30e45fb65faca80"}
[...]
:{"0":{"name":"(anonymous_0)","decl":{"start":{"line":2,"column":46},"end":{"line":2,"column":47}},"loc":{"start":{"line":2,"column":87},"end":{"line":7,"column":1}},"line":2},"1":{"name":"(anonymous_1)","decl":{"start":{"line":8,"column":46},"end":{"line":8,"column":47}},"loc":{"start":{"line":8,"column":62},"end":{"line":10,"column":1}},"line":8},"2":{"name":"(anonymous_2)","decl":{"start":{"line":11,"column":56},"end":{"line":11,"column":57}},"loc":{"start":{"line":11,"column":71},"end":{"line":13,"column":1}},"line":11},"3":{"name":"(anonymous_3)","decl":{"start":{"line":31,"column":4},"end":{"line":31,"column":5}},"loc":{"start":{"line":31,"column":30},"end":{"line":39,"column":5}},"line":31},"4":{"name":"(anonymous_4)","decl":{"start":{"line":35,"column":68},"end":{"line":35,"column":69}},"loc":{"start":{"line":35,"column":78},"end":{"line":35,"column":102}},"line":35},"5":{"name":"(anonymous_5)","decl":{"start":{"line":40,"column":4},"end":{"line":40,"column":5}},"loc":{"start":{"line":40,"column":43},"end":{"line":51,"column":5}},"line":40},"6":{"name":"(anonymous_6)","decl":{"start":{"line":44,"column":81},"end":{"line":44,"column":82}},"loc":{"start":{"line":44,"column":91},"end":{"line":44,"column":128}},"line":44}},"branchMap":{"0":{"loc":{"start":{"line":2,"column":17},"end":{"line":7,"column":1}},"type":"binary-expr","locations":[{"start":{"line":2,"column":18},"end":{"line":2,"column":22}},{"start":{"line":2,"column":26},"end":{"line":2,"column":41}},{"start":{"line":2,"column":46},"end":{"line":7,"column":1}}],"line":2},"1":{"loc":{"start":{"line":3,"column":34},"end":{"line":3,"column":125}},"type":"cond-expr","locations":[{"start":{"line":3,"column":42},"end":{"line":3,"column":48}},{"start":{"line":3,"column":51},"end":{"line":3,"column":125}}],"line":3},"2":{"loc":{"start":{"line":3,"column":51},"end":{"line":3,"column":125}},"type":"cond-expr","locations":[{"start":{"line":3,"column":67},"end":{"line":3,"column":118}},{"start":{"line":3,"column":121},"end":{"line":3,"column":125}}],"line":3},"3":{"loc":{"start":{"line":4,"column":4},"end":{"line":5,"column":150}},"type":"if","locations":[{"start":{"line":4,"column":4},"end":{"line":5,"column":150}},{"start":{"line":5,"column":9},"end":{"line":5,"column":150}}],"line":4},"4":{"loc":{"start":{"line":4,"column":8},"end":{"line":4,"column":77}},"type":"binary-expr","locations":[{"start":{"line":4,"column":8},"end":{"line":4,"column":35}},{"start":{"line":4,"column":39},"end":{"line":4,"column":77}}],"line":4},"5":{"loc":{"start":{"line":5,"column":58},"end":{"line":5,"column":150}},"type":"if","locations":[{"start":{"line":5,"column":58},"end":{"line":5,"column":150}},{"start":{},"end":{}}],"line":5},"6":{"loc":{"start":{"line":5,"column":85},"end":{"line":5,"column":149}},"type":"binary-expr","locations":[{"start":{"line":5,"column":86},"end":{"line":5,"column":143}},{"start":{"line":5,"column":148},"end":{"line":5,"column":149}}],"line":5},"7":{"loc":{"start":{"line":5,"column":86},"end":{"line":5,"column":143}},"type":"cond-expr","locations":[{"start":{"line":5,"column":94},"end":{"line":5,"column":98}},{"start":{"line":5,"column":101},"end":{"line":5,"column":143}}],"line":5},"8":{"loc":{"start":{"line":5,"column":101},"end":{"line":5,"column":143}},"type":"cond-expr","locations":[{"start":{"line":5,"column":109},"end":{"line":5,"column":126}},{"start":{"line":5,"column":129},"end":{"line":5,"column":143}}],"line":5},"9":{"loc":{"start":{"line":6,"column":11},"end":{"line":6,"column":62}},"type":"binary-expr","locations":[{"start":{"line":6,"column":11},"end":{"line":6,"column":16}},{"start":{"line":6,"column":20},"end":{"line":6,"column":21}},{"start":{"line":6,"column":25},"end":{"line":6,"column":62}}],"line":6},"10":{"loc":{"start":{"line":8,"column":17},"end":{"line":10,"column":1}},"type":"binary-expr","locations":[{"start":{"line":8,"column":18},"end":{"line":8,"column":22}},{"start":{"line":8,"column":26},"end":{"line":8,"column":41}},{"start":{"line":8,"column":46},"end":{"line":10,"column":1}}],"line":8},"11":{"loc":{"start":{"line":9,"column":4},"end":{"line":9,"column":109}},"type":"if","locations":[{"start":{"line":9,"column":4},"end":{"line":9,"column":109}},{"start":{},"end":{}}],"line":9},"12":{"loc":{"start":{"line":9,"column":8},"end":{"line":9,"column":77}},"type":"binary-expr","locations":[{"start":{"line":9,"column":8},"end":{"line":9,"column":35}},{"start":{"line":9,"column":39},"end":{"line":9,"column":77}}],"line":9},"13":{"loc":{"start":{"line":11,"column":22},"end":{"line":13,"column":1}},"type":"binary-expr","locations":[{"start":{"line":11,"column":23},"end":{"line":11,"column":27}},{"start":{"line":11,"column":31},"end":{"line":11,"column":51}},{"start":{"line":11,"column":56},"end":{"line":13,"column":1}}],"line":11},"14":{"loc":{"start":{"line":12,"column":11},"end":{"line":12,"column":61}},"type":"cond-expr","locations":[{"start":{"line":12,"column":37},"end":{"line":12,"column":40}},{"start":{"line":12,"column":43},"end":{"line":12,"column":61}}],"line":12},"15":{"loc":{"start":{"line":12,"column":12},"end":{"line":12,"column":33}},"type":"binary-expr","locations":[{"start":{"line":12,"column":12},"end":{"line":12,"column":15}},{"start":{"line":12,"column":19},"end":{"line":12,"column":33}}],"line":12},"16":{"loc":{"start":{"line":32,"column":20},"end":{"line":32,"column":36}},"type":"binary-expr","locations":[{"start":{"line":32,"column":20},"end":{"line":32,"column":30}},{"start":{"line":32,"column":34},"end":{"line":32,"column":36}}],"line":32},"17":{"loc":{"start":{"line":34,"column":8},"end":{"line":37,"column":9}},"type":"if","locations":[{"start":{"line":34,"column":8},"end":{"line":37,"column":9}},{"start":{},"end":{}}],"line":34},"18":{"loc":{"start":{"line":41,"column":33},"end":{"line":41,"column":62}},"type":"binary-expr","locations":[{"start":{"line":41,"column":33},"end":{"line":41,"column":56}},{"start":{"line":41,"column":60},"end":{"line":41,"column":62}}],"line":41},"19":{"loc":{"start":{"line":43,"column":8},"end":{"line":49,"column":9}},"type":"if","locations":[{"start":{"line":43,"column":8},"end":{"line":49,"column":9}},{"start":{},"end":{}}],"line":43}},"s":{"0":1,"1":7,"2":7,"3":7,"4":0,"5":7,"6":7,"7":13,"8":7,"9":7,"10":1,"11":6,"12":0,"13":1,"14":4,"15":1,"16":1,"17":1,"18":1,"19":1,"20":1,"21":1,"22":1,"23":1,"24":1,"25":1,"26":0,"27":0,"28":0,"29":0,"30":0,"31":0,"32":0,"33":0,"34":0,"35":0,"36":0,"37":0,"38":0,"39":0,"40":1,"41":1,"42":1,"43":1,"44":1,"45":1,"46":1,"47":1},"f":{"0":7,"1":6,"2":4,"3":0,"4":0,"5":0,"6":0},"b":{"0":[1,1,1],"1":[1,6],"2":[0,6],"3":[0,7],"4":[7,7],"5":[7,6],"6":[7,6],"7":[1,6],"8":[6,0],"9":[7,6,0],"10":[1,1,1],"11":[0,6],"12":[6,6],"13":[1,1,1],"14":[4,0],"15":[4,4],"16":[0,0],"17":[0,0],"18":[0,0],"19":[0,0]},"_coverageSchema":"1a1c01bbd47fc00a2c39e90264f33305004495a9","hash":"275ca9f2ecaa4b36e22abd5e4a2e739f70ae88d9"}
,"/Users/pierrecabriere/Dev/graphand/core/src/models/Token.ts": {"path":"/Users/pierrecabriere/Dev/graphand/core/src/models/Token.ts","statementMap":{"0":{"start":{"line":2,"column":17},"end":{"line":7,"column":1}},"1":{"start":{"line":3,"column":12},"end":{"line":3,"column":28}},"2":{"start":{"line":3,"column":34},"end":{"line":3,"column":125}},"3":{"start":{"line":4,"column":4},"end":{"line":5,"column":150}},"4":{"start":{"line":4,"column":79},"end":{"line":4,"column":131}},"5":{"start":{"line":5,"column":9},"end":{"line":5,"column":150}},"6":{"start":{"line":5,"column":22},"end":{"line":5,"column":43}},"7":{"start":{"line":5,"column":58},"end":{"line":5,"column":150}},"8":{"start":{"line":5,"column":81},"end":{"line":5,"column":150}},"9":{"start":{"line":6,"column":4},"end":{"line":6,"column":66}},"10":{"start":{"line":8,"column":17},"end":{"line":10,"column":1}},"11":{"start":{"line":9,"column":4},"end":{"line":9,"column":109}},"12":{"start":{"line":9,"column":79},"end":{"line":9,"column":109}},"13":{"start":{"line":11,"column":22},"end":{"line":13,"column":1}},"14":{"start":{"line":12,"column":4},"end":{"line":12,"column":62}},"15":{"start":{"line":14,"column":0},"end":{"line":14,"column":62}},"16":{"start":{"line":15,"column":16},"end":{"line":15,"column":56}},"17":{"start":{"line":16,"column":27},"end":{"line":16,"column":80}},"18":{"start":{"line":17,"column":25},"end":{"line":17,"column":57}},"19":{"start":{"line":18,"column":25},"end":{"line":18,"column":57}},"20":{"start":{"line":19,"column":22},"end":{"line":19,"column":70}},"21":{"start":{"line":20,"column":12},"end":{"line":27,"column":1}},"22":{"start":{"line":21,"column":20},"end":{"line":21,"column":27}},"23":{"start":{"line":22,"column":18},"end":{"line":22,"column":26}},"24":{"start":{"line":23,"column":19},"end":{"line":23,"column":52}},"25":{"start":{"line":28,"column":0},"end":{"line":31,"column":36}},"26":{"start":{"line":32,"column":0},"end":{"line":35,"column":42}},"27":{"start":{"line":36,"column":0},"end":{"line":42,"column":40}},"28":{"start":{"line":43,"column":0},"end":{"line":45,"column":10}},"29":{"start":{"line":46,"column":0},"end":{"line":46,"column":24}}},"fnMap":{"0":{"name":"(anonymous_0)","decl":{"start":{"line":2,"column":46},"end":{"line":2,"column":47}},"loc":{"start":{"line":2,"column":87},"end":{"line":7,"column":1}},"line":2},"1":{"name":"(anonymous_1)","decl":{"start":{"line":8,"column":46},"end":{"line":8,"column":47}},"loc":{"start":{"line":8,"column":62},"end":{"line":10,"column":1}},"line":8},"2":{"name":"(anonymous_2)","decl":{"start":{"line":11,"column":56},"end":{"line":11,"column":57}},"loc":{"start":{"line":11,"column":71},"end":{"line":13,"column":1}},"line":11}},"branchMap":{"0":{"loc":{"start":{"line":2,"column":17},"end":{"line":7,"column":1}},"type":"binary-expr","locations":[{"start":{"line":2,"column":18},"end":{"line":2,"column":22}},{"start":{"line":2,"column":26},"end":{"line":2,"column":41}},{"start":{"line":2,"column":46},"end":{"line":7,"column":1}}],"line":2},"1":{"loc":{"start":{"line":3,"column":34},"end":{"line":3,"column":125}},"type":"cond-expr","locations":[{"start":{"line":3,"column":42},"end":{"line":3,"column":48}},{"start":{"line":3,"column":51},"end":{"line":3,"column":125}}],"line":3},"2":{"loc":{"start":{"line":3,"column":51},"end":{"line":3,"column":125}},"type":"cond-expr","locations":[{"start":{"line":3,"column":67},"end":{"line":3,"column":118}},{"start":{"line":3,"column":121},"end":{"line":3,"column":125}}],"line":3},"3":{"loc":{"start":{"line":4,"column":4},"end":{"line":5,"column":150}},"type":"if","locations":[{"start":{"line":4,"column":4},"end":{"line":5,"column":150}},{"start":{"line":5,"column":9},"end":{"line":5,"column":150}}],"line":4},"4":{"loc":{"start":{"line":4,"column":8},"end":{"line":4,"column":77}},"type":"binary-expr","locations":[{"start":{"line":4,"column":8},"end":{"line":4,"column":35}},{"start":{"line":4,"column":39},"end":{"line":4,"column":77}}],"line":4},"5":{"loc":{"start":{"line":5,"column":58},"end":{"line":5,"column":150}},"type":"if","locations":[{"start":{"line":5,"column":58},"end":{"line":5,"column":150}},{"start":{},"end":{}}],"line":5},"6":{"loc":{"start":{"line":5,"column":85},"end":{"line":5,"column":149}},"type":"binary-expr","locations":[{"start":{"line":5,"column":86},"end":{"line":5,"column":143}},{"start":{"line":5,"column":148},"end":{"line":5,"column":149}}],"line":5},"7":{"loc":{"start":{"line":5,"column":86},"end":{"line":5,"column":143}},"type":"cond-expr","locations":[{"start":{"line":5,"column":94},"end":{"line":5,"column":98}},{"start":{"line":5,"column":101},"end":{"line":5,"column":143}}],"line":5},"8":{"loc":{"start":{"line":5,"column":101},"end":{"line":5,"column":143}},"type":"cond-expr","locations":[{"start":{"line":5,"column":109},"end":{"line":5,"column":126}},{"start":{"line":5,"column":129},"end":{"line":5,"column":143}}],"line":5},"9":{"loc":{"start":{"line":6,"column":11},"end":{"line":6,"column":62}},"type":"binary-expr","locations":[{"start":{"line":6,"column":11},"end":{"line":6,"column":16}},{"start":{"line":6,"column":20},"end":{"line":6,"column":21}},{"start":{"line":6,"column":25},"end":{"line":6,"column":62}}],"line":6},"10":{"loc":{"start":{"line":8,"column":17},"end":{"line":10,"column":1}},"type":"binary-expr","locations":[{"start":{"line":8,"column":18},"end":{"line":8,"column":22}},{"start":{"line":8,"column":26},"end":{"line":8,"column":41}},{"start":{"line":8,"column":46},"end":{"line":10,"column":1}}],"line":8},"11":{"loc":{"start":{"line":9,"column":4},"end":{"line":9,"column":109}},"type":"if","locations":[{"start":{"line":9,"column":4},"end":{"line":9,"column":109}},{"start":{},"end":{}}],"line":9},"12":{"loc":{"start":{"line":9,"column":8},"end":{"line":9,"column":77}},"type":"binary-expr","locations":[{"start":{"line":9,"column":8},"end":{"line":9,"column":35}},{"start":{"line":9,"column":39},"end":{"line":9,"column":77}}],"line":9},"13":{"loc":{"start":{"line":11,"column":22},"end":{"line":13,"column":1}},"type":"binary-expr","locations":[{"start":{"line":11,"column":23},"end":{"line":11,"column":27}},{"start":{"line":11,"column":31},"end":{"line":11,"column":51}},{"start":{"line":11,"column":56},"end":{"line":13,"column":1}}],"line":11},"14":{"loc":{"start":{"line":12,"column":11},"end":{"line":12,"column":61}},"type":"cond-expr","locations":[{"start":{"line":12,"column":37},"end":{"line":12,"column":40}},{"start":{"line":12,"column":43},"end":{"line":12,"column":61}}],"line":12},"15":{"loc":{"start":{"line":12,"column":12},"end":{"line":12,"column":33}},"type":"binary-expr","locations":[{"start":{"line":12,"column":12},"end":{"line":12,"column":15}},{"start":{"line":12,"column":19},"end":{"line":12,"column":33}}],"line":12}},"s":{"0":1,"1":4,"2":4,"3":4,"4":0,"5":4,"6":4,"7":7,"8":4,"9":4,"10":1,"11":3,"12":0,"13":1,"14":3,"15":1,"16":1,"17":1,"18":1,"19":1,"20":1,"21":1,"22":1,"23":1,"24":1,"25":1,"26":1,"27":1,"28":1,"29":1},"f":{"0":4,"1":3,"2":3},"b":{"0":[1,1,1],"1":[1,3],"2":[0,3],"3":[0,4],"4":[4,4],"5":[4,3],"6":[4,3],"7":[1,3],"8":[3,0],"9":[4,3,0],"10":[1,1,1],"11":[0,3],"12":[3,3],"13":[1,1,1],"14":[3,0],"15":[3,3]},"_coverageSchema":"1a1c01bbd47fc00a2c39e90264f33305004495a9","hash":"93515e0564df02f6c56307b086db628262e874a4"}
,"/Users/pierrecabriere/Dev/graphand/core/src/models/User.ts": {"path":"/Users/pierrecabriere/Dev/graphand/core/src/models/User.ts","statementMap":{"0":{"start":{"line":2,"column":17},"end":{"line":7,"column":1}},"1":{"start":{"line":3,"column":12},"end":{"line":3,"column":28}},"2":{"start":{"line":3,"column":34},"end":{"line":3,"column":125}},"3":{"start":{"line":4,"column":4},"end":{"line":5,"column":150}},"4":{"start":{"line":4,"column":79},"end":{"line":4,"column":131}},"5":{"start":{"line":5,"column":9},"end":{"line":5,"column":150}},"6":{"start":{"line":5,"column":22},"end":{"line":5,"column":43}},"7":{"start":{"line":5,"column":58},"end":{"line":5,"column":150}},"8":{"start":{"line":5,"column":81},"end":{"line":5,"column":150}},"9":{"start":{"line":6,"column":4},"end":{"line":6,"column":66}},"10":{"start":{"line":8,"column":22},"end":{"line":10,"column":1}},"11":{"start":{"line":9,"column":4},"end":{"line":9,"column":62}},"12":{"start":{"line":11,"column":0},"end":{"line":11,"column":62}},"13":{"start":{"line":12,"column":16},"end":{"line":12,"column":56}},"14":{"start":{"line":13,"column":27},"end":{"line":13,"column":80}},"15":{"start":{"line":14,"column":25},"end":{"line":14,"column":57}},"16":{"start":{"line":15,"column":11},"end":{"line":20,"column":1}},"17":{"start":{"line":16,"column":24},"end":{"line":16,"column":28}},"18":{"start":{"line":17,"column":20},"end":{"line":17,"column":26}},"19":{"start":{"line":18,"column":18},"end":{"line":18,"column":25}},"20":{"start":{"line":19,"column":19},"end":{"line":19,"column":52}},"21":{"start":{"line":21,"column":0},"end":{"line":23,"column":9}},"22":{"start":{"line":24,"column":0},"end":{"line":24,"column":23}}},"fnMap":{"0":{"name":"(anonymous_0)","decl":{"start":{"line":2,"column":46},"end":{"line":2,"column":47}},"loc":{"start":{"line":2,"column":87},"end":{"line":7,"column":1}},"line":2},"1":{"name":"(anonymous_1)","decl":{"start":{"line":8,"column":56},"end":{"line":8,"column":57}},"loc":{"start":{"line":8,"column":71},"end":{"line":10,"column":1}},"line":8}},"branchMap":{"0":{"loc":{"start":{"line":2,"column":17},"end":{"line":7,"column":1}},"type":"binary-expr","locations":[{"start":{"line":2,"column":18},"end":{"line":2,"column":22}},{"start":{"line":2,"column":26},"end":{"line":2,"column":41}},{"start":{"line":2,"column":46},"end":{"line":7,"column":1}}],"line":2},"1":{"loc":{"start":{"line":3,"column":34},"end":{"line":3,"column":125}},"type":"cond-expr","locations":[{"start":{"line":3,"column":42},"end":{"line":3,"column":48}},{"start":{"line":3,"column":51},"end":{"line":3,"column":125}}],"line":3},"2":{"loc":{"start":{"line":3,"column":51},"end":{"line":3,"column":125}},"type":"cond-expr","locations":[{"start":{"line":3,"column":67},"end":{"line":3,"column":118}},{"start":{"line":3,"column":121},"end":{"line":3,"column":125}}],"line":3},"3":{"loc":{"start":{"line":4,"column":4},"end":{"line":5,"column":150}},"type":"if","locations":[{"start":{"line":4,"column":4},"end":{"line":5,"column":150}},{"start":{"line":5,"column":9},"end":{"line":5,"column":150}}],"line":4},"4":{"loc":{"start":{"line":4,"column":8},"end":{"line":4,"column":77}},"type":"binary-expr","locations":[{"start":{"line":4,"column":8},"end":{"line":4,"column":35}},{"start":{"line":4,"column":39},"end":{"line":4,"column":77}}],"line":4},"5":{"loc":{"start":{"line":5,"column":58},"end":{"line":5,"column":150}},"type":"if","locations":[{"start":{"line":5,"column":58},"end":{"line":5,"column":150}},{"start":{},"end":{}}],"line":5},"6":{"loc":{"start":{"line":5,"column":85},"end":{"line":5,"column":149}},"type":"binary-expr","locations":[{"start":{"line":5,"column":86},"end":{"line":5,"column":143}},{"start":{"line":5,"column":148},"end":{"line":5,"column":149}}],"line":5},"7":{"loc":{"start":{"line":5,"column":86},"end":{"line":5,"column":143}},"type":"cond-expr","locations":[{"start":{"line":5,"column":94},"end":{"line":5,"column":98}},{"start":{"line":5,"column":101},"end":{"line":5,"column":143}}],"line":5},"8":{"loc":{"start":{"line":5,"column":101},"end":{"line":5,"column":143}},"type":"cond-expr","locations":[{"start":{"line":5,"column":109},"end":{"line":5,"column":126}},{"start":{"line":5,"column":129},"end":{"line":5,"column":143}}],"line":5},"9":{"loc":{"start":{"line":6,"column":11},"end":{"line":6,"column":62}},"type":"binary-expr","locations":[{"start":{"line":6,"column":11},"end":{"line":6,"column":16}},{"start":{"line":6,"column":20},"end":{"line":6,"column":21}},{"start":{"line":6,"column":25},"end":{"line":6,"column":62}}],"line":6},"10":{"loc":{"start":{"line":8,"column":22},"end":{"line":10,"column":1}},"type":"binary-expr","locations":[{"start":{"line":8,"column":23},"end":{"line":8,"column":27}},{"start":{"line":8,"column":31},"end":{"line":8,"column":51}},{"start":{"line":8,"column":56},"end":{"line":10,"column":1}}],"line":8},"11":{"loc":{"start":{"line":9,"column":11},"end":{"line":9,"column":61}},"type":"cond-expr","locations":[{"start":{"line":9,"column":37},"end":{"line":9,"column":40}},{"start":{"line":9,"column":43},"end":{"line":9,"column":61}}],"line":9},"12":{"loc":{"start":{"line":9,"column":12},"end":{"line":9,"column":33}},"type":"binary-expr","locations":[{"start":{"line":9,"column":12},"end":{"line":9,"column":15}},{"start":{"line":9,"column":19},"end":{"line":9,"column":33}}],"line":9}},"s":{"0":1,"1":1,"2":1,"3":1,"4":0,"5":1,"6":1,"7":1,"8":1,"9":1,"10":1,"11":2,"12":1,"13":1,"14":1,"15":1,"16":1,"17":1,"18":1,"19":1,"20":1,"21":1,"22":1},"f":{"0":1,"1":2},"b":{"0":[1,1,1],"1":[1,0],"2":[0,0],"3":[0,1],"4":[1,1],"5":[1,0],"6":[1,0],"7":[1,0],"8":[0,0],"9":[1,0,0],"10":[1,1,1],"11":[2,0],"12":[2,2]},"_coverageSchema":"1a1c01bbd47fc00a2c39e90264f33305004495a9","hash":"6aaa3de74d87f745f3afe7dcd87173c8bdf756e4"}
}
