{"/Users/pierrecabriere/Dev/graphand/core/src/test-utils.ts": {"path":"/Users/pierrecabriere/Dev/graphand/core/src/test-utils.ts","statementMap":{"0":{"start":{"line":2,"column":22},"end":{"line":4,"column":1}},"1":{"start":{"line":3,"column":4},"end":{"line":3,"column":62}},"2":{"start":{"line":5,"column":0},"end":{"line":5,"column":62}},"3":{"start":{"line":6,"column":0},"end":{"line":6,"column":49}},"4":{"start":{"line":7,"column":18},"end":{"line":7,"column":59}},"5":{"start":{"line":8,"column":20},"end":{"line":8,"column":63}},"6":{"start":{"line":9,"column":22},"end":{"line":9,"column":69}},"7":{"start":{"line":10,"column":27},"end":{"line":10,"column":79}},"8":{"start":{"line":11,"column":16},"end":{"line":11,"column":55}},"9":{"start":{"line":12,"column":20},"end":{"line":88,"column":1}},"10":{"start":{"line":16,"column":12},"end":{"line":21,"column":13}},"11":{"start":{"line":17,"column":34},"end":{"line":19,"column":48}},"12":{"start":{"line":19,"column":31},"end":{"line":19,"column":47}},"13":{"start":{"line":20,"column":16},"end":{"line":20,"column":50}},"14":{"start":{"line":22,"column":12},"end":{"line":22,"column":32}},"15":{"start":{"line":24,"column":18},"end":{"line":85,"column":9}},"16":{"start":{"line":25,"column":33},"end":{"line":25,"column":69}},"17":{"start":{"line":27,"column":16},"end":{"line":29,"column":17}},"18":{"start":{"line":28,"column":20},"end":{"line":28,"column":49}},"19":{"start":{"line":30,"column":32},"end":{"line":30,"column":46}},"20":{"start":{"line":31,"column":16},"end":{"line":31,"column":46}},"21":{"start":{"line":34,"column":16},"end":{"line":34,"column":107}},"22":{"start":{"line":37,"column":26},"end":{"line":37,"column":49}},"23":{"start":{"line":38,"column":16},"end":{"line":38,"column":38}},"24":{"start":{"line":39,"column":16},"end":{"line":39,"column":42}},"25":{"start":{"line":42,"column":32},"end":{"line":42,"column":69}},"26":{"start":{"line":42,"column":51},"end":{"line":42,"column":68}},"27":{"start":{"line":43,"column":16},"end":{"line":43,"column":62}},"28":{"start":{"line":43,"column":39},"end":{"line":43,"column":60}},"29":{"start":{"line":44,"column":16},"end":{"line":44,"column":48}},"30":{"start":{"line":47,"column":16},"end":{"line":49,"column":17}},"31":{"start":{"line":48,"column":20},"end":{"line":48,"column":49}},"32":{"start":{"line":50,"column":32},"end":{"line":50,"column":46}},"33":{"start":{"line":51,"column":16},"end":{"line":51,"column":46}},"34":{"start":{"line":54,"column":16},"end":{"line":56,"column":17}},"35":{"start":{"line":55,"column":20},"end":{"line":55,"column":49}},"36":{"start":{"line":57,"column":16},"end":{"line":57,"column":67}},"37":{"start":{"line":60,"column":16},"end":{"line":62,"column":17}},"38":{"start":{"line":61,"column":20},"end":{"line":61,"column":49}},"39":{"start":{"line":63,"column":32},"end":{"line":63,"column":46}},"40":{"start":{"line":64,"column":16},"end":{"line":64,"column":45}},"41":{"start":{"line":65,"column":16},"end":{"line":65,"column":45}},"42":{"start":{"line":68,"column":16},"end":{"line":70,"column":17}},"43":{"start":{"line":69,"column":20},"end":{"line":69,"column":49}},"44":{"start":{"line":71,"column":28},"end":{"line":71,"column":72}},"45":{"start":{"line":71,"column":66},"end":{"line":71,"column":71}},"46":{"start":{"line":72,"column":16},"end":{"line":72,"column":39}},"47":{"start":{"line":73,"column":16},"end":{"line":73,"column":44}},"48":{"start":{"line":76,"column":16},"end":{"line":83,"column":19}},"49":{"start":{"line":87,"column":4},"end":{"line":87,"column":23}},"50":{"start":{"line":89,"column":0},"end":{"line":89,"column":34}},"51":{"start":{"line":90,"column":18},"end":{"line":102,"column":1}},"52":{"start":{"line":91,"column":20},"end":{"line":91,"column":59}},"53":{"start":{"line":93,"column":28},"end":{"line":93,"column":32}},"54":{"start":{"line":94,"column":22},"end":{"line":94,"column":29}},"55":{"start":{"line":95,"column":23},"end":{"line":95,"column":28}},"56":{"start":{"line":97,"column":12},"end":{"line":97,"column":23}},"57":{"start":{"line":98,"column":12},"end":{"line":98,"column":42}},"58":{"start":{"line":101,"column":4},"end":{"line":101,"column":16}},"59":{"start":{"line":103,"column":0},"end":{"line":103,"column":30}}},"fnMap":{"0":{"name":"(anonymous_0)","decl":{"start":{"line":2,"column":56},"end":{"line":2,"column":57}},"loc":{"start":{"line":2,"column":71},"end":{"line":4,"column":1}},"line":2},"1":{"name":"(anonymous_1)","decl":{"start":{"line":12,"column":20},"end":{"line":12,"column":21}},"loc":{"start":{"line":12,"column":26},"end":{"line":88,"column":1}},"line":12},"2":{"name":"(anonymous_2)","decl":{"start":{"line":15,"column":8},"end":{"line":15,"column":9}},"loc":{"start":{"line":15,"column":24},"end":{"line":23,"column":9}},"line":15},"3":{"name":"(anonymous_3)","decl":{"start":{"line":19,"column":25},"end":{"line":19,"column":26}},"loc":{"start":{"line":19,"column":31},"end":{"line":19,"column":47}},"line":19},"4":{"name":"(anonymous_4)","decl":{"start":{"line":25,"column":27},"end":{"line":25,"column":28}},"loc":{"start":{"line":25,"column":33},"end":{"line":25,"column":69}},"line":25},"5":{"name":"(anonymous_5)","decl":{"start":{"line":26,"column":25},"end":{"line":26,"column":26}},"loc":{"start":{"line":26,"column":36},"end":{"line":32,"column":13}},"line":26},"6":{"name":"(anonymous_6)","decl":{"start":{"line":33,"column":29},"end":{"line":33,"column":30}},"loc":{"start":{"line":33,"column":40},"end":{"line":35,"column":13}},"line":33},"7":{"name":"(anonymous_7)","decl":{"start":{"line":36,"column":31},"end":{"line":36,"column":32}},"loc":{"start":{"line":36,"column":44},"end":{"line":40,"column":13}},"line":36},"8":{"name":"(anonymous_8)","decl":{"start":{"line":41,"column":36},"end":{"line":41,"column":37}},"loc":{"start":{"line":41,"column":49},"end":{"line":45,"column":13}},"line":41},"9":{"name":"(anonymous_9)","decl":{"start":{"line":42,"column":44},"end":{"line":42,"column":45}},"loc":{"start":{"line":42,"column":51},"end":{"line":42,"column":68}},"line":42},"10":{"name":"(anonymous_10)","decl":{"start":{"line":43,"column":32},"end":{"line":43,"column":33}},"loc":{"start":{"line":43,"column":39},"end":{"line":43,"column":60}},"line":43},"11":{"name":"(anonymous_11)","decl":{"start":{"line":46,"column":31},"end":{"line":46,"column":32}},"loc":{"start":{"line":46,"column":50},"end":{"line":52,"column":13}},"line":46},"12":{"name":"(anonymous_12)","decl":{"start":{"line":53,"column":36},"end":{"line":53,"column":37}},"loc":{"start":{"line":53,"column":55},"end":{"line":58,"column":13}},"line":53},"13":{"name":"(anonymous_13)","decl":{"start":{"line":59,"column":31},"end":{"line":59,"column":32}},"loc":{"start":{"line":59,"column":42},"end":{"line":66,"column":13}},"line":59},"14":{"name":"(anonymous_14)","decl":{"start":{"line":67,"column":36},"end":{"line":67,"column":37}},"loc":{"start":{"line":67,"column":47},"end":{"line":74,"column":13}},"line":67},"15":{"name":"(anonymous_15)","decl":{"start":{"line":71,"column":59},"end":{"line":71,"column":60}},"loc":{"start":{"line":71,"column":66},"end":{"line":71,"column":71}},"line":71},"16":{"name":"(anonymous_16)","decl":{"start":{"line":75,"column":31},"end":{"line":75,"column":32}},"loc":{"start":{"line":75,"column":37},"end":{"line":84,"column":13}},"line":75},"17":{"name":"(anonymous_17)","decl":{"start":{"line":90,"column":18},"end":{"line":90,"column":19}},"loc":{"start":{"line":90,"column":62},"end":{"line":102,"column":1}},"line":90},"18":{"name":"(anonymous_18)","decl":{"start":{"line":96,"column":8},"end":{"line":96,"column":9}},"loc":{"start":{"line":96,"column":25},"end":{"line":99,"column":9}},"line":96}},"branchMap":{"0":{"loc":{"start":{"line":2,"column":22},"end":{"line":4,"column":1}},"type":"binary-expr","locations":[{"start":{"line":2,"column":23},"end":{"line":2,"column":27}},{"start":{"line":2,"column":31},"end":{"line":2,"column":51}},{"start":{"line":2,"column":56},"end":{"line":4,"column":1}}],"line":2},"1":{"loc":{"start":{"line":3,"column":11},"end":{"line":3,"column":61}},"type":"cond-expr","locations":[{"start":{"line":3,"column":37},"end":{"line":3,"column":40}},{"start":{"line":3,"column":43},"end":{"line":3,"column":61}}],"line":3},"2":{"loc":{"start":{"line":3,"column":12},"end":{"line":3,"column":33}},"type":"binary-expr","locations":[{"start":{"line":3,"column":12},"end":{"line":3,"column":15}},{"start":{"line":3,"column":19},"end":{"line":3,"column":33}}],"line":3},"3":{"loc":{"start":{"line":16,"column":12},"end":{"line":21,"column":13}},"type":"if","locations":[{"start":{"line":16,"column":12},"end":{"line":21,"column":13}},{"start":{},"end":{}}],"line":16},"4":{"loc":{"start":{"line":16,"column":16},"end":{"line":16,"column":64}},"type":"binary-expr","locations":[{"start":{"line":16,"column":16},"end":{"line":16,"column":47}},{"start":{"line":16,"column":51},"end":{"line":16,"column":64}}],"line":16},"5":{"loc":{"start":{"line":27,"column":16},"end":{"line":29,"column":17}},"type":"if","locations":[{"start":{"line":27,"column":16},"end":{"line":29,"column":17}},{"start":{},"end":{}}],"line":27},"6":{"loc":{"start":{"line":47,"column":16},"end":{"line":49,"column":17}},"type":"if","locations":[{"start":{"line":47,"column":16},"end":{"line":49,"column":17}},{"start":{},"end":{}}],"line":47},"7":{"loc":{"start":{"line":47,"column":20},"end":{"line":47,"column":37}},"type":"binary-expr","locations":[{"start":{"line":47,"column":20},"end":{"line":47,"column":26}},{"start":{"line":47,"column":30},"end":{"line":47,"column":37}}],"line":47},"8":{"loc":{"start":{"line":54,"column":16},"end":{"line":56,"column":17}},"type":"if","locations":[{"start":{"line":54,"column":16},"end":{"line":56,"column":17}},{"start":{},"end":{}}],"line":54},"9":{"loc":{"start":{"line":54,"column":20},"end":{"line":54,"column":37}},"type":"binary-expr","locations":[{"start":{"line":54,"column":20},"end":{"line":54,"column":26}},{"start":{"line":54,"column":30},"end":{"line":54,"column":37}}],"line":54},"10":{"loc":{"start":{"line":60,"column":16},"end":{"line":62,"column":17}},"type":"if","locations":[{"start":{"line":60,"column":16},"end":{"line":62,"column":17}},{"start":{},"end":{}}],"line":60},"11":{"loc":{"start":{"line":68,"column":16},"end":{"line":70,"column":17}},"type":"if","locations":[{"start":{"line":68,"column":16},"end":{"line":70,"column":17}},{"start":{},"end":{}}],"line":68},"12":{"loc":{"start":{"line":90,"column":19},"end":{"line":90,"column":57}},"type":"default-arg","locations":[{"start":{"line":90,"column":27},"end":{"line":90,"column":57}}],"line":90}},"s":{"0":1,"1":5,"2":1,"3":1,"4":1,"5":1,"6":1,"7":1,"8":1,"9":1,"10":7,"11":5,"12":25,"13":5,"14":7,"15":5,"16":1,"17":0,"18":0,"19":0,"20":0,"21":0,"22":3,"23":3,"24":3,"25":1,"26":3,"27":1,"28":3,"29":1,"30":0,"31":0,"32":0,"33":0,"34":0,"35":0,"36":0,"37":0,"38":0,"39":0,"40":0,"41":0,"42":0,"43":0,"44":0,"45":0,"46":0,"47":0,"48":5,"49":1,"50":1,"51":1,"52":1,"53":1,"54":1,"55":1,"56":31,"57":31,"58":1,"59":1},"f":{"0":5,"1":1,"2":7,"3":25,"4":1,"5":0,"6":0,"7":3,"8":1,"9":3,"10":3,"11":0,"12":0,"13":0,"14":0,"15":0,"16":5,"17":1,"18":31},"b":{"0":[1,1,1],"1":[5,0],"2":[5,5],"3":[5,2],"4":[7,7],"5":[0,0],"6":[0,0],"7":[0,0],"8":[0,0],"9":[0,0],"10":[0,0],"11":[0,0],"12":[1]},"_coverageSchema":"1a1c01bbd47fc00a2c39e90264f33305004495a9","hash":"18eb6b65e962e5b54c3d4ec7e1e5a64867962bbf"}
,"/Users/pierrecabriere/Dev/graphand/core/src/enums/field-types.ts": {"path":"/Users/pierrecabriere/Dev/graphand/core/src/enums/field-types.ts","statementMap":{"0":{"start":{"line":2,"column":0},"end":{"line":2,"column":62}},"1":{"start":{"line":4,"column":0},"end":{"line":12,"column":36}},"2":{"start":{"line":5,"column":4},"end":{"line":5,"column":28}},"3":{"start":{"line":6,"column":4},"end":{"line":6,"column":32}},"4":{"start":{"line":7,"column":4},"end":{"line":7,"column":36}},"5":{"start":{"line":8,"column":4},"end":{"line":8,"column":38}},"6":{"start":{"line":9,"column":4},"end":{"line":9,"column":40}},"7":{"start":{"line":10,"column":4},"end":{"line":10,"column":32}},"8":{"start":{"line":11,"column":4},"end":{"line":11,"column":32}},"9":{"start":{"line":13,"column":0},"end":{"line":13,"column":29}}},"fnMap":{"0":{"name":"(anonymous_0)","decl":{"start":{"line":4,"column":1},"end":{"line":4,"column":2}},"loc":{"start":{"line":4,"column":23},"end":{"line":12,"column":1}},"line":4}},"branchMap":{"0":{"loc":{"start":{"line":12,"column":3},"end":{"line":12,"column":34}},"type":"binary-expr","locations":[{"start":{"line":12,"column":3},"end":{"line":12,"column":13}},{"start":{"line":12,"column":18},"end":{"line":12,"column":33}}],"line":12}},"s":{"0":1,"1":1,"2":1,"3":1,"4":1,"5":1,"6":1,"7":1,"8":1,"9":1},"f":{"0":1},"b":{"0":[1,1]},"_coverageSchema":"1a1c01bbd47fc00a2c39e90264f33305004495a9","hash":"ce59cc7a5318754ea02398501c6686ef1cd908b4"}
,"/Users/pierrecabriere/Dev/graphand/core/src/enums/model-env-scopes.ts": {"path":"/Users/pierrecabriere/Dev/graphand/core/src/enums/model-env-scopes.ts","statementMap":{"0":{"start":{"line":2,"column":0},"end":{"line":2,"column":62}},"1":{"start":{"line":4,"column":0},"end":{"line":8,"column":44}},"2":{"start":{"line":5,"column":4},"end":{"line":5,"column":40}},"3":{"start":{"line":6,"column":4},"end":{"line":6,"column":42}},"4":{"start":{"line":7,"column":4},"end":{"line":7,"column":34}},"5":{"start":{"line":9,"column":0},"end":{"line":9,"column":33}}},"fnMap":{"0":{"name":"(anonymous_0)","decl":{"start":{"line":4,"column":1},"end":{"line":4,"column":2}},"loc":{"start":{"line":4,"column":27},"end":{"line":8,"column":1}},"line":4}},"branchMap":{"0":{"loc":{"start":{"line":8,"column":3},"end":{"line":8,"column":42}},"type":"binary-expr","locations":[{"start":{"line":8,"column":3},"end":{"line":8,"column":17}},{"start":{"line":8,"column":22},"end":{"line":8,"column":41}}],"line":8}},"s":{"0":1,"1":1,"2":1,"3":1,"4":1,"5":1},"f":{"0":1},"b":{"0":[1,1]},"_coverageSchema":"1a1c01bbd47fc00a2c39e90264f33305004495a9","hash":"074c7b0d0d41b1539aee713e1d3586408da82d08"}
,"/Users/pierrecabriere/Dev/graphand/core/src/enums/serializer-format.ts": {"path":"/Users/pierrecabriere/Dev/graphand/core/src/enums/serializer-format.ts","statementMap":{"0":{"start":{"line":2,"column":0},"end":{"line":2,"column":62}},"1":{"start":{"line":4,"column":0},"end":{"line":8,"column":48}},"2":{"start":{"line":5,"column":4},"end":{"line":5,"column":38}},"3":{"start":{"line":6,"column":4},"end":{"line":6,"column":42}},"4":{"start":{"line":7,"column":4},"end":{"line":7,"column":46}},"5":{"start":{"line":9,"column":0},"end":{"line":9,"column":35}}},"fnMap":{"0":{"name":"(anonymous_0)","decl":{"start":{"line":4,"column":1},"end":{"line":4,"column":2}},"loc":{"start":{"line":4,"column":29},"end":{"line":8,"column":1}},"line":4}},"branchMap":{"0":{"loc":{"start":{"line":8,"column":3},"end":{"line":8,"column":46}},"type":"binary-expr","locations":[{"start":{"line":8,"column":3},"end":{"line":8,"column":19}},{"start":{"line":8,"column":24},"end":{"line":8,"column":45}}],"line":8}},"s":{"0":1,"1":1,"2":1,"3":1,"4":1,"5":1},"f":{"0":1},"b":{"0":[1,1]},"_coverageSchema":"1a1c01bbd47fc00a2c39e90264f33305004495a9","hash":"cc4ce89d61b3361638a254c739ebaed3099baf99"}
,"/Users/pierrecabriere/Dev/graphand/core/src/lib/Adapter.ts": {"path":"/Users/pierrecabriere/Dev/graphand/core/src/lib/Adapter.ts","statementMap":{"0":{"start":{"line":2,"column":0},"end":{"line":2,"column":62}},"1":{"start":{"line":8,"column":8},"end":{"line":8,"column":27}},"2":{"start":{"line":11,"column":0},"end":{"line":11,"column":26}}},"fnMap":{"0":{"name":"(anonymous_0)","decl":{"start":{"line":7,"column":4},"end":{"line":7,"column":5}},"loc":{"start":{"line":7,"column":23},"end":{"line":9,"column":5}},"line":7}},"branchMap":{},"s":{"0":1,"1":5,"2":1},"f":{"0":5},"b":{},"_coverageSchema":"1a1c01bbd47fc00a2c39e90264f33305004495a9","hash":"01286127b9c3d39a16226b448f5bb20eb8c9509b"}
,"/Users/pierrecabriere/Dev/graphand/core/src/lib/Field.ts": {"path":"/Users/pierrecabriere/Dev/graphand/core/src/lib/Field.ts","statementMap":{"0":{"start":{"line":2,"column":22},"end":{"line":4,"column":1}},"1":{"start":{"line":3,"column":4},"end":{"line":3,"column":62}},"2":{"start":{"line":5,"column":0},"end":{"line":5,"column":62}},"3":{"start":{"line":6,"column":28},"end":{"line":6,"column":75}},"4":{"start":{"line":11,"column":8},"end":{"line":11,"column":27}},"5":{"start":{"line":12,"column":8},"end":{"line":12,"column":33}},"6":{"start":{"line":15,"column":8},"end":{"line":15,"column":48}},"7":{"start":{"line":18,"column":8},"end":{"line":18,"column":27}},"8":{"start":{"line":21,"column":8},"end":{"line":21,"column":30}},"9":{"start":{"line":24,"column":8},"end":{"line":25,"column":54}},"10":{"start":{"line":28,"column":8},"end":{"line":30,"column":9}},"11":{"start":{"line":29,"column":12},"end":{"line":29,"column":41}},"12":{"start":{"line":31,"column":8},"end":{"line":33,"column":9}},"13":{"start":{"line":32,"column":12},"end":{"line":32,"column":25}},"14":{"start":{"line":34,"column":8},"end":{"line":34,"column":91}},"15":{"start":{"line":37,"column":0},"end":{"line":37,"column":24}}},"fnMap":{"0":{"name":"(anonymous_0)","decl":{"start":{"line":2,"column":56},"end":{"line":2,"column":57}},"loc":{"start":{"line":2,"column":71},"end":{"line":4,"column":1}},"line":2},"1":{"name":"(anonymous_1)","decl":{"start":{"line":10,"column":4},"end":{"line":10,"column":5}},"loc":{"start":{"line":10,"column":36},"end":{"line":13,"column":5}},"line":10},"2":{"name":"(anonymous_2)","decl":{"start":{"line":14,"column":4},"end":{"line":14,"column":5}},"loc":{"start":{"line":14,"column":31},"end":{"line":16,"column":5}},"line":14},"3":{"name":"(anonymous_3)","decl":{"start":{"line":17,"column":4},"end":{"line":17,"column":5}},"loc":{"start":{"line":17,"column":15},"end":{"line":19,"column":5}},"line":17},"4":{"name":"(anonymous_4)","decl":{"start":{"line":20,"column":4},"end":{"line":20,"column":5}},"loc":{"start":{"line":20,"column":18},"end":{"line":22,"column":5}},"line":20},"5":{"name":"(anonymous_5)","decl":{"start":{"line":23,"column":4},"end":{"line":23,"column":5}},"loc":{"start":{"line":23,"column":24},"end":{"line":26,"column":5}},"line":23},"6":{"name":"(anonymous_6)","decl":{"start":{"line":27,"column":4},"end":{"line":27,"column":5}},"loc":{"start":{"line":27,"column":35},"end":{"line":35,"column":5}},"line":27}},"branchMap":{"0":{"loc":{"start":{"line":2,"column":22},"end":{"line":4,"column":1}},"type":"binary-expr","locations":[{"start":{"line":2,"column":23},"end":{"line":2,"column":27}},{"start":{"line":2,"column":31},"end":{"line":2,"column":51}},{"start":{"line":2,"column":56},"end":{"line":4,"column":1}}],"line":2},"1":{"loc":{"start":{"line":3,"column":11},"end":{"line":3,"column":61}},"type":"cond-expr","locations":[{"start":{"line":3,"column":37},"end":{"line":3,"column":40}},{"start":{"line":3,"column":43},"end":{"line":3,"column":61}}],"line":3},"2":{"loc":{"start":{"line":3,"column":12},"end":{"line":3,"column":33}},"type":"binary-expr","locations":[{"start":{"line":3,"column":12},"end":{"line":3,"column":15}},{"start":{"line":3,"column":19},"end":{"line":3,"column":33}}],"line":3},"3":{"loc":{"start":{"line":10,"column":22},"end":{"line":10,"column":34}},"type":"default-arg","locations":[{"start":{"line":10,"column":32},"end":{"line":10,"column":34}}],"line":10},"4":{"loc":{"start":{"line":24,"column":16},"end":{"line":25,"column":52}},"type":"binary-expr","locations":[{"start":{"line":24,"column":16},"end":{"line":24,"column":63}},{"start":{"line":25,"column":12},"end":{"line":25,"column":52}}],"line":24},"5":{"loc":{"start":{"line":28,"column":8},"end":{"line":30,"column":9}},"type":"if","locations":[{"start":{"line":28,"column":8},"end":{"line":30,"column":9}},{"start":{},"end":{}}],"line":28},"6":{"loc":{"start":{"line":28,"column":12},"end":{"line":28,"column":60}},"type":"binary-expr","locations":[{"start":{"line":28,"column":12},"end":{"line":28,"column":31}},{"start":{"line":28,"column":35},"end":{"line":28,"column":60}}],"line":28},"7":{"loc":{"start":{"line":31,"column":8},"end":{"line":33,"column":9}},"type":"if","locations":[{"start":{"line":31,"column":8},"end":{"line":33,"column":9}},{"start":{},"end":{}}],"line":31},"8":{"loc":{"start":{"line":31,"column":12},"end":{"line":31,"column":49}},"type":"binary-expr","locations":[{"start":{"line":31,"column":12},"end":{"line":31,"column":31}},{"start":{"line":31,"column":35},"end":{"line":31,"column":49}}],"line":31},"9":{"loc":{"start":{"line":34,"column":16},"end":{"line":34,"column":89}},"type":"binary-expr","locations":[{"start":{"line":34,"column":16},"end":{"line":34,"column":80}},{"start":{"line":34,"column":84},"end":{"line":34,"column":89}}],"line":34}},"s":{"0":1,"1":1,"2":1,"3":1,"4":10,"5":10,"6":5,"7":0,"8":3,"9":1,"10":1,"11":1,"12":1,"13":0,"14":1,"15":1},"f":{"0":1,"1":10,"2":5,"3":0,"4":3,"5":1,"6":1},"b":{"0":[1,1,1],"1":[1,0],"2":[1,1],"3":[3],"4":[1,1],"5":[1,0],"6":[1,1],"7":[0,1],"8":[1,1],"9":[1,0]},"_coverageSchema":"1a1c01bbd47fc00a2c39e90264f33305004495a9","hash":"9c9dd681e049770e9e63f5142e24f974a41c490f"}
,"/Users/pierrecabriere/Dev/graphand/core/src/lib/Model.ts": {"path":"/Users/pierrecabriere/Dev/graphand/core/src/lib/Model.ts","statementMap":{"0":{"start":{"line":2,"column":17},"end":{"line":7,"column":1}},"1":{"start":{"line":3,"column":12},"end":{"line":3,"column":28}},"2":{"start":{"line":3,"column":34},"end":{"line":3,"column":125}},"3":{"start":{"line":4,"column":4},"end":{"line":5,"column":150}},"4":{"start":{"line":4,"column":79},"end":{"line":4,"column":131}},"5":{"start":{"line":5,"column":9},"end":{"line":5,"column":150}},"6":{"start":{"line":5,"column":22},"end":{"line":5,"column":43}},"7":{"start":{"line":5,"column":58},"end":{"line":5,"column":150}},"8":{"start":{"line":5,"column":81},"end":{"line":5,"column":150}},"9":{"start":{"line":6,"column":4},"end":{"line":6,"column":66}},"10":{"start":{"line":8,"column":17},"end":{"line":10,"column":1}},"11":{"start":{"line":9,"column":4},"end":{"line":9,"column":109}},"12":{"start":{"line":9,"column":79},"end":{"line":9,"column":109}},"13":{"start":{"line":11,"column":22},"end":{"line":13,"column":1}},"14":{"start":{"line":12,"column":4},"end":{"line":12,"column":62}},"15":{"start":{"line":14,"column":0},"end":{"line":14,"column":62}},"16":{"start":{"line":15,"column":16},"end":{"line":15,"column":51}},"17":{"start":{"line":16,"column":23},"end":{"line":16,"column":65}},"18":{"start":{"line":17,"column":27},"end":{"line":17,"column":73}},"19":{"start":{"line":18,"column":25},"end":{"line":18,"column":52}},"20":{"start":{"line":19,"column":22},"end":{"line":19,"column":70}},"21":{"start":{"line":20,"column":28},"end":{"line":20,"column":82}},"22":{"start":{"line":21,"column":18},"end":{"line":21,"column":55}},"23":{"start":{"line":23,"column":24},"end":{"line":23,"column":29}},"24":{"start":{"line":38,"column":8},"end":{"line":38,"column":25}},"25":{"start":{"line":39,"column":8},"end":{"line":39,"column":68}},"26":{"start":{"line":42,"column":8},"end":{"line":42,"column":32}},"27":{"start":{"line":46,"column":33},"end":{"line":47,"column":9}},"28":{"start":{"line":48,"column":8},"end":{"line":48,"column":80}},"29":{"start":{"line":49,"column":8},"end":{"line":49,"column":72}},"30":{"start":{"line":50,"column":8},"end":{"line":50,"column":63}},"31":{"start":{"line":50,"column":37},"end":{"line":50,"column":61}},"32":{"start":{"line":51,"column":8},"end":{"line":51,"column":32}},"33":{"start":{"line":54,"column":22},"end":{"line":54,"column":26}},"34":{"start":{"line":55,"column":8},"end":{"line":71,"column":11}},"35":{"start":{"line":56,"column":12},"end":{"line":69,"column":13}},"36":{"start":{"line":57,"column":16},"end":{"line":68,"column":17}},"37":{"start":{"line":58,"column":20},"end":{"line":60,"column":21}},"38":{"start":{"line":59,"column":24},"end":{"line":59,"column":51}},"39":{"start":{"line":61,"column":35},"end":{"line":61,"column":67}},"40":{"start":{"line":62,"column":20},"end":{"line":64,"column":23}},"41":{"start":{"line":63,"column":24},"end":{"line":63,"column":86}},"42":{"start":{"line":67,"column":20},"end":{"line":67,"column":30}},"43":{"start":{"line":70,"column":12},"end":{"line":70,"column":22}},"44":{"start":{"line":72,"column":8},"end":{"line":72,"column":33}},"45":{"start":{"line":75,"column":21},"end":{"line":75,"column":30}},"46":{"start":{"line":76,"column":20},"end":{"line":76,"column":24}},"47":{"start":{"line":77,"column":8},"end":{"line":85,"column":24}},"48":{"start":{"line":78,"column":12},"end":{"line":82,"column":13}},"49":{"start":{"line":79,"column":16},"end":{"line":81,"column":19}},"50":{"start":{"line":80,"column":20},"end":{"line":80,"column":61}},"51":{"start":{"line":84,"column":12},"end":{"line":84,"column":36}},"52":{"start":{"line":86,"column":8},"end":{"line":86,"column":22}},"53":{"start":{"line":89,"column":21},"end":{"line":89,"column":23}},"54":{"start":{"line":90,"column":20},"end":{"line":90,"column":24}},"55":{"start":{"line":91,"column":8},"end":{"line":100,"column":24}},"56":{"start":{"line":92,"column":12},"end":{"line":97,"column":13}},"57":{"start":{"line":93,"column":36},"end":{"line":93,"column":132}},"58":{"start":{"line":93,"column":85},"end":{"line":93,"column":131}},"59":{"start":{"line":94,"column":16},"end":{"line":96,"column":17}},"60":{"start":{"line":95,"column":20},"end":{"line":95,"column":56}},"61":{"start":{"line":99,"column":12},"end":{"line":99,"column":36}},"62":{"start":{"line":101,"column":8},"end":{"line":101,"column":22}},"63":{"start":{"line":104,"column":23},"end":{"line":104,"column":54}},"64":{"start":{"line":105,"column":27},"end":{"line":117,"column":14}},"65":{"start":{"line":106,"column":12},"end":{"line":115,"column":14}},"66":{"start":{"line":110,"column":20},"end":{"line":110,"column":42}},"67":{"start":{"line":113,"column":20},"end":{"line":113,"column":45}},"68":{"start":{"line":116,"column":12},"end":{"line":116,"column":21}},"69":{"start":{"line":118,"column":8},"end":{"line":118,"column":50}},"70":{"start":{"line":121,"column":8},"end":{"line":121,"column":25}},"71":{"start":{"line":124,"column":8},"end":{"line":126,"column":9}},"72":{"start":{"line":125,"column":12},"end":{"line":125,"column":47}},"73":{"start":{"line":129,"column":23},"end":{"line":129,"column":49}},"74":{"start":{"line":130,"column":8},"end":{"line":130,"column":66}},"75":{"start":{"line":130,"column":49},"end":{"line":130,"column":64}},"76":{"start":{"line":138,"column":22},"end":{"line":138,"column":63}},"77":{"start":{"line":139,"column":8},"end":{"line":141,"column":9}},"78":{"start":{"line":140,"column":12},"end":{"line":140,"column":29}},"79":{"start":{"line":142,"column":8},"end":{"line":142,"column":63}},"80":{"start":{"line":151,"column":22},"end":{"line":151,"column":71}},"81":{"start":{"line":152,"column":8},"end":{"line":154,"column":9}},"82":{"start":{"line":153,"column":12},"end":{"line":153,"column":19}},"83":{"start":{"line":155,"column":8},"end":{"line":155,"column":83}},"84":{"start":{"line":156,"column":8},"end":{"line":162,"column":33}},"85":{"start":{"line":163,"column":8},"end":{"line":163,"column":33}},"86":{"start":{"line":164,"column":8},"end":{"line":164,"column":20}},"87":{"start":{"line":167,"column":18},"end":{"line":167,"column":22}},"88":{"start":{"line":168,"column":8},"end":{"line":168,"column":91}},"89":{"start":{"line":168,"column":56},"end":{"line":168,"column":66}},"90":{"start":{"line":171,"column":23},"end":{"line":171,"column":54}},"91":{"start":{"line":172,"column":18},"end":{"line":172,"column":20}},"92":{"start":{"line":173,"column":8},"end":{"line":175,"column":9}},"93":{"start":{"line":174,"column":12},"end":{"line":174,"column":55}},"94":{"start":{"line":176,"column":8},"end":{"line":176,"column":19}},"95":{"start":{"line":179,"column":8},"end":{"line":179,"column":57}},"96":{"start":{"line":182,"column":8},"end":{"line":182,"column":59}},"97":{"start":{"line":185,"column":8},"end":{"line":185,"column":42}},"98":{"start":{"line":188,"column":22},"end":{"line":188,"column":26}},"99":{"start":{"line":189,"column":18},"end":{"line":189,"column":29}},"100":{"start":{"line":190,"column":23},"end":{"line":190,"column":51}},"101":{"start":{"line":191,"column":23},"end":{"line":191,"column":38}},"102":{"start":{"line":192,"column":8},"end":{"line":194,"column":11}},"103":{"start":{"line":193,"column":12},"end":{"line":193,"column":36}},"104":{"start":{"line":195,"column":8},"end":{"line":195,"column":17}},"105":{"start":{"line":198,"column":8},"end":{"line":198,"column":29}},"106":{"start":{"line":199,"column":8},"end":{"line":199,"column":32}},"107":{"start":{"line":200,"column":8},"end":{"line":200,"column":44}},"108":{"start":{"line":203,"column":22},"end":{"line":203,"column":26}},"109":{"start":{"line":204,"column":8},"end":{"line":204,"column":30}},"110":{"start":{"line":205,"column":8},"end":{"line":216,"column":24}},"111":{"start":{"line":207,"column":16},"end":{"line":214,"column":17}},"112":{"start":{"line":208,"column":20},"end":{"line":208,"column":45}},"113":{"start":{"line":209,"column":30},"end":{"line":209,"column":62}},"114":{"start":{"line":210,"column":20},"end":{"line":210,"column":31}},"115":{"start":{"line":213,"column":20},"end":{"line":213,"column":30}},"116":{"start":{"line":219,"column":22},"end":{"line":219,"column":26}},"117":{"start":{"line":220,"column":8},"end":{"line":220,"column":30}},"118":{"start":{"line":221,"column":8},"end":{"line":232,"column":24}},"119":{"start":{"line":223,"column":16},"end":{"line":230,"column":17}},"120":{"start":{"line":224,"column":20},"end":{"line":224,"column":45}},"121":{"start":{"line":225,"column":33},"end":{"line":225,"column":69}},"122":{"start":{"line":226,"column":20},"end":{"line":226,"column":34}},"123":{"start":{"line":229,"column":20},"end":{"line":229,"column":30}},"124":{"start":{"line":235,"column":8},"end":{"line":235,"column":29}},"125":{"start":{"line":236,"column":8},"end":{"line":236,"column":32}},"126":{"start":{"line":237,"column":8},"end":{"line":237,"column":56}},"127":{"start":{"line":240,"column":8},"end":{"line":240,"column":29}},"128":{"start":{"line":241,"column":8},"end":{"line":241,"column":32}},"129":{"start":{"line":242,"column":8},"end":{"line":242,"column":61}},"130":{"start":{"line":245,"column":8},"end":{"line":245,"column":35}},"131":{"start":{"line":246,"column":20},"end":{"line":246,"column":75}},"132":{"start":{"line":247,"column":8},"end":{"line":247,"column":31}},"133":{"start":{"line":248,"column":8},"end":{"line":248,"column":20}},"134":{"start":{"line":251,"column":8},"end":{"line":251,"column":29}},"135":{"start":{"line":252,"column":8},"end":{"line":252,"column":32}},"136":{"start":{"line":253,"column":8},"end":{"line":256,"column":9}},"137":{"start":{"line":254,"column":28},"end":{"line":254,"column":74}},"138":{"start":{"line":255,"column":12},"end":{"line":255,"column":29}},"139":{"start":{"line":257,"column":8},"end":{"line":257,"column":67}},"140":{"start":{"line":260,"column":8},"end":{"line":260,"column":35}},"141":{"start":{"line":261,"column":8},"end":{"line":261,"column":56}},"142":{"start":{"line":262,"column":8},"end":{"line":262,"column":20}},"143":{"start":{"line":265,"column":8},"end":{"line":265,"column":29}},"144":{"start":{"line":266,"column":8},"end":{"line":266,"column":32}},"145":{"start":{"line":267,"column":8},"end":{"line":273,"column":9}},"146":{"start":{"line":268,"column":28},"end":{"line":268,"column":66}},"147":{"start":{"line":269,"column":12},"end":{"line":271,"column":13}},"148":{"start":{"line":270,"column":16},"end":{"line":270,"column":31}},"149":{"start":{"line":272,"column":12},"end":{"line":272,"column":22}},"150":{"start":{"line":274,"column":8},"end":{"line":274,"column":59}},"151":{"start":{"line":277,"column":8},"end":{"line":279,"column":9}},"152":{"start":{"line":278,"column":12},"end":{"line":278,"column":37}},"153":{"start":{"line":280,"column":21},"end":{"line":280,"column":42}},"154":{"start":{"line":281,"column":8},"end":{"line":290,"column":9}},"155":{"start":{"line":282,"column":23},"end":{"line":282,"column":30}},"156":{"start":{"line":283,"column":12},"end":{"line":289,"column":14}},"157":{"start":{"line":284,"column":28},"end":{"line":284,"column":46}},"158":{"start":{"line":285,"column":16},"end":{"line":287,"column":17}},"159":{"start":{"line":286,"column":20},"end":{"line":286,"column":46}},"160":{"start":{"line":288,"column":16},"end":{"line":288,"column":27}},"161":{"start":{"line":291,"column":8},"end":{"line":291,"column":31}},"162":{"start":{"line":294,"column":19},"end":{"line":294,"column":49}},"163":{"start":{"line":295,"column":28},"end":{"line":295,"column":68}},"164":{"start":{"line":296,"column":34},"end":{"line":296,"column":42}},"165":{"start":{"line":297,"column":26},"end":{"line":297,"column":28}},"166":{"start":{"line":298,"column":8},"end":{"line":306,"column":30}},"167":{"start":{"line":299,"column":12},"end":{"line":299,"column":20}},"168":{"start":{"line":300,"column":12},"end":{"line":305,"column":13}},"169":{"start":{"line":301,"column":16},"end":{"line":301,"column":60}},"170":{"start":{"line":304,"column":16},"end":{"line":304,"column":36}},"171":{"start":{"line":307,"column":8},"end":{"line":309,"column":9}},"172":{"start":{"line":308,"column":12},"end":{"line":308,"column":28}},"173":{"start":{"line":310,"column":33},"end":{"line":310,"column":50}},"174":{"start":{"line":311,"column":8},"end":{"line":317,"column":9}},"175":{"start":{"line":312,"column":12},"end":{"line":312,"column":77}},"176":{"start":{"line":315,"column":12},"end":{"line":315,"column":31}},"177":{"start":{"line":316,"column":12},"end":{"line":316,"column":41}},"178":{"start":{"line":318,"column":27},"end":{"line":318,"column":66}},"179":{"start":{"line":319,"column":8},"end":{"line":328,"column":30}},"180":{"start":{"line":320,"column":12},"end":{"line":320,"column":20}},"181":{"start":{"line":321,"column":12},"end":{"line":327,"column":13}},"182":{"start":{"line":322,"column":16},"end":{"line":322,"column":59}},"183":{"start":{"line":325,"column":16},"end":{"line":325,"column":44}},"184":{"start":{"line":326,"column":16},"end":{"line":326,"column":47}},"185":{"start":{"line":329,"column":8},"end":{"line":331,"column":9}},"186":{"start":{"line":330,"column":12},"end":{"line":330,"column":39}},"187":{"start":{"line":332,"column":8},"end":{"line":332,"column":36}},"188":{"start":{"line":335,"column":0},"end":{"line":338,"column":35}},"189":{"start":{"line":339,"column":0},"end":{"line":342,"column":41}},"190":{"start":{"line":343,"column":0},"end":{"line":346,"column":41}},"191":{"start":{"line":347,"column":0},"end":{"line":350,"column":41}},"192":{"start":{"line":351,"column":0},"end":{"line":354,"column":41}},"193":{"start":{"line":355,"column":0},"end":{"line":355,"column":24}}},"fnMap":{"0":{"name":"(anonymous_0)","decl":{"start":{"line":2,"column":46},"end":{"line":2,"column":47}},"loc":{"start":{"line":2,"column":87},"end":{"line":7,"column":1}},"line":2},"1":{"name":"(anonymous_1)","decl":{"start":{"line":8,"column":46},"end":{"line":8,"column":47}},"loc":{"start":{"line":8,"column":62},"end":{"line":10,"column":1}},"line":8},"2":{"name":"(anonymous_2)","decl":{"start":{"line":11,"column":56},"end":{"line":11,"column":57}},"loc":{"start":{"line":11,"column":71},"end":{"line":13,"column":1}},"line":11},"3":{"name":"(anonymous_3)","decl":{"start":{"line":37,"column":4},"end":{"line":37,"column":5}},"loc":{"start":{"line":37,"column":26},"end":{"line":40,"column":5}},"line":37},"4":{"name":"(anonymous_4)","decl":{"start":{"line":41,"column":4},"end":{"line":41,"column":5}},"loc":{"start":{"line":41,"column":16},"end":{"line":43,"column":5}},"line":41},"5":{"name":"(anonymous_5)","decl":{"start":{"line":44,"column":4},"end":{"line":44,"column":5}},"loc":{"start":{"line":44,"column":46},"end":{"line":52,"column":5}},"line":44},"6":{"name":"(anonymous_6)","decl":{"start":{"line":50,"column":25},"end":{"line":50,"column":26}},"loc":{"start":{"line":50,"column":37},"end":{"line":50,"column":61}},"line":50},"7":{"name":"(anonymous_7)","decl":{"start":{"line":53,"column":4},"end":{"line":53,"column":5}},"loc":{"start":{"line":53,"column":30},"end":{"line":73,"column":5}},"line":53},"8":{"name":"(anonymous_8)","decl":{"start":{"line":55,"column":43},"end":{"line":55,"column":44}},"loc":{"start":{"line":55,"column":70},"end":{"line":71,"column":9}},"line":55},"9":{"name":"(anonymous_9)","decl":{"start":{"line":62,"column":35},"end":{"line":62,"column":36}},"loc":{"start":{"line":62,"column":42},"end":{"line":64,"column":21}},"line":62},"10":{"name":"(anonymous_10)","decl":{"start":{"line":74,"column":4},"end":{"line":74,"column":5}},"loc":{"start":{"line":74,"column":32},"end":{"line":87,"column":5}},"line":74},"11":{"name":"(anonymous_11)","decl":{"start":{"line":79,"column":58},"end":{"line":79,"column":59}},"loc":{"start":{"line":79,"column":67},"end":{"line":81,"column":17}},"line":79},"12":{"name":"(anonymous_12)","decl":{"start":{"line":88,"column":4},"end":{"line":88,"column":5}},"loc":{"start":{"line":88,"column":44},"end":{"line":102,"column":5}},"line":88},"13":{"name":"(anonymous_13)","decl":{"start":{"line":93,"column":75},"end":{"line":93,"column":76}},"loc":{"start":{"line":93,"column":85},"end":{"line":93,"column":131}},"line":93},"14":{"name":"(anonymous_14)","decl":{"start":{"line":103,"column":4},"end":{"line":103,"column":5}},"loc":{"start":{"line":103,"column":29},"end":{"line":119,"column":5}},"line":103},"15":{"name":"(anonymous_15)","decl":{"start":{"line":105,"column":60},"end":{"line":105,"column":61}},"loc":{"start":{"line":105,"column":73},"end":{"line":117,"column":9}},"line":105},"16":{"name":"(anonymous_16)","decl":{"start":{"line":109,"column":21},"end":{"line":109,"column":22}},"loc":{"start":{"line":109,"column":33},"end":{"line":111,"column":17}},"line":109},"17":{"name":"(anonymous_17)","decl":{"start":{"line":112,"column":16},"end":{"line":112,"column":17}},"loc":{"start":{"line":112,"column":23},"end":{"line":114,"column":17}},"line":112},"18":{"name":"(anonymous_18)","decl":{"start":{"line":120,"column":4},"end":{"line":120,"column":5}},"loc":{"start":{"line":120,"column":16},"end":{"line":122,"column":5}},"line":120},"19":{"name":"(anonymous_19)","decl":{"start":{"line":123,"column":4},"end":{"line":123,"column":5}},"loc":{"start":{"line":123,"column":27},"end":{"line":127,"column":5}},"line":123},"20":{"name":"(anonymous_20)","decl":{"start":{"line":128,"column":4},"end":{"line":128,"column":5}},"loc":{"start":{"line":128,"column":29},"end":{"line":131,"column":5}},"line":128},"21":{"name":"(anonymous_21)","decl":{"start":{"line":130,"column":42},"end":{"line":130,"column":43}},"loc":{"start":{"line":130,"column":49},"end":{"line":130,"column":64}},"line":130},"22":{"name":"(anonymous_22)","decl":{"start":{"line":137,"column":4},"end":{"line":137,"column":5}},"loc":{"start":{"line":137,"column":59},"end":{"line":143,"column":5}},"line":137},"23":{"name":"(anonymous_23)","decl":{"start":{"line":150,"column":4},"end":{"line":150,"column":5}},"loc":{"start":{"line":150,"column":29},"end":{"line":165,"column":5}},"line":150},"24":{"name":"(anonymous_24)","decl":{"start":{"line":166,"column":4},"end":{"line":166,"column":5}},"loc":{"start":{"line":166,"column":16},"end":{"line":169,"column":5}},"line":166},"25":{"name":"(anonymous_25)","decl":{"start":{"line":168,"column":43},"end":{"line":168,"column":44}},"loc":{"start":{"line":168,"column":56},"end":{"line":168,"column":66}},"line":168},"26":{"name":"(anonymous_26)","decl":{"start":{"line":170,"column":4},"end":{"line":170,"column":5}},"loc":{"start":{"line":170,"column":15},"end":{"line":177,"column":5}},"line":170},"27":{"name":"(anonymous_27)","decl":{"start":{"line":178,"column":4},"end":{"line":178,"column":5}},"loc":{"start":{"line":178,"column":13},"end":{"line":180,"column":5}},"line":178},"28":{"name":"(anonymous_28)","decl":{"start":{"line":181,"column":4},"end":{"line":181,"column":5}},"loc":{"start":{"line":181,"column":15},"end":{"line":183,"column":5}},"line":181},"29":{"name":"(anonymous_29)","decl":{"start":{"line":184,"column":4},"end":{"line":184,"column":5}},"loc":{"start":{"line":184,"column":15},"end":{"line":186,"column":5}},"line":184},"30":{"name":"(anonymous_30)","decl":{"start":{"line":187,"column":4},"end":{"line":187,"column":5}},"loc":{"start":{"line":187,"column":27},"end":{"line":196,"column":5}},"line":187},"31":{"name":"(anonymous_31)","decl":{"start":{"line":192,"column":42},"end":{"line":192,"column":43}},"loc":{"start":{"line":192,"column":51},"end":{"line":194,"column":9}},"line":192},"32":{"name":"(anonymous_32)","decl":{"start":{"line":197,"column":4},"end":{"line":197,"column":5}},"loc":{"start":{"line":197,"column":35},"end":{"line":201,"column":5}},"line":197},"33":{"name":"(anonymous_33)","decl":{"start":{"line":202,"column":4},"end":{"line":202,"column":5}},"loc":{"start":{"line":202,"column":27},"end":{"line":217,"column":5}},"line":202},"34":{"name":"(anonymous_34)","decl":{"start":{"line":206,"column":12},"end":{"line":206,"column":13}},"loc":{"start":{"line":206,"column":39},"end":{"line":215,"column":13}},"line":206},"35":{"name":"(anonymous_35)","decl":{"start":{"line":218,"column":4},"end":{"line":218,"column":5}},"loc":{"start":{"line":218,"column":31},"end":{"line":233,"column":5}},"line":218},"36":{"name":"(anonymous_36)","decl":{"start":{"line":222,"column":12},"end":{"line":222,"column":13}},"loc":{"start":{"line":222,"column":39},"end":{"line":231,"column":13}},"line":222},"37":{"name":"(anonymous_37)","decl":{"start":{"line":234,"column":4},"end":{"line":234,"column":5}},"loc":{"start":{"line":234,"column":33},"end":{"line":238,"column":5}},"line":234},"38":{"name":"(anonymous_38)","decl":{"start":{"line":239,"column":4},"end":{"line":239,"column":5}},"loc":{"start":{"line":239,"column":41},"end":{"line":243,"column":5}},"line":239},"39":{"name":"(anonymous_39)","decl":{"start":{"line":244,"column":4},"end":{"line":244,"column":5}},"loc":{"start":{"line":244,"column":25},"end":{"line":249,"column":5}},"line":244},"40":{"name":"(anonymous_40)","decl":{"start":{"line":250,"column":4},"end":{"line":250,"column":5}},"loc":{"start":{"line":250,"column":44},"end":{"line":258,"column":5}},"line":250},"41":{"name":"(anonymous_41)","decl":{"start":{"line":259,"column":4},"end":{"line":259,"column":5}},"loc":{"start":{"line":259,"column":19},"end":{"line":263,"column":5}},"line":259},"42":{"name":"(anonymous_42)","decl":{"start":{"line":264,"column":4},"end":{"line":264,"column":5}},"loc":{"start":{"line":264,"column":36},"end":{"line":275,"column":5}},"line":264},"43":{"name":"(anonymous_43)","decl":{"start":{"line":276,"column":4},"end":{"line":276,"column":5}},"loc":{"start":{"line":276,"column":45},"end":{"line":292,"column":5}},"line":276},"44":{"name":"(anonymous_44)","decl":{"start":{"line":283,"column":22},"end":{"line":283,"column":23}},"loc":{"start":{"line":283,"column":35},"end":{"line":289,"column":13}},"line":283},"45":{"name":"(anonymous_45)","decl":{"start":{"line":293,"column":4},"end":{"line":293,"column":5}},"loc":{"start":{"line":293,"column":42},"end":{"line":333,"column":5}},"line":293},"46":{"name":"(anonymous_46)","decl":{"start":{"line":298,"column":38},"end":{"line":298,"column":39}},"loc":{"start":{"line":298,"column":57},"end":{"line":306,"column":9}},"line":298},"47":{"name":"(anonymous_47)","decl":{"start":{"line":319,"column":37},"end":{"line":319,"column":38}},"loc":{"start":{"line":319,"column":56},"end":{"line":328,"column":9}},"line":319}},"branchMap":{"0":{"loc":{"start":{"line":2,"column":17},"end":{"line":7,"column":1}},"type":"binary-expr","locations":[{"start":{"line":2,"column":18},"end":{"line":2,"column":22}},{"start":{"line":2,"column":26},"end":{"line":2,"column":41}},{"start":{"line":2,"column":46},"end":{"line":7,"column":1}}],"line":2},"1":{"loc":{"start":{"line":3,"column":34},"end":{"line":3,"column":125}},"type":"cond-expr","locations":[{"start":{"line":3,"column":42},"end":{"line":3,"column":48}},{"start":{"line":3,"column":51},"end":{"line":3,"column":125}}],"line":3},"2":{"loc":{"start":{"line":3,"column":51},"end":{"line":3,"column":125}},"type":"cond-expr","locations":[{"start":{"line":3,"column":67},"end":{"line":3,"column":118}},{"start":{"line":3,"column":121},"end":{"line":3,"column":125}}],"line":3},"3":{"loc":{"start":{"line":4,"column":4},"end":{"line":5,"column":150}},"type":"if","locations":[{"start":{"line":4,"column":4},"end":{"line":5,"column":150}},{"start":{"line":5,"column":9},"end":{"line":5,"column":150}}],"line":4},"4":{"loc":{"start":{"line":4,"column":8},"end":{"line":4,"column":77}},"type":"binary-expr","locations":[{"start":{"line":4,"column":8},"end":{"line":4,"column":35}},{"start":{"line":4,"column":39},"end":{"line":4,"column":77}}],"line":4},"5":{"loc":{"start":{"line":5,"column":58},"end":{"line":5,"column":150}},"type":"if","locations":[{"start":{"line":5,"column":58},"end":{"line":5,"column":150}},{"start":{},"end":{}}],"line":5},"6":{"loc":{"start":{"line":5,"column":85},"end":{"line":5,"column":149}},"type":"binary-expr","locations":[{"start":{"line":5,"column":86},"end":{"line":5,"column":143}},{"start":{"line":5,"column":148},"end":{"line":5,"column":149}}],"line":5},"7":{"loc":{"start":{"line":5,"column":86},"end":{"line":5,"column":143}},"type":"cond-expr","locations":[{"start":{"line":5,"column":94},"end":{"line":5,"column":98}},{"start":{"line":5,"column":101},"end":{"line":5,"column":143}}],"line":5},"8":{"loc":{"start":{"line":5,"column":101},"end":{"line":5,"column":143}},"type":"cond-expr","locations":[{"start":{"line":5,"column":109},"end":{"line":5,"column":126}},{"start":{"line":5,"column":129},"end":{"line":5,"column":143}}],"line":5},"9":{"loc":{"start":{"line":6,"column":11},"end":{"line":6,"column":62}},"type":"binary-expr","locations":[{"start":{"line":6,"column":11},"end":{"line":6,"column":16}},{"start":{"line":6,"column":20},"end":{"line":6,"column":21}},{"start":{"line":6,"column":25},"end":{"line":6,"column":62}}],"line":6},"10":{"loc":{"start":{"line":8,"column":17},"end":{"line":10,"column":1}},"type":"binary-expr","locations":[{"start":{"line":8,"column":18},"end":{"line":8,"column":22}},{"start":{"line":8,"column":26},"end":{"line":8,"column":41}},{"start":{"line":8,"column":46},"end":{"line":10,"column":1}}],"line":8},"11":{"loc":{"start":{"line":9,"column":4},"end":{"line":9,"column":109}},"type":"if","locations":[{"start":{"line":9,"column":4},"end":{"line":9,"column":109}},{"start":{},"end":{}}],"line":9},"12":{"loc":{"start":{"line":9,"column":8},"end":{"line":9,"column":77}},"type":"binary-expr","locations":[{"start":{"line":9,"column":8},"end":{"line":9,"column":35}},{"start":{"line":9,"column":39},"end":{"line":9,"column":77}}],"line":9},"13":{"loc":{"start":{"line":11,"column":22},"end":{"line":13,"column":1}},"type":"binary-expr","locations":[{"start":{"line":11,"column":23},"end":{"line":11,"column":27}},{"start":{"line":11,"column":31},"end":{"line":11,"column":51}},{"start":{"line":11,"column":56},"end":{"line":13,"column":1}}],"line":11},"14":{"loc":{"start":{"line":12,"column":11},"end":{"line":12,"column":61}},"type":"cond-expr","locations":[{"start":{"line":12,"column":37},"end":{"line":12,"column":40}},{"start":{"line":12,"column":43},"end":{"line":12,"column":61}}],"line":12},"15":{"loc":{"start":{"line":12,"column":12},"end":{"line":12,"column":33}},"type":"binary-expr","locations":[{"start":{"line":12,"column":12},"end":{"line":12,"column":15}},{"start":{"line":12,"column":19},"end":{"line":12,"column":33}}],"line":12},"16":{"loc":{"start":{"line":37,"column":16},"end":{"line":37,"column":24}},"type":"default-arg","locations":[{"start":{"line":37,"column":22},"end":{"line":37,"column":24}}],"line":37},"17":{"loc":{"start":{"line":56,"column":12},"end":{"line":69,"column":13}},"type":"if","locations":[{"start":{"line":56,"column":12},"end":{"line":69,"column":13}},{"start":{},"end":{}}],"line":56},"18":{"loc":{"start":{"line":58,"column":20},"end":{"line":60,"column":21}},"type":"if","locations":[{"start":{"line":58,"column":20},"end":{"line":60,"column":21}},{"start":{},"end":{}}],"line":58},"19":{"loc":{"start":{"line":58,"column":24},"end":{"line":58,"column":76}},"type":"binary-expr","locations":[{"start":{"line":58,"column":24},"end":{"line":58,"column":57}},{"start":{"line":58,"column":61},"end":{"line":58,"column":76}}],"line":58},"20":{"loc":{"start":{"line":78,"column":12},"end":{"line":82,"column":13}},"type":"if","locations":[{"start":{"line":78,"column":12},"end":{"line":82,"column":13}},{"start":{},"end":{}}],"line":78},"21":{"loc":{"start":{"line":92,"column":12},"end":{"line":97,"column":13}},"type":"if","locations":[{"start":{"line":92,"column":12},"end":{"line":97,"column":13}},{"start":{},"end":{}}],"line":92},"22":{"loc":{"start":{"line":93,"column":47},"end":{"line":93,"column":66}},"type":"binary-expr","locations":[{"start":{"line":93,"column":47},"end":{"line":93,"column":60}},{"start":{"line":93,"column":64},"end":{"line":93,"column":66}}],"line":93},"23":{"loc":{"start":{"line":93,"column":85},"end":{"line":93,"column":131}},"type":"binary-expr","locations":[{"start":{"line":93,"column":85},"end":{"line":93,"column":107}},{"start":{"line":93,"column":111},"end":{"line":93,"column":131}}],"line":93},"24":{"loc":{"start":{"line":94,"column":16},"end":{"line":96,"column":17}},"type":"if","locations":[{"start":{"line":94,"column":16},"end":{"line":96,"column":17}},{"start":{},"end":{}}],"line":94},"25":{"loc":{"start":{"line":124,"column":8},"end":{"line":126,"column":9}},"type":"if","locations":[{"start":{"line":124,"column":8},"end":{"line":126,"column":9}},{"start":{},"end":{}}],"line":124},"26":{"loc":{"start":{"line":124,"column":12},"end":{"line":124,"column":77}},"type":"binary-expr","locations":[{"start":{"line":124,"column":12},"end":{"line":124,"column":27}},{"start":{"line":124,"column":31},"end":{"line":124,"column":77}}],"line":124},"27":{"loc":{"start":{"line":137,"column":14},"end":{"line":137,"column":57}},"type":"default-arg","locations":[{"start":{"line":137,"column":23},"end":{"line":137,"column":57}}],"line":137},"28":{"loc":{"start":{"line":139,"column":8},"end":{"line":141,"column":9}},"type":"if","locations":[{"start":{"line":139,"column":8},"end":{"line":141,"column":9}},{"start":{},"end":{}}],"line":139},"29":{"loc":{"start":{"line":152,"column":8},"end":{"line":154,"column":9}},"type":"if","locations":[{"start":{"line":152,"column":8},"end":{"line":154,"column":9}},{"start":{},"end":{}}],"line":152},"30":{"loc":{"start":{"line":197,"column":23},"end":{"line":197,"column":33}},"type":"default-arg","locations":[{"start":{"line":197,"column":31},"end":{"line":197,"column":33}}],"line":197},"31":{"loc":{"start":{"line":202,"column":15},"end":{"line":202,"column":25}},"type":"default-arg","locations":[{"start":{"line":202,"column":23},"end":{"line":202,"column":25}}],"line":202},"32":{"loc":{"start":{"line":218,"column":19},"end":{"line":218,"column":29}},"type":"default-arg","locations":[{"start":{"line":218,"column":27},"end":{"line":218,"column":29}}],"line":218},"33":{"loc":{"start":{"line":250,"column":24},"end":{"line":250,"column":34}},"type":"default-arg","locations":[{"start":{"line":250,"column":32},"end":{"line":250,"column":34}}],"line":250},"34":{"loc":{"start":{"line":253,"column":8},"end":{"line":256,"column":9}},"type":"if","locations":[{"start":{"line":253,"column":8},"end":{"line":256,"column":9}},{"start":{},"end":{}}],"line":253},"35":{"loc":{"start":{"line":264,"column":24},"end":{"line":264,"column":34}},"type":"default-arg","locations":[{"start":{"line":264,"column":32},"end":{"line":264,"column":34}}],"line":264},"36":{"loc":{"start":{"line":267,"column":8},"end":{"line":273,"column":9}},"type":"if","locations":[{"start":{"line":267,"column":8},"end":{"line":273,"column":9}},{"start":{},"end":{}}],"line":267},"37":{"loc":{"start":{"line":269,"column":12},"end":{"line":271,"column":13}},"type":"if","locations":[{"start":{"line":269,"column":12},"end":{"line":271,"column":13}},{"start":{},"end":{}}],"line":269},"38":{"loc":{"start":{"line":277,"column":8},"end":{"line":279,"column":9}},"type":"if","locations":[{"start":{"line":277,"column":8},"end":{"line":279,"column":9}},{"start":{},"end":{}}],"line":277},"39":{"loc":{"start":{"line":277,"column":12},"end":{"line":277,"column":60}},"type":"binary-expr","locations":[{"start":{"line":277,"column":12},"end":{"line":277,"column":43}},{"start":{"line":277,"column":47},"end":{"line":277,"column":60}}],"line":277},"40":{"loc":{"start":{"line":281,"column":8},"end":{"line":290,"column":9}},"type":"if","locations":[{"start":{"line":281,"column":8},"end":{"line":290,"column":9}},{"start":{},"end":{}}],"line":281},"41":{"loc":{"start":{"line":285,"column":16},"end":{"line":287,"column":17}},"type":"if","locations":[{"start":{"line":285,"column":16},"end":{"line":287,"column":17}},{"start":{},"end":{}}],"line":285},"42":{"loc":{"start":{"line":307,"column":8},"end":{"line":309,"column":9}},"type":"if","locations":[{"start":{"line":307,"column":8},"end":{"line":309,"column":9}},{"start":{},"end":{}}],"line":307},"43":{"loc":{"start":{"line":329,"column":8},"end":{"line":331,"column":9}},"type":"if","locations":[{"start":{"line":329,"column":8},"end":{"line":331,"column":9}},{"start":{},"end":{}}],"line":329}},"s":{"0":1,"1":5,"2":5,"3":5,"4":0,"5":5,"6":5,"7":10,"8":5,"9":5,"10":1,"11":5,"12":0,"13":1,"14":6,"15":1,"16":1,"17":1,"18":1,"19":1,"20":1,"21":1,"22":1,"23":1,"24":31,"25":31,"26":50,"27":5,"28":5,"29":5,"30":5,"31":0,"32":5,"33":5,"34":5,"35":5,"36":5,"37":5,"38":5,"39":5,"40":5,"41":5,"42":0,"43":5,"44":5,"45":33,"46":33,"47":33,"48":165,"49":66,"50":198,"51":165,"52":33,"53":20,"54":20,"55":20,"56":100,"57":20,"58":0,"59":20,"60":0,"61":100,"62":20,"63":31,"64":31,"65":186,"66":1,"67":0,"68":186,"69":31,"70":31,"71":5,"72":0,"73":0,"74":0,"75":0,"76":1,"77":1,"78":0,"79":1,"80":0,"81":0,"82":0,"83":0,"84":0,"85":0,"86":0,"87":0,"88":0,"89":0,"90":0,"91":0,"92":0,"93":0,"94":0,"95":0,"96":0,"97":0,"98":0,"99":0,"100":0,"101":0,"102":0,"103":0,"104":0,"105":1,"106":1,"107":1,"108":0,"109":0,"110":0,"111":0,"112":0,"113":0,"114":0,"115":0,"116":0,"117":0,"118":0,"119":0,"120":0,"121":0,"122":0,"123":0,"124":3,"125":3,"126":3,"127":1,"128":1,"129":1,"130":0,"131":0,"132":0,"133":0,"134":0,"135":0,"136":0,"137":0,"138":0,"139":0,"140":0,"141":0,"142":0,"143":0,"144":0,"145":0,"146":0,"147":0,"148":0,"149":0,"150":0,"151":0,"152":0,"153":0,"154":0,"155":0,"156":0,"157":0,"158":0,"159":0,"160":0,"161":0,"162":10,"163":10,"164":10,"165":10,"166":10,"167":0,"168":0,"169":0,"170":0,"171":10,"172":0,"173":10,"174":10,"175":10,"176":0,"177":0,"178":10,"179":10,"180":0,"181":0,"182":0,"183":0,"184":0,"185":10,"186":0,"187":10,"188":1,"189":1,"190":1,"191":1,"192":1,"193":1},"f":{"0":5,"1":5,"2":6,"3":31,"4":50,"5":5,"6":0,"7":5,"8":5,"9":5,"10":33,"11":198,"12":20,"13":0,"14":31,"15":186,"16":1,"17":0,"18":31,"19":5,"20":0,"21":0,"22":1,"23":0,"24":0,"25":0,"26":0,"27":0,"28":0,"29":0,"30":0,"31":0,"32":1,"33":0,"34":0,"35":0,"36":0,"37":3,"38":1,"39":0,"40":0,"41":0,"42":0,"43":0,"44":0,"45":10,"46":0,"47":0},"b":{"0":[1,1,1],"1":[0,5],"2":[0,5],"3":[0,5],"4":[5,5],"5":[5,5],"6":[5,5],"7":[0,5],"8":[5,0],"9":[5,5,0],"10":[1,1,1],"11":[0,5],"12":[5,5],"13":[1,1,1],"14":[6,0],"15":[6,6],"16":[25],"17":[5,0],"18":[5,0],"19":[5,0],"20":[66,99],"21":[20,80],"22":[20,20],"23":[0,0],"24":[0,20],"25":[0,5],"26":[5,5],"27":[1],"28":[0,1],"29":[0,0],"30":[1],"31":[0],"32":[0],"33":[0],"34":[0,0],"35":[0],"36":[0,0],"37":[0,0],"38":[0,0],"39":[0,0],"40":[0,0],"41":[0,0],"42":[0,10],"43":[0,10]},"_coverageSchema":"1a1c01bbd47fc00a2c39e90264f33305004495a9","hash":"0a2d302708dcd9a524ed83850af14b45a357a4e6"}
,"/Users/pierrecabriere/Dev/graphand/core/src/lib/ModelList.ts": {"path":"/Users/pierrecabriere/Dev/graphand/core/src/lib/ModelList.ts","statementMap":{"0":{"start":{"line":2,"column":0},"end":{"line":2,"column":62}},"1":{"start":{"line":7,"column":8},"end":{"line":7,"column":23}},"2":{"start":{"line":8,"column":8},"end":{"line":8,"column":29}},"3":{"start":{"line":9,"column":8},"end":{"line":9,"column":51}},"4":{"start":{"line":10,"column":8},"end":{"line":10,"column":70}},"5":{"start":{"line":11,"column":8},"end":{"line":11,"column":70}},"6":{"start":{"line":14,"column":8},"end":{"line":14,"column":28}},"7":{"start":{"line":17,"column":8},"end":{"line":17,"column":28}},"8":{"start":{"line":20,"column":8},"end":{"line":20,"column":48}},"9":{"start":{"line":20,"column":41},"end":{"line":20,"column":46}},"10":{"start":{"line":23,"column":8},"end":{"line":23,"column":32}},"11":{"start":{"line":26,"column":8},"end":{"line":29,"column":10}},"12":{"start":{"line":27,"column":44},"end":{"line":27,"column":54}},"13":{"start":{"line":32,"column":0},"end":{"line":32,"column":28}}},"fnMap":{"0":{"name":"(anonymous_0)","decl":{"start":{"line":6,"column":4},"end":{"line":6,"column":5}},"loc":{"start":{"line":6,"column":41},"end":{"line":12,"column":5}},"line":6},"1":{"name":"(anonymous_1)","decl":{"start":{"line":13,"column":4},"end":{"line":13,"column":5}},"loc":{"start":{"line":13,"column":16},"end":{"line":15,"column":5}},"line":13},"2":{"name":"(anonymous_2)","decl":{"start":{"line":16,"column":4},"end":{"line":16,"column":5}},"loc":{"start":{"line":16,"column":16},"end":{"line":18,"column":5}},"line":16},"3":{"name":"(anonymous_3)","decl":{"start":{"line":19,"column":4},"end":{"line":19,"column":5}},"loc":{"start":{"line":19,"column":13},"end":{"line":21,"column":5}},"line":19},"4":{"name":"(anonymous_4)","decl":{"start":{"line":20,"column":34},"end":{"line":20,"column":35}},"loc":{"start":{"line":20,"column":41},"end":{"line":20,"column":46}},"line":20},"5":{"name":"(anonymous_5)","decl":{"start":{"line":22,"column":4},"end":{"line":22,"column":5}},"loc":{"start":{"line":22,"column":14},"end":{"line":24,"column":5}},"line":22},"6":{"name":"(anonymous_6)","decl":{"start":{"line":25,"column":4},"end":{"line":25,"column":5}},"loc":{"start":{"line":25,"column":13},"end":{"line":30,"column":5}},"line":25},"7":{"name":"(anonymous_7)","decl":{"start":{"line":27,"column":37},"end":{"line":27,"column":38}},"loc":{"start":{"line":27,"column":44},"end":{"line":27,"column":54}},"line":27}},"branchMap":{"0":{"loc":{"start":{"line":6,"column":23},"end":{"line":6,"column":32}},"type":"default-arg","locations":[{"start":{"line":6,"column":30},"end":{"line":6,"column":32}}],"line":6},"1":{"loc":{"start":{"line":9,"column":23},"end":{"line":9,"column":50}},"type":"binary-expr","locations":[{"start":{"line":9,"column":24},"end":{"line":9,"column":29}},{"start":{"line":9,"column":33},"end":{"line":9,"column":44}},{"start":{"line":9,"column":49},"end":{"line":9,"column":50}}],"line":9}},"s":{"0":1,"1":0,"2":0,"3":0,"4":0,"5":0,"6":0,"7":0,"8":0,"9":0,"10":0,"11":0,"12":0,"13":1},"f":{"0":0,"1":0,"2":0,"3":0,"4":0,"5":0,"6":0,"7":0},"b":{"0":[0],"1":[0,0,0]},"_coverageSchema":"1a1c01bbd47fc00a2c39e90264f33305004495a9","hash":"60fe44a3650bb3bb469f877f4805026615df2039"}
,"/Users/pierrecabriere/Dev/graphand/core/src/lib/PromiseModel.ts": {"path":"/Users/pierrecabriere/Dev/graphand/core/src/lib/PromiseModel.ts","statementMap":{"0":{"start":{"line":2,"column":0},"end":{"line":2,"column":62}},"1":{"start":{"line":7,"column":8},"end":{"line":10,"column":9}},"2":{"start":{"line":9,"column":12},"end":{"line":9,"column":40}},"3":{"start":{"line":11,"column":8},"end":{"line":11,"column":32}},"4":{"start":{"line":12,"column":8},"end":{"line":12,"column":29}},"5":{"start":{"line":13,"column":8},"end":{"line":13,"column":29}},"6":{"start":{"line":14,"column":8},"end":{"line":14,"column":70}},"7":{"start":{"line":15,"column":8},"end":{"line":15,"column":70}},"8":{"start":{"line":18,"column":8},"end":{"line":18,"column":28}},"9":{"start":{"line":21,"column":8},"end":{"line":21,"column":28}},"10":{"start":{"line":24,"column":0},"end":{"line":24,"column":31}}},"fnMap":{"0":{"name":"(anonymous_0)","decl":{"start":{"line":6,"column":4},"end":{"line":6,"column":5}},"loc":{"start":{"line":6,"column":45},"end":{"line":16,"column":5}},"line":6},"1":{"name":"(anonymous_1)","decl":{"start":{"line":17,"column":4},"end":{"line":17,"column":5}},"loc":{"start":{"line":17,"column":16},"end":{"line":19,"column":5}},"line":17},"2":{"name":"(anonymous_2)","decl":{"start":{"line":20,"column":4},"end":{"line":20,"column":5}},"loc":{"start":{"line":20,"column":16},"end":{"line":22,"column":5}},"line":20}},"branchMap":{"0":{"loc":{"start":{"line":7,"column":8},"end":{"line":10,"column":9}},"type":"if","locations":[{"start":{"line":7,"column":8},"end":{"line":10,"column":9}},{"start":{},"end":{}}],"line":7}},"s":{"0":1,"1":0,"2":0,"3":0,"4":0,"5":0,"6":0,"7":0,"8":0,"9":0,"10":1},"f":{"0":0,"1":0,"2":0},"b":{"0":[0,0]},"_coverageSchema":"1a1c01bbd47fc00a2c39e90264f33305004495a9","hash":"d18fdf1e8e2f1a8a796c72b5207d0a2e2d463308"}
,"/Users/pierrecabriere/Dev/graphand/core/src/lib/PromiseModelList.ts": {"path":"/Users/pierrecabriere/Dev/graphand/core/src/lib/PromiseModelList.ts","statementMap":{"0":{"start":{"line":2,"column":0},"end":{"line":2,"column":62}},"1":{"start":{"line":7,"column":8},"end":{"line":10,"column":9}},"2":{"start":{"line":9,"column":12},"end":{"line":9,"column":40}},"3":{"start":{"line":11,"column":8},"end":{"line":11,"column":32}},"4":{"start":{"line":12,"column":8},"end":{"line":12,"column":29}},"5":{"start":{"line":13,"column":8},"end":{"line":13,"column":29}},"6":{"start":{"line":14,"column":8},"end":{"line":14,"column":70}},"7":{"start":{"line":15,"column":8},"end":{"line":15,"column":70}},"8":{"start":{"line":18,"column":8},"end":{"line":18,"column":28}},"9":{"start":{"line":21,"column":8},"end":{"line":21,"column":28}},"10":{"start":{"line":24,"column":8},"end":{"line":26,"column":9}},"11":{"start":{"line":25,"column":12},"end":{"line":25,"column":85}},"12":{"start":{"line":27,"column":8},"end":{"line":27,"column":18}},"13":{"start":{"line":30,"column":0},"end":{"line":30,"column":35}}},"fnMap":{"0":{"name":"(anonymous_0)","decl":{"start":{"line":6,"column":4},"end":{"line":6,"column":5}},"loc":{"start":{"line":6,"column":45},"end":{"line":16,"column":5}},"line":6},"1":{"name":"(anonymous_1)","decl":{"start":{"line":17,"column":4},"end":{"line":17,"column":5}},"loc":{"start":{"line":17,"column":16},"end":{"line":19,"column":5}},"line":17},"2":{"name":"(anonymous_2)","decl":{"start":{"line":20,"column":4},"end":{"line":20,"column":5}},"loc":{"start":{"line":20,"column":16},"end":{"line":22,"column":5}},"line":20},"3":{"name":"(anonymous_3)","decl":{"start":{"line":23,"column":4},"end":{"line":23,"column":5}},"loc":{"start":{"line":23,"column":13},"end":{"line":28,"column":5}},"line":23}},"branchMap":{"0":{"loc":{"start":{"line":7,"column":8},"end":{"line":10,"column":9}},"type":"if","locations":[{"start":{"line":7,"column":8},"end":{"line":10,"column":9}},{"start":{},"end":{}}],"line":7},"1":{"loc":{"start":{"line":24,"column":8},"end":{"line":26,"column":9}},"type":"if","locations":[{"start":{"line":24,"column":8},"end":{"line":26,"column":9}},{"start":{},"end":{}}],"line":24},"2":{"loc":{"start":{"line":25,"column":19},"end":{"line":25,"column":84}},"type":"cond-expr","locations":[{"start":{"line":25,"column":51},"end":{"line":25,"column":65}},{"start":{"line":25,"column":68},"end":{"line":25,"column":84}}],"line":25}},"s":{"0":1,"1":0,"2":0,"3":0,"4":0,"5":0,"6":0,"7":0,"8":0,"9":0,"10":0,"11":0,"12":0,"13":1},"f":{"0":0,"1":0,"2":0,"3":0},"b":{"0":[0,0],"1":[0,0],"2":[0,0]},"_coverageSchema":"1a1c01bbd47fc00a2c39e90264f33305004495a9","hash":"ef8d54540111fba23afb9479f30e45fb65faca80"}
,"/Users/pierrecabriere/Dev/graphand/core/src/lib/defaultSerializer.ts": {"path":"/Users/pierrecabriere/Dev/graphand/core/src/lib/defaultSerializer.ts","statementMap":{"0":{"start":{"line":2,"column":22},"end":{"line":4,"column":1}},"1":{"start":{"line":3,"column":4},"end":{"line":3,"column":62}},"2":{"start":{"line":5,"column":0},"end":{"line":5,"column":62}},"3":{"start":{"line":6,"column":16},"end":{"line":6,"column":56}},"4":{"start":{"line":7,"column":22},"end":{"line":7,"column":70}},"5":{"start":{"line":8,"column":28},"end":{"line":8,"column":82}},"6":{"start":{"line":9,"column":16},"end":{"line":9,"column":51}},"7":{"start":{"line":10,"column":26},"end":{"line":97,"column":1}},"8":{"start":{"line":12,"column":31},"end":{"line":12,"column":80}},"9":{"start":{"line":15,"column":30},"end":{"line":15,"column":43}},"10":{"start":{"line":18,"column":30},"end":{"line":18,"column":44}},"11":{"start":{"line":21,"column":31},"end":{"line":21,"column":78}},"12":{"start":{"line":25,"column":12},"end":{"line":28,"column":13}},"13":{"start":{"line":26,"column":33},"end":{"line":26,"column":81}},"14":{"start":{"line":27,"column":16},"end":{"line":27,"column":44}},"15":{"start":{"line":29,"column":12},"end":{"line":29,"column":84}},"16":{"start":{"line":34,"column":35},"end":{"line":49,"column":13}},"17":{"start":{"line":35,"column":34},"end":{"line":35,"column":80}},"18":{"start":{"line":36,"column":16},"end":{"line":43,"column":17}},"19":{"start":{"line":37,"column":37},"end":{"line":41,"column":90}},"20":{"start":{"line":42,"column":20},"end":{"line":42,"column":62}},"21":{"start":{"line":42,"column":47},"end":{"line":42,"column":60}},"22":{"start":{"line":44,"column":16},"end":{"line":48,"column":69}},"23":{"start":{"line":50,"column":37},"end":{"line":60,"column":13}},"24":{"start":{"line":52,"column":32},"end":{"line":52,"column":64}},"25":{"start":{"line":53,"column":30},"end":{"line":53,"column":97}},"26":{"start":{"line":54,"column":16},"end":{"line":57,"column":17}},"27":{"start":{"line":55,"column":32},"end":{"line":55,"column":70}},"28":{"start":{"line":56,"column":20},"end":{"line":56,"column":50}},"29":{"start":{"line":58,"column":27},"end":{"line":58,"column":66}},"30":{"start":{"line":59,"column":16},"end":{"line":59,"column":37}},"31":{"start":{"line":61,"column":12},"end":{"line":68,"column":13}},"32":{"start":{"line":64,"column":20},"end":{"line":64,"column":44}},"33":{"start":{"line":67,"column":20},"end":{"line":67,"column":46}},"34":{"start":{"line":73,"column":27},"end":{"line":73,"column":36}},"35":{"start":{"line":74,"column":12},"end":{"line":78,"column":13}},"36":{"start":{"line":75,"column":16},"end":{"line":77,"column":19}},"37":{"start":{"line":76,"column":20},"end":{"line":76,"column":76}},"38":{"start":{"line":79,"column":28},"end":{"line":90,"column":13}},"39":{"start":{"line":80,"column":34},"end":{"line":85,"column":22}},"40":{"start":{"line":81,"column":34},"end":{"line":81,"column":51}},"41":{"start":{"line":82,"column":32},"end":{"line":82,"column":40}},"42":{"start":{"line":83,"column":20},"end":{"line":83,"column":65}},"43":{"start":{"line":84,"column":20},"end":{"line":84,"column":66}},"44":{"start":{"line":86,"column":16},"end":{"line":88,"column":17}},"45":{"start":{"line":87,"column":20},"end":{"line":87,"column":37}},"46":{"start":{"line":89,"column":16},"end":{"line":89,"column":48}},"47":{"start":{"line":91,"column":12},"end":{"line":93,"column":13}},"48":{"start":{"line":92,"column":16},"end":{"line":92,"column":57}},"49":{"start":{"line":94,"column":12},"end":{"line":94,"column":34}},"50":{"start":{"line":98,"column":0},"end":{"line":98,"column":36}}},"fnMap":{"0":{"name":"(anonymous_0)","decl":{"start":{"line":2,"column":56},"end":{"line":2,"column":57}},"loc":{"start":{"line":2,"column":71},"end":{"line":4,"column":1}},"line":2},"1":{"name":"(anonymous_1)","decl":{"start":{"line":12,"column":19},"end":{"line":12,"column":20}},"loc":{"start":{"line":12,"column":31},"end":{"line":12,"column":80}},"line":12},"2":{"name":"(anonymous_2)","decl":{"start":{"line":15,"column":19},"end":{"line":15,"column":20}},"loc":{"start":{"line":15,"column":30},"end":{"line":15,"column":43}},"line":15},"3":{"name":"(anonymous_3)","decl":{"start":{"line":18,"column":19},"end":{"line":18,"column":20}},"loc":{"start":{"line":18,"column":30},"end":{"line":18,"column":44}},"line":18},"4":{"name":"(anonymous_4)","decl":{"start":{"line":21,"column":19},"end":{"line":21,"column":20}},"loc":{"start":{"line":21,"column":31},"end":{"line":21,"column":78}},"line":21},"5":{"name":"(anonymous_5)","decl":{"start":{"line":24,"column":19},"end":{"line":24,"column":20}},"loc":{"start":{"line":24,"column":45},"end":{"line":30,"column":9}},"line":24},"6":{"name":"(anonymous_6)","decl":{"start":{"line":33,"column":19},"end":{"line":33,"column":20}},"loc":{"start":{"line":33,"column":51},"end":{"line":69,"column":9}},"line":33},"7":{"name":"(anonymous_7)","decl":{"start":{"line":34,"column":35},"end":{"line":34,"column":36}},"loc":{"start":{"line":34,"column":41},"end":{"line":49,"column":13}},"line":34},"8":{"name":"(anonymous_8)","decl":{"start":{"line":42,"column":40},"end":{"line":42,"column":41}},"loc":{"start":{"line":42,"column":47},"end":{"line":42,"column":60}},"line":42},"9":{"name":"(anonymous_9)","decl":{"start":{"line":50,"column":37},"end":{"line":50,"column":38}},"loc":{"start":{"line":50,"column":43},"end":{"line":60,"column":13}},"line":50},"10":{"name":"(anonymous_10)","decl":{"start":{"line":72,"column":19},"end":{"line":72,"column":20}},"loc":{"start":{"line":72,"column":51},"end":{"line":95,"column":9}},"line":72},"11":{"name":"(anonymous_11)","decl":{"start":{"line":75,"column":45},"end":{"line":75,"column":46}},"loc":{"start":{"line":75,"column":52},"end":{"line":77,"column":17}},"line":75},"12":{"name":"(anonymous_12)","decl":{"start":{"line":79,"column":28},"end":{"line":79,"column":29}},"loc":{"start":{"line":79,"column":37},"end":{"line":90,"column":13}},"line":79},"13":{"name":"(anonymous_13)","decl":{"start":{"line":80,"column":69},"end":{"line":80,"column":70}},"loc":{"start":{"line":80,"column":85},"end":{"line":85,"column":17}},"line":80}},"branchMap":{"0":{"loc":{"start":{"line":2,"column":22},"end":{"line":4,"column":1}},"type":"binary-expr","locations":[{"start":{"line":2,"column":23},"end":{"line":2,"column":27}},{"start":{"line":2,"column":31},"end":{"line":2,"column":51}},{"start":{"line":2,"column":56},"end":{"line":4,"column":1}}],"line":2},"1":{"loc":{"start":{"line":3,"column":11},"end":{"line":3,"column":61}},"type":"cond-expr","locations":[{"start":{"line":3,"column":37},"end":{"line":3,"column":40}},{"start":{"line":3,"column":43},"end":{"line":3,"column":61}}],"line":3},"2":{"loc":{"start":{"line":3,"column":12},"end":{"line":3,"column":33}},"type":"binary-expr","locations":[{"start":{"line":3,"column":12},"end":{"line":3,"column":15}},{"start":{"line":3,"column":19},"end":{"line":3,"column":33}}],"line":3},"3":{"loc":{"start":{"line":12,"column":31},"end":{"line":12,"column":80}},"type":"cond-expr","locations":[{"start":{"line":12,"column":59},"end":{"line":12,"column":64}},{"start":{"line":12,"column":67},"end":{"line":12,"column":80}}],"line":12},"4":{"loc":{"start":{"line":21,"column":31},"end":{"line":21,"column":78}},"type":"cond-expr","locations":[{"start":{"line":21,"column":55},"end":{"line":21,"column":60}},{"start":{"line":21,"column":63},"end":{"line":21,"column":78}}],"line":21},"5":{"loc":{"start":{"line":25,"column":12},"end":{"line":28,"column":13}},"type":"if","locations":[{"start":{"line":25,"column":12},"end":{"line":28,"column":13}},{"start":{},"end":{}}],"line":25},"6":{"loc":{"start":{"line":26,"column":33},"end":{"line":26,"column":81}},"type":"cond-expr","locations":[{"start":{"line":26,"column":66},"end":{"line":26,"column":73}},{"start":{"line":26,"column":76},"end":{"line":26,"column":81}}],"line":26},"7":{"loc":{"start":{"line":26,"column":33},"end":{"line":26,"column":63}},"type":"binary-expr","locations":[{"start":{"line":26,"column":33},"end":{"line":26,"column":38}},{"start":{"line":26,"column":42},"end":{"line":26,"column":63}}],"line":26},"8":{"loc":{"start":{"line":29,"column":19},"end":{"line":29,"column":83}},"type":"cond-expr","locations":[{"start":{"line":29,"column":51},"end":{"line":29,"column":67}},{"start":{"line":29,"column":70},"end":{"line":29,"column":83}}],"line":29},"9":{"loc":{"start":{"line":29,"column":19},"end":{"line":29,"column":48}},"type":"binary-expr","locations":[{"start":{"line":29,"column":19},"end":{"line":29,"column":24}},{"start":{"line":29,"column":28},"end":{"line":29,"column":48}}],"line":29},"10":{"loc":{"start":{"line":35,"column":34},"end":{"line":35,"column":80}},"type":"binary-expr","locations":[{"start":{"line":35,"column":34},"end":{"line":35,"column":59}},{"start":{"line":35,"column":63},"end":{"line":35,"column":80}}],"line":35},"11":{"loc":{"start":{"line":36,"column":16},"end":{"line":43,"column":17}},"type":"if","locations":[{"start":{"line":36,"column":16},"end":{"line":43,"column":17}},{"start":{},"end":{}}],"line":36},"12":{"loc":{"start":{"line":37,"column":37},"end":{"line":41,"column":90}},"type":"cond-expr","locations":[{"start":{"line":38,"column":26},"end":{"line":38,"column":40}},{"start":{"line":39,"column":26},"end":{"line":41,"column":90}}],"line":37},"13":{"loc":{"start":{"line":39,"column":26},"end":{"line":41,"column":90}},"type":"cond-expr","locations":[{"start":{"line":40,"column":30},"end":{"line":40,"column":37}},{"start":{"line":41,"column":30},"end":{"line":41,"column":90}}],"line":39},"14":{"loc":{"start":{"line":41,"column":31},"end":{"line":41,"column":73}},"type":"binary-expr","locations":[{"start":{"line":41,"column":31},"end":{"line":41,"column":52}},{"start":{"line":41,"column":56},"end":{"line":41,"column":73}}],"line":41},"15":{"loc":{"start":{"line":44,"column":23},"end":{"line":48,"column":68}},"type":"cond-expr","locations":[{"start":{"line":45,"column":22},"end":{"line":45,"column":51}},{"start":{"line":46,"column":22},"end":{"line":48,"column":68}}],"line":44},"16":{"loc":{"start":{"line":46,"column":22},"end":{"line":48,"column":68}},"type":"cond-expr","locations":[{"start":{"line":47,"column":26},"end":{"line":47,"column":31}},{"start":{"line":48,"column":26},"end":{"line":48,"column":68}}],"line":46},"17":{"loc":{"start":{"line":48,"column":26},"end":{"line":48,"column":68}},"type":"binary-expr","locations":[{"start":{"line":48,"column":26},"end":{"line":48,"column":47}},{"start":{"line":48,"column":51},"end":{"line":48,"column":68}}],"line":48},"18":{"loc":{"start":{"line":54,"column":16},"end":{"line":57,"column":17}},"type":"if","locations":[{"start":{"line":54,"column":16},"end":{"line":57,"column":17}},{"start":{},"end":{}}],"line":54},"19":{"loc":{"start":{"line":55,"column":32},"end":{"line":55,"column":70}},"type":"cond-expr","locations":[{"start":{"line":55,"column":55},"end":{"line":55,"column":60}},{"start":{"line":55,"column":63},"end":{"line":55,"column":70}}],"line":55},"20":{"loc":{"start":{"line":58,"column":27},"end":{"line":58,"column":66}},"type":"cond-expr","locations":[{"start":{"line":58,"column":50},"end":{"line":58,"column":58}},{"start":{"line":58,"column":61},"end":{"line":58,"column":66}}],"line":58},"21":{"loc":{"start":{"line":61,"column":12},"end":{"line":68,"column":13}},"type":"switch","locations":[{"start":{"line":62,"column":16},"end":{"line":62,"column":54}},{"start":{"line":63,"column":16},"end":{"line":64,"column":44}},{"start":{"line":65,"column":16},"end":{"line":65,"column":56}},{"start":{"line":66,"column":16},"end":{"line":67,"column":46}}],"line":61},"22":{"loc":{"start":{"line":74,"column":12},"end":{"line":78,"column":13}},"type":"if","locations":[{"start":{"line":74,"column":12},"end":{"line":78,"column":13}},{"start":{},"end":{}}],"line":74},"23":{"loc":{"start":{"line":86,"column":16},"end":{"line":88,"column":17}},"type":"if","locations":[{"start":{"line":86,"column":16},"end":{"line":88,"column":17}},{"start":{},"end":{}}],"line":86},"24":{"loc":{"start":{"line":91,"column":12},"end":{"line":93,"column":13}},"type":"if","locations":[{"start":{"line":91,"column":12},"end":{"line":93,"column":13}},{"start":{},"end":{}}],"line":91}},"s":{"0":1,"1":4,"2":1,"3":1,"4":1,"5":1,"6":1,"7":1,"8":0,"9":0,"10":0,"11":0,"12":1,"13":0,"14":0,"15":1,"16":0,"17":0,"18":0,"19":0,"20":0,"21":0,"22":0,"23":0,"24":0,"25":0,"26":0,"27":0,"28":0,"29":0,"30":0,"31":0,"32":0,"33":0,"34":0,"35":0,"36":0,"37":0,"38":0,"39":0,"40":0,"41":0,"42":0,"43":0,"44":0,"45":0,"46":0,"47":0,"48":0,"49":0,"50":1},"f":{"0":4,"1":0,"2":0,"3":0,"4":0,"5":1,"6":0,"7":0,"8":0,"9":0,"10":0,"11":0,"12":0,"13":0},"b":{"0":[1,1,1],"1":[4,0],"2":[4,4],"3":[0,0],"4":[0,0],"5":[0,1],"6":[0,0],"7":[0,0],"8":[0,1],"9":[1,1],"10":[0,0],"11":[0,0],"12":[0,0],"13":[0,0],"14":[0,0],"15":[0,0],"16":[0,0],"17":[0,0],"18":[0,0],"19":[0,0],"20":[0,0],"21":[0,0,0,0],"22":[0,0],"23":[0,0],"24":[0,0]},"_coverageSchema":"1a1c01bbd47fc00a2c39e90264f33305004495a9","hash":"155264901ea3aba5caf464f99396401da555a46a"}
,"/Users/pierrecabriere/Dev/graphand/core/src/lib/fieldDecorator.ts": {"path":"/Users/pierrecabriere/Dev/graphand/core/src/lib/fieldDecorator.ts","statementMap":{"0":{"start":{"line":2,"column":22},"end":{"line":4,"column":1}},"1":{"start":{"line":3,"column":4},"end":{"line":3,"column":62}},"2":{"start":{"line":5,"column":0},"end":{"line":5,"column":62}},"3":{"start":{"line":6,"column":0},"end":{"line":6,"column":32}},"4":{"start":{"line":7,"column":16},"end":{"line":7,"column":51}},"5":{"start":{"line":8,"column":23},"end":{"line":15,"column":1}},"6":{"start":{"line":9,"column":4},"end":{"line":14,"column":6}},"7":{"start":{"line":10,"column":8},"end":{"line":12,"column":9}},"8":{"start":{"line":11,"column":12},"end":{"line":11,"column":46}},"9":{"start":{"line":13,"column":8},"end":{"line":13,"column":83}},"10":{"start":{"line":16,"column":0},"end":{"line":16,"column":40}}},"fnMap":{"0":{"name":"(anonymous_0)","decl":{"start":{"line":2,"column":56},"end":{"line":2,"column":57}},"loc":{"start":{"line":2,"column":71},"end":{"line":4,"column":1}},"line":2},"1":{"name":"(anonymous_1)","decl":{"start":{"line":8,"column":23},"end":{"line":8,"column":24}},"loc":{"start":{"line":8,"column":42},"end":{"line":15,"column":1}},"line":8},"2":{"name":"(anonymous_2)","decl":{"start":{"line":9,"column":11},"end":{"line":9,"column":12}},"loc":{"start":{"line":9,"column":28},"end":{"line":14,"column":5}},"line":9}},"branchMap":{"0":{"loc":{"start":{"line":2,"column":22},"end":{"line":4,"column":1}},"type":"binary-expr","locations":[{"start":{"line":2,"column":23},"end":{"line":2,"column":27}},{"start":{"line":2,"column":31},"end":{"line":2,"column":51}},{"start":{"line":2,"column":56},"end":{"line":4,"column":1}}],"line":2},"1":{"loc":{"start":{"line":3,"column":11},"end":{"line":3,"column":61}},"type":"cond-expr","locations":[{"start":{"line":3,"column":37},"end":{"line":3,"column":40}},{"start":{"line":3,"column":43},"end":{"line":3,"column":61}}],"line":3},"2":{"loc":{"start":{"line":3,"column":12},"end":{"line":3,"column":33}},"type":"binary-expr","locations":[{"start":{"line":3,"column":12},"end":{"line":3,"column":15}},{"start":{"line":3,"column":19},"end":{"line":3,"column":33}}],"line":3},"3":{"loc":{"start":{"line":10,"column":8},"end":{"line":12,"column":9}},"type":"if","locations":[{"start":{"line":10,"column":8},"end":{"line":12,"column":9}},{"start":{},"end":{}}],"line":10},"4":{"loc":{"start":{"line":10,"column":12},"end":{"line":10,"column":78}},"type":"binary-expr","locations":[{"start":{"line":10,"column":12},"end":{"line":10,"column":52}},{"start":{"line":10,"column":56},"end":{"line":10,"column":78}}],"line":10}},"s":{"0":1,"1":1,"2":1,"3":1,"4":1,"5":1,"6":5,"7":5,"8":1,"9":5,"10":1},"f":{"0":1,"1":5,"2":5},"b":{"0":[1,1,1],"1":[1,0],"2":[1,1],"3":[1,4],"4":[5,5]},"_coverageSchema":"1a1c01bbd47fc00a2c39e90264f33305004495a9","hash":"f8b187d882b34c9764ac4922b8341f7907be2e63"}
}
