TN:
SF:src/index.ts
FN:2,(anonymous_0)
FNF:1
FNH:1
FNDA:20,(anonymous_0)
DA:2,1
DA:3,20
DA:5,1
DA:6,1
DA:7,1
DA:8,1
DA:9,1
DA:10,1
DA:11,1
DA:12,1
DA:13,1
DA:14,1
DA:15,1
DA:16,1
DA:17,1
DA:18,1
DA:19,1
DA:20,1
DA:21,1
DA:22,1
DA:23,1
DA:24,1
DA:25,1
DA:26,1
DA:27,1
DA:28,1
DA:29,1
DA:30,1
DA:31,1
DA:32,1
DA:33,1
DA:34,1
DA:35,1
DA:36,1
DA:37,1
DA:38,1
DA:39,1
DA:40,1
DA:41,1
DA:42,1
DA:43,1
DA:44,1
DA:45,1
DA:46,1
DA:47,1
DA:58,1
LF:46
LH:46
BRDA:2,0,0,1
BRDA:2,0,1,1
BRDA:2,0,2,1
BRDA:3,1,0,20
BRDA:3,1,1,0
BRDA:3,2,0,20
BRDA:3,2,1,20
BRF:7
BRH:6
end_of_record
TN:
SF:src/test-utils.ts
FN:2,(anonymous_0)
FN:12,(anonymous_1)
FN:15,(anonymous_2)
FN:19,(anonymous_3)
FN:25,(anonymous_4)
FN:26,(anonymous_5)
FN:33,(anonymous_6)
FN:36,(anonymous_7)
FN:41,(anonymous_8)
FN:42,(anonymous_9)
FN:43,(anonymous_10)
FN:46,(anonymous_11)
FN:53,(anonymous_12)
FN:59,(anonymous_13)
FN:67,(anonymous_14)
FN:71,(anonymous_15)
FN:75,(anonymous_16)
FN:90,(anonymous_17)
FN:96,(anonymous_18)
FNF:19
FNH:14
FNDA:10,(anonymous_0)
FNDA:2,(anonymous_1)
FNDA:13,(anonymous_2)
FNDA:55,(anonymous_3)
FNDA:2,(anonymous_4)
FNDA:2,(anonymous_5)
FNDA:1,(anonymous_6)
FNDA:5,(anonymous_7)
FNDA:1,(anonymous_8)
FNDA:3,(anonymous_9)
FNDA:3,(anonymous_10)
FNDA:0,(anonymous_11)
FNDA:0,(anonymous_12)
FNDA:0,(anonymous_13)
FNDA:0,(anonymous_14)
FNDA:0,(anonymous_15)
FNDA:11,(anonymous_16)
FNDA:2,(anonymous_17)
FNDA:65,(anonymous_18)
DA:2,2
DA:3,10
DA:5,2
DA:6,2
DA:7,2
DA:8,2
DA:9,2
DA:10,2
DA:11,2
DA:12,2
DA:16,13
DA:17,11
DA:19,55
DA:20,11
DA:22,13
DA:24,13
DA:25,2
DA:27,2
DA:28,0
DA:30,2
DA:31,2
DA:34,1
DA:37,5
DA:38,5
DA:39,5
DA:42,3
DA:43,3
DA:44,1
DA:47,0
DA:48,0
DA:50,0
DA:51,0
DA:54,0
DA:55,0
DA:57,0
DA:60,0
DA:61,0
DA:63,0
DA:64,0
DA:65,0
DA:68,0
DA:69,0
DA:71,0
DA:72,0
DA:73,0
DA:76,11
DA:87,2
DA:89,2
DA:90,2
DA:91,2
DA:93,2
DA:94,2
DA:95,2
DA:97,65
DA:98,65
DA:101,2
DA:103,2
LF:57
LH:39
BRDA:2,0,0,2
BRDA:2,0,1,2
BRDA:2,0,2,2
BRDA:3,1,0,10
BRDA:3,1,1,0
BRDA:3,2,0,10
BRDA:3,2,1,10
BRDA:16,3,0,11
BRDA:16,3,1,2
BRDA:16,4,0,13
BRDA:16,4,1,13
BRDA:27,5,0,0
BRDA:27,5,1,2
BRDA:47,6,0,0
BRDA:47,6,1,0
BRDA:47,7,0,0
BRDA:47,7,1,0
BRDA:54,8,0,0
BRDA:54,8,1,0
BRDA:54,9,0,0
BRDA:54,9,1,0
BRDA:60,10,0,0
BRDA:60,10,1,0
BRDA:68,11,0,0
BRDA:68,11,1,0
BRDA:90,12,0,2
BRF:26
BRH:12
end_of_record
TN:
SF:src/enums/environment-status.ts
FN:4,(anonymous_0)
FNF:1
FNH:1
FNDA:1,(anonymous_0)
DA:2,1
DA:4,1
DA:5,1
DA:6,1
DA:7,1
DA:9,1
LF:6
LH:6
BRDA:8,0,0,1
BRDA:8,0,1,1
BRF:2
BRH:2
end_of_record
TN:
SF:src/enums/field-types.ts
FN:4,(anonymous_0)
FNF:1
FNH:1
FNDA:3,(anonymous_0)
DA:2,3
DA:4,3
DA:5,3
DA:6,3
DA:7,3
DA:8,3
DA:9,3
DA:10,3
DA:11,3
DA:13,3
LF:10
LH:10
BRDA:12,0,0,3
BRDA:12,0,1,3
BRF:2
BRH:2
end_of_record
TN:
SF:src/enums/model-env-scopes.ts
FN:4,(anonymous_0)
FNF:1
FNH:1
FNDA:2,(anonymous_0)
DA:2,2
DA:4,2
DA:5,2
DA:6,2
DA:7,2
DA:9,2
LF:6
LH:6
BRDA:8,0,0,2
BRDA:8,0,1,2
BRF:2
BRH:2
end_of_record
TN:
SF:src/enums/rule-actions.ts
FN:4,(anonymous_0)
FNF:1
FNH:1
FNDA:1,(anonymous_0)
DA:2,1
DA:4,1
DA:5,1
DA:6,1
DA:7,1
DA:8,1
DA:9,1
DA:10,1
DA:11,1
DA:12,1
DA:13,1
DA:15,1
LF:12
LH:12
BRDA:14,0,0,1
BRDA:14,0,1,1
BRF:2
BRH:2
end_of_record
TN:
SF:src/enums/serializer-format.ts
FN:4,(anonymous_0)
FNF:1
FNH:1
FNDA:3,(anonymous_0)
DA:2,3
DA:4,3
DA:5,3
DA:6,3
DA:7,3
DA:9,3
LF:6
LH:6
BRDA:8,0,0,3
BRDA:8,0,1,3
BRF:2
BRH:2
end_of_record
TN:
SF:src/lib/Adapter.ts
FN:7,(anonymous_0)
FNF:1
FNH:1
FNDA:13,(anonymous_0)
DA:2,3
DA:8,13
DA:11,3
LF:3
LH:3
BRF:0
BRH:0
end_of_record
TN:
SF:src/lib/Data.ts
FN:2,(anonymous_0)
FN:8,(anonymous_1)
FNF:2
FNH:2
FNDA:1,(anonymous_0)
FNDA:2,(anonymous_1)
DA:2,1
DA:3,1
DA:4,1
DA:5,1
DA:6,1
DA:8,1
DA:9,2
DA:11,1
DA:12,1
DA:13,1
DA:14,1
DA:15,1
DA:16,1
DA:17,1
DA:19,1
DA:22,1
LF:16
LH:16
BRDA:2,0,0,1
BRDA:2,0,1,1
BRDA:2,0,2,1
BRDA:3,1,0,1
BRDA:3,1,1,0
BRDA:3,2,0,0
BRDA:3,2,1,0
BRDA:4,3,0,0
BRDA:4,3,1,1
BRDA:4,4,0,1
BRDA:4,4,1,1
BRDA:5,5,0,1
BRDA:5,5,1,0
BRDA:5,6,0,1
BRDA:5,6,1,0
BRDA:5,7,0,1
BRDA:5,7,1,0
BRDA:5,8,0,0
BRDA:5,8,1,0
BRDA:6,9,0,1
BRDA:6,9,1,0
BRDA:6,9,2,0
BRDA:8,10,0,1
BRDA:8,10,1,1
BRDA:8,10,2,1
BRDA:9,11,0,2
BRDA:9,11,1,0
BRDA:9,12,0,2
BRDA:9,12,1,2
BRF:29
BRH:17
end_of_record
TN:
SF:src/lib/Field.ts
FN:2,(anonymous_0)
FN:10,(anonymous_1)
FN:14,(anonymous_2)
FN:17,(anonymous_3)
FN:20,(anonymous_4)
FN:23,(anonymous_5)
FN:27,(anonymous_6)
FNF:7
FNH:6
FNDA:3,(anonymous_0)
FNDA:54,(anonymous_1)
FNDA:11,(anonymous_2)
FNDA:0,(anonymous_3)
FNDA:28,(anonymous_4)
FNDA:24,(anonymous_5)
FNDA:28,(anonymous_6)
DA:2,3
DA:3,3
DA:5,3
DA:6,3
DA:11,54
DA:12,54
DA:15,11
DA:18,0
DA:21,28
DA:24,24
DA:28,28
DA:29,5
DA:31,28
DA:32,4
DA:34,24
DA:37,3
LF:16
LH:15
BRDA:2,0,0,3
BRDA:2,0,1,3
BRDA:2,0,2,3
BRDA:3,1,0,3
BRDA:3,1,1,0
BRDA:3,2,0,3
BRDA:3,2,1,3
BRDA:10,3,0,24
BRDA:24,4,0,24
BRDA:24,4,1,24
BRDA:28,5,0,5
BRDA:28,5,1,23
BRDA:28,6,0,28
BRDA:28,6,1,9
BRDA:31,7,0,4
BRDA:31,7,1,24
BRDA:31,8,0,28
BRDA:31,8,1,24
BRDA:34,9,0,24
BRDA:34,9,1,0
BRF:20
BRH:18
end_of_record
TN:
SF:src/lib/Model.ts
FN:2,(anonymous_0)
FN:8,(anonymous_1)
FN:11,(anonymous_2)
FN:37,(anonymous_3)
FN:44,(anonymous_4)
FN:47,(anonymous_5)
FN:51,(anonymous_6)
FN:57,(anonymous_7)
FN:60,(anonymous_8)
FN:62,(anonymous_9)
FN:69,(anonymous_10)
FN:81,(anonymous_11)
FN:86,(anonymous_12)
FN:95,(anonymous_13)
FN:100,(anonymous_14)
FN:110,(anonymous_15)
FN:112,(anonymous_16)
FN:116,(anonymous_17)
FN:119,(anonymous_18)
FN:127,(anonymous_19)
FN:130,(anonymous_20)
FN:135,(anonymous_21)
FN:137,(anonymous_22)
FN:152,(anonymous_23)
FN:165,(anonymous_24)
FN:181,(anonymous_25)
FN:183,(anonymous_26)
FN:185,(anonymous_27)
FN:193,(anonymous_28)
FN:196,(anonymous_29)
FN:199,(anonymous_30)
FN:202,(anonymous_31)
FN:207,(anonymous_32)
FN:212,(anonymous_33)
FN:217,(anonymous_34)
FN:221,(anonymous_35)
FN:233,(anonymous_36)
FN:237,(anonymous_37)
FN:249,(anonymous_38)
FN:254,(anonymous_39)
FN:259,(anonymous_40)
FN:265,(anonymous_41)
FN:274,(anonymous_42)
FN:279,(anonymous_43)
FN:291,(anonymous_44)
FN:298,(anonymous_45)
FN:308,(anonymous_46)
FN:313,(anonymous_47)
FN:334,(anonymous_48)
FNF:49
FNH:37
FNDA:15,(anonymous_0)
FNDA:15,(anonymous_1)
FNDA:18,(anonymous_2)
FNDA:69,(anonymous_3)
FNDA:243,(anonymous_4)
FNDA:1,(anonymous_5)
FNDA:13,(anonymous_6)
FNDA:0,(anonymous_7)
FNDA:12,(anonymous_8)
FNDA:12,(anonymous_9)
FNDA:11,(anonymous_10)
FNDA:95,(anonymous_11)
FNDA:594,(anonymous_12)
FNDA:44,(anonymous_13)
FNDA:13,(anonymous_14)
FNDA:65,(anonymous_15)
FNDA:390,(anonymous_16)
FNDA:10,(anonymous_17)
FNDA:0,(anonymous_18)
FNDA:69,(anonymous_19)
FNDA:11,(anonymous_20)
FNDA:2,(anonymous_21)
FNDA:2,(anonymous_22)
FNDA:22,(anonymous_23)
FNDA:6,(anonymous_24)
FNDA:0,(anonymous_25)
FNDA:0,(anonymous_26)
FNDA:0,(anonymous_27)
FNDA:0,(anonymous_28)
FNDA:0,(anonymous_29)
FNDA:1,(anonymous_30)
FNDA:1,(anonymous_31)
FNDA:6,(anonymous_32)
FNDA:2,(anonymous_33)
FNDA:2,(anonymous_34)
FNDA:2,(anonymous_35)
FNDA:1,(anonymous_36)
FNDA:1,(anonymous_37)
FNDA:5,(anonymous_38)
FNDA:1,(anonymous_39)
FNDA:0,(anonymous_40)
FNDA:0,(anonymous_41)
FNDA:0,(anonymous_42)
FNDA:0,(anonymous_43)
FNDA:4,(anonymous_44)
FNDA:0,(anonymous_45)
FNDA:22,(anonymous_46)
FNDA:2,(anonymous_47)
FNDA:2,(anonymous_48)
DA:2,3
DA:3,15
DA:4,15
DA:5,30
DA:6,15
DA:8,3
DA:9,15
DA:11,3
DA:12,18
DA:14,3
DA:15,3
DA:16,3
DA:17,3
DA:18,3
DA:19,3
DA:20,3
DA:21,3
DA:23,3
DA:38,69
DA:39,69
DA:41,69
DA:42,69
DA:45,243
DA:48,1
DA:49,1
DA:53,13
DA:55,13
DA:56,13
DA:57,13
DA:58,13
DA:61,12
DA:62,12
DA:63,12
DA:64,11
DA:65,11
DA:66,11
DA:68,11
DA:69,11
DA:70,11
DA:74,0
DA:77,12
DA:79,12
DA:82,95
DA:83,95
DA:84,95
DA:85,463
DA:86,190
DA:87,594
DA:91,463
DA:93,95
DA:96,44
DA:97,44
DA:98,44
DA:99,220
DA:100,52
DA:101,52
DA:102,4
DA:106,220
DA:108,44
DA:111,65
DA:112,65
DA:113,390
DA:117,10
DA:120,0
DA:123,390
DA:125,65
DA:128,69
DA:131,11
DA:132,0
DA:136,2
DA:137,2
DA:138,2
DA:139,0
DA:141,2
DA:142,1
DA:144,1
DA:145,1
DA:153,22
DA:154,22
DA:155,0
DA:157,22
DA:166,6
DA:167,6
DA:168,0
DA:170,6
DA:171,6
DA:178,6
DA:179,6
DA:182,0
DA:183,0
DA:186,0
DA:187,0
DA:188,0
DA:189,0
DA:191,0
DA:194,0
DA:197,0
DA:200,1
DA:203,1
DA:204,1
DA:205,1
DA:206,1
DA:207,1
DA:208,6
DA:210,1
DA:213,2
DA:214,2
DA:215,2
DA:218,2
DA:219,2
DA:220,2
DA:222,2
DA:223,2
DA:224,2
DA:225,2
DA:228,0
DA:234,1
DA:235,1
DA:236,1
DA:238,1
DA:239,1
DA:240,1
DA:241,1
DA:244,0
DA:250,5
DA:251,5
DA:252,5
DA:255,1
DA:256,1
DA:257,1
DA:260,0
DA:261,0
DA:262,0
DA:263,0
DA:266,0
DA:267,0
DA:268,0
DA:269,0
DA:270,0
DA:272,0
DA:275,0
DA:276,0
DA:277,0
DA:280,0
DA:281,0
DA:282,0
DA:283,0
DA:284,0
DA:285,0
DA:287,0
DA:289,0
DA:292,4
DA:293,2
DA:295,4
DA:296,4
DA:297,0
DA:298,0
DA:299,0
DA:300,0
DA:301,0
DA:303,0
DA:306,4
DA:309,22
DA:310,22
DA:311,22
DA:312,22
DA:313,22
DA:314,2
DA:315,2
DA:316,2
DA:319,0
DA:322,22
DA:323,0
DA:325,22
DA:326,22
DA:327,22
DA:330,0
DA:331,0
DA:333,22
DA:334,22
DA:335,2
DA:336,2
DA:337,2
DA:340,0
DA:341,0
DA:344,22
DA:345,0
DA:347,22
DA:350,3
DA:354,3
DA:358,3
DA:362,3
DA:366,3
DA:370,3
LF:194
LH:143
BRDA:2,0,0,3
BRDA:2,0,1,3
BRDA:2,0,2,3
BRDA:3,1,0,0
BRDA:3,1,1,15
BRDA:3,2,0,0
BRDA:3,2,1,15
BRDA:4,3,0,0
BRDA:4,3,1,15
BRDA:4,4,0,15
BRDA:4,4,1,15
BRDA:5,5,0,15
BRDA:5,5,1,15
BRDA:5,6,0,15
BRDA:5,6,1,15
BRDA:5,7,0,0
BRDA:5,7,1,15
BRDA:5,8,0,15
BRDA:5,8,1,0
BRDA:6,9,0,15
BRDA:6,9,1,15
BRDA:6,9,2,0
BRDA:8,10,0,3
BRDA:8,10,1,3
BRDA:8,10,2,3
BRDA:9,11,0,0
BRDA:9,11,1,15
BRDA:9,12,0,15
BRDA:9,12,1,15
BRDA:11,13,0,3
BRDA:11,13,1,3
BRDA:11,13,2,3
BRDA:12,14,0,18
BRDA:12,14,1,0
BRDA:12,15,0,18
BRDA:12,15,1,18
BRDA:37,16,0,56
BRDA:38,17,0,69
BRDA:38,17,1,0
BRDA:63,18,0,11
BRDA:63,18,1,1
BRDA:65,19,0,11
BRDA:65,19,1,0
BRDA:65,20,0,11
BRDA:65,20,1,0
BRDA:85,21,0,190
BRDA:85,21,1,273
BRDA:99,22,0,52
BRDA:99,22,1,168
BRDA:100,23,0,52
BRDA:100,23,1,44
BRDA:100,24,0,13
BRDA:100,24,1,7
BRDA:101,25,0,4
BRDA:101,25,1,48
BRDA:131,26,0,0
BRDA:131,26,1,11
BRDA:131,27,0,11
BRDA:131,27,1,11
BRDA:138,28,0,0
BRDA:138,28,1,2
BRDA:141,29,0,1
BRDA:141,29,1,1
BRDA:152,30,0,10
BRDA:154,31,0,0
BRDA:154,31,1,22
BRDA:167,32,0,0
BRDA:167,32,1,6
BRDA:212,33,0,2
BRDA:217,34,0,0
BRDA:233,35,0,1
BRDA:265,36,0,0
BRDA:268,37,0,0
BRDA:268,37,1,0
BRDA:279,38,0,0
BRDA:282,39,0,0
BRDA:282,39,1,0
BRDA:284,40,0,0
BRDA:284,40,1,0
BRDA:292,41,0,2
BRDA:292,41,1,2
BRDA:292,42,0,4
BRDA:292,42,1,2
BRDA:296,43,0,0
BRDA:296,43,1,4
BRDA:300,44,0,0
BRDA:300,44,1,0
BRDA:322,45,0,0
BRDA:322,45,1,22
BRDA:344,46,0,0
BRDA:344,46,1,22
BRF:91
BRH:62
end_of_record
TN:
SF:src/lib/ModelList.ts
FN:6,(anonymous_0)
FN:13,(anonymous_1)
FN:16,(anonymous_2)
FN:19,(anonymous_3)
FN:20,(anonymous_4)
FN:22,(anonymous_5)
FN:25,(anonymous_6)
FN:27,(anonymous_7)
FNF:8
FNH:4
FNDA:1,(anonymous_0)
FNDA:0,(anonymous_1)
FNDA:0,(anonymous_2)
FNDA:1,(anonymous_3)
FNDA:5,(anonymous_4)
FNDA:1,(anonymous_5)
FNDA:0,(anonymous_6)
FNDA:0,(anonymous_7)
DA:2,2
DA:7,1
DA:8,1
DA:9,1
DA:10,1
DA:11,1
DA:14,0
DA:17,0
DA:20,5
DA:23,1
DA:26,0
DA:27,0
DA:32,2
LF:13
LH:9
BRDA:6,0,0,0
BRDA:9,1,0,1
BRDA:9,1,1,0
BRDA:9,1,2,0
BRF:4
BRH:1
end_of_record
TN:
SF:src/lib/PromiseModel.ts
FN:6,(anonymous_0)
FN:17,(anonymous_1)
FN:20,(anonymous_2)
FNF:3
FNH:1
FNDA:4,(anonymous_0)
FNDA:0,(anonymous_1)
FNDA:0,(anonymous_2)
DA:2,3
DA:7,4
DA:9,2
DA:11,2
DA:12,2
DA:13,2
DA:14,2
DA:15,2
DA:18,0
DA:21,0
DA:24,3
LF:11
LH:9
BRDA:7,0,0,2
BRDA:7,0,1,2
BRF:2
BRH:2
end_of_record
TN:
SF:src/lib/PromiseModelList.ts
FN:6,(anonymous_0)
FN:17,(anonymous_1)
FN:20,(anonymous_2)
FN:23,(anonymous_3)
FNF:4
FNH:1
FNDA:2,(anonymous_0)
FNDA:0,(anonymous_1)
FNDA:0,(anonymous_2)
FNDA:0,(anonymous_3)
DA:2,3
DA:7,2
DA:9,1
DA:11,1
DA:12,1
DA:13,1
DA:14,1
DA:15,1
DA:18,0
DA:21,0
DA:24,0
DA:25,0
DA:27,0
DA:30,3
LF:14
LH:9
BRDA:7,0,0,1
BRDA:7,0,1,1
BRDA:24,1,0,0
BRDA:24,1,1,0
BRDA:25,2,0,0
BRDA:25,2,1,0
BRF:6
BRH:2
end_of_record
TN:
SF:src/lib/defaultSerializer.ts
FN:2,(anonymous_0)
FN:12,(anonymous_1)
FN:15,(anonymous_2)
FN:18,(anonymous_3)
FN:21,(anonymous_4)
FN:24,(anonymous_5)
FN:33,(anonymous_6)
FN:34,(anonymous_7)
FN:42,(anonymous_8)
FN:50,(anonymous_9)
FN:72,(anonymous_10)
FN:75,(anonymous_11)
FN:79,(anonymous_12)
FN:80,(anonymous_13)
FNF:14
FNH:3
FNDA:12,(anonymous_0)
FNDA:10,(anonymous_1)
FNDA:0,(anonymous_2)
FNDA:0,(anonymous_3)
FNDA:0,(anonymous_4)
FNDA:14,(anonymous_5)
FNDA:0,(anonymous_6)
FNDA:0,(anonymous_7)
FNDA:0,(anonymous_8)
FNDA:0,(anonymous_9)
FNDA:0,(anonymous_10)
FNDA:0,(anonymous_11)
FNDA:0,(anonymous_12)
FNDA:0,(anonymous_13)
DA:2,3
DA:3,12
DA:5,3
DA:6,3
DA:7,3
DA:8,3
DA:9,3
DA:10,3
DA:12,10
DA:15,0
DA:18,0
DA:21,0
DA:25,14
DA:26,6
DA:27,6
DA:29,8
DA:34,0
DA:35,0
DA:36,0
DA:37,0
DA:42,0
DA:44,0
DA:50,0
DA:52,0
DA:53,0
DA:54,0
DA:55,0
DA:56,0
DA:58,0
DA:59,0
DA:61,0
DA:64,0
DA:67,0
DA:73,0
DA:74,0
DA:75,0
DA:76,0
DA:79,0
DA:80,0
DA:81,0
DA:82,0
DA:83,0
DA:84,0
DA:86,0
DA:87,0
DA:89,0
DA:91,0
DA:92,0
DA:94,0
DA:98,3
LF:50
LH:14
BRDA:2,0,0,3
BRDA:2,0,1,3
BRDA:2,0,2,3
BRDA:3,1,0,12
BRDA:3,1,1,0
BRDA:3,2,0,12
BRDA:3,2,1,12
BRDA:12,3,0,10
BRDA:12,3,1,0
BRDA:21,4,0,0
BRDA:21,4,1,0
BRDA:25,5,0,6
BRDA:25,5,1,8
BRDA:26,6,0,3
BRDA:26,6,1,3
BRDA:26,7,0,6
BRDA:26,7,1,6
BRDA:29,8,0,0
BRDA:29,8,1,8
BRDA:29,9,0,8
BRDA:29,9,1,8
BRDA:35,10,0,0
BRDA:35,10,1,0
BRDA:36,11,0,0
BRDA:36,11,1,0
BRDA:37,12,0,0
BRDA:37,12,1,0
BRDA:39,13,0,0
BRDA:39,13,1,0
BRDA:41,14,0,0
BRDA:41,14,1,0
BRDA:44,15,0,0
BRDA:44,15,1,0
BRDA:46,16,0,0
BRDA:46,16,1,0
BRDA:48,17,0,0
BRDA:48,17,1,0
BRDA:54,18,0,0
BRDA:54,18,1,0
BRDA:55,19,0,0
BRDA:55,19,1,0
BRDA:58,20,0,0
BRDA:58,20,1,0
BRDA:61,21,0,0
BRDA:61,21,1,0
BRDA:61,21,2,0
BRDA:61,21,3,0
BRDA:74,22,0,0
BRDA:74,22,1,0
BRDA:86,23,0,0
BRDA:86,23,1,0
BRDA:91,24,0,0
BRDA:91,24,1,0
BRF:53
BRH:16
end_of_record
TN:
SF:src/lib/fieldDecorator.ts
FN:2,(anonymous_0)
FN:8,(anonymous_1)
FN:9,(anonymous_2)
FNF:3
FNH:3
FNDA:3,(anonymous_0)
FNDA:40,(anonymous_1)
FNDA:40,(anonymous_2)
DA:2,3
DA:3,3
DA:5,3
DA:6,3
DA:7,3
DA:8,3
DA:9,40
DA:10,40
DA:11,10
DA:13,40
DA:16,3
LF:11
LH:11
BRDA:2,0,0,3
BRDA:2,0,1,3
BRDA:2,0,2,3
BRDA:3,1,0,3
BRDA:3,1,1,0
BRDA:3,2,0,3
BRDA:3,2,1,3
BRDA:10,3,0,10
BRDA:10,3,1,30
BRDA:10,4,0,40
BRDA:10,4,1,33
BRF:11
BRH:10
end_of_record
TN:
SF:src/lib/modelDecorator.ts
FN:4,(anonymous_0)
FN:5,(anonymous_1)
FN:8,(anonymous_2)
FNF:3
FNH:2
FNDA:10,(anonymous_0)
FNDA:10,(anonymous_1)
FNDA:0,(anonymous_2)
DA:2,1
DA:3,1
DA:4,1
DA:5,10
DA:7,10
DA:9,0
DA:10,0
DA:15,1
LF:8
LH:6
BRF:0
BRH:0
end_of_record
TN:
SF:src/models/Account.ts
FN:2,(anonymous_0)
FN:8,(anonymous_1)
FN:11,(anonymous_2)
FNF:3
FNH:3
FNDA:6,(anonymous_0)
FNDA:5,(anonymous_1)
FNDA:3,(anonymous_2)
DA:2,1
DA:3,6
DA:4,6
DA:5,11
DA:6,6
DA:8,1
DA:9,5
DA:11,1
DA:12,3
DA:14,1
DA:15,1
DA:16,1
DA:17,1
DA:18,1
DA:19,1
DA:20,1
DA:21,1
DA:22,1
DA:23,1
DA:24,1
DA:31,1
DA:35,1
DA:39,1
DA:43,1
DA:47,1
DA:51,1
DA:54,1
LF:27
LH:27
BRDA:2,0,0,1
BRDA:2,0,1,1
BRDA:2,0,2,1
BRDA:3,1,0,1
BRDA:3,1,1,5
BRDA:3,2,0,0
BRDA:3,2,1,5
BRDA:4,3,0,0
BRDA:4,3,1,6
BRDA:4,4,0,6
BRDA:4,4,1,6
BRDA:5,5,0,6
BRDA:5,5,1,5
BRDA:5,6,0,6
BRDA:5,6,1,5
BRDA:5,7,0,1
BRDA:5,7,1,5
BRDA:5,8,0,5
BRDA:5,8,1,0
BRDA:6,9,0,6
BRDA:6,9,1,5
BRDA:6,9,2,0
BRDA:8,10,0,1
BRDA:8,10,1,1
BRDA:8,10,2,1
BRDA:9,11,0,0
BRDA:9,11,1,5
BRDA:9,12,0,5
BRDA:9,12,1,5
BRDA:11,13,0,1
BRDA:11,13,1,1
BRDA:11,13,2,1
BRDA:12,14,0,3
BRDA:12,14,1,0
BRDA:12,15,0,3
BRDA:12,15,1,3
BRF:36
BRH:30
end_of_record
TN:
SF:src/models/DataModel.ts
FN:2,(anonymous_0)
FN:8,(anonymous_1)
FN:11,(anonymous_2)
FNF:3
FNH:3
FNDA:4,(anonymous_0)
FNDA:3,(anonymous_1)
FNDA:3,(anonymous_2)
DA:2,1
DA:3,4
DA:4,4
DA:5,7
DA:6,4
DA:8,1
DA:9,3
DA:11,1
DA:12,3
DA:14,1
DA:15,1
DA:16,1
DA:17,1
DA:18,1
DA:19,1
DA:20,1
DA:21,1
DA:22,1
DA:23,1
DA:28,1
DA:32,1
DA:36,1
DA:60,1
DA:63,1
LF:24
LH:24
BRDA:2,0,0,1
BRDA:2,0,1,1
BRDA:2,0,2,1
BRDA:3,1,0,1
BRDA:3,1,1,3
BRDA:3,2,0,0
BRDA:3,2,1,3
BRDA:4,3,0,0
BRDA:4,3,1,4
BRDA:4,4,0,4
BRDA:4,4,1,4
BRDA:5,5,0,4
BRDA:5,5,1,3
BRDA:5,6,0,4
BRDA:5,6,1,3
BRDA:5,7,0,1
BRDA:5,7,1,3
BRDA:5,8,0,3
BRDA:5,8,1,0
BRDA:6,9,0,4
BRDA:6,9,1,3
BRDA:6,9,2,0
BRDA:8,10,0,1
BRDA:8,10,1,1
BRDA:8,10,2,1
BRDA:9,11,0,0
BRDA:9,11,1,3
BRDA:9,12,0,3
BRDA:9,12,1,3
BRDA:11,13,0,1
BRDA:11,13,1,1
BRDA:11,13,2,1
BRDA:12,14,0,3
BRDA:12,14,1,0
BRDA:12,15,0,3
BRDA:12,15,1,3
BRF:36
BRH:30
end_of_record
TN:
SF:src/models/Environment.ts
FN:2,(anonymous_0)
FN:8,(anonymous_1)
FN:11,(anonymous_2)
FNF:3
FNH:3
FNDA:4,(anonymous_0)
FNDA:3,(anonymous_1)
FNDA:4,(anonymous_2)
DA:2,1
DA:3,4
DA:4,4
DA:5,7
DA:6,4
DA:8,1
DA:9,3
DA:11,1
DA:12,4
DA:14,1
DA:15,1
DA:16,1
DA:17,1
DA:18,1
DA:19,1
DA:20,1
DA:21,1
DA:22,1
DA:23,1
DA:24,1
DA:25,1
DA:30,1
DA:34,1
DA:40,1
DA:47,1
DA:50,1
LF:26
LH:26
BRDA:2,0,0,1
BRDA:2,0,1,1
BRDA:2,0,2,1
BRDA:3,1,0,1
BRDA:3,1,1,3
BRDA:3,2,0,0
BRDA:3,2,1,3
BRDA:4,3,0,0
BRDA:4,3,1,4
BRDA:4,4,0,4
BRDA:4,4,1,4
BRDA:5,5,0,4
BRDA:5,5,1,3
BRDA:5,6,0,4
BRDA:5,6,1,3
BRDA:5,7,0,1
BRDA:5,7,1,3
BRDA:5,8,0,3
BRDA:5,8,1,0
BRDA:6,9,0,4
BRDA:6,9,1,3
BRDA:6,9,2,0
BRDA:8,10,0,1
BRDA:8,10,1,1
BRDA:8,10,2,1
BRDA:9,11,0,0
BRDA:9,11,1,3
BRDA:9,12,0,3
BRDA:9,12,1,3
BRDA:11,13,0,1
BRDA:11,13,1,1
BRDA:11,13,2,1
BRDA:12,14,0,4
BRDA:12,14,1,0
BRDA:12,15,0,4
BRDA:12,15,1,4
BRF:36
BRH:30
end_of_record
TN:
SF:src/models/Media.ts
FN:2,(anonymous_0)
FN:8,(anonymous_1)
FNF:2
FNH:2
FNDA:1,(anonymous_0)
FNDA:1,(anonymous_1)
DA:2,1
DA:3,1
DA:4,1
DA:5,1
DA:6,1
DA:8,1
DA:9,1
DA:11,1
DA:12,1
DA:13,1
DA:14,1
DA:15,1
DA:16,1
DA:18,1
DA:21,1
LF:15
LH:15
BRDA:2,0,0,1
BRDA:2,0,1,1
BRDA:2,0,2,1
BRDA:3,1,0,1
BRDA:3,1,1,0
BRDA:3,2,0,0
BRDA:3,2,1,0
BRDA:4,3,0,0
BRDA:4,3,1,1
BRDA:4,4,0,1
BRDA:4,4,1,1
BRDA:5,5,0,1
BRDA:5,5,1,0
BRDA:5,6,0,1
BRDA:5,6,1,0
BRDA:5,7,0,1
BRDA:5,7,1,0
BRDA:5,8,0,0
BRDA:5,8,1,0
BRDA:6,9,0,1
BRDA:6,9,1,0
BRDA:6,9,2,0
BRDA:8,10,0,1
BRDA:8,10,1,1
BRDA:8,10,2,1
BRDA:9,11,0,1
BRDA:9,11,1,0
BRDA:9,12,0,1
BRDA:9,12,1,1
BRF:29
BRH:17
end_of_record
TN:
SF:src/models/Organization.ts
FN:2,(anonymous_0)
FN:8,(anonymous_1)
FN:11,(anonymous_2)
FNF:3
FNH:3
FNDA:2,(anonymous_0)
FNDA:1,(anonymous_1)
FNDA:3,(anonymous_2)
DA:2,1
DA:3,2
DA:4,2
DA:5,3
DA:6,2
DA:8,1
DA:9,1
DA:11,1
DA:12,3
DA:14,1
DA:15,1
DA:16,1
DA:17,1
DA:18,1
DA:19,1
DA:20,1
DA:21,1
DA:22,1
DA:23,1
DA:26,1
DA:30,1
DA:33,1
LF:22
LH:22
BRDA:2,0,0,1
BRDA:2,0,1,1
BRDA:2,0,2,1
BRDA:3,1,0,1
BRDA:3,1,1,1
BRDA:3,2,0,0
BRDA:3,2,1,1
BRDA:4,3,0,0
BRDA:4,3,1,2
BRDA:4,4,0,2
BRDA:4,4,1,2
BRDA:5,5,0,2
BRDA:5,5,1,1
BRDA:5,6,0,2
BRDA:5,6,1,1
BRDA:5,7,0,1
BRDA:5,7,1,1
BRDA:5,8,0,1
BRDA:5,8,1,0
BRDA:6,9,0,2
BRDA:6,9,1,1
BRDA:6,9,2,0
BRDA:8,10,0,1
BRDA:8,10,1,1
BRDA:8,10,2,1
BRDA:9,11,0,0
BRDA:9,11,1,1
BRDA:9,12,0,1
BRDA:9,12,1,1
BRDA:11,13,0,1
BRDA:11,13,1,1
BRDA:11,13,2,1
BRDA:12,14,0,3
BRDA:12,14,1,0
BRDA:12,15,0,3
BRDA:12,15,1,3
BRF:36
BRH:30
end_of_record
TN:
SF:src/models/Project.ts
FN:2,(anonymous_0)
FN:8,(anonymous_1)
FN:11,(anonymous_2)
FNF:3
FNH:3
FNDA:5,(anonymous_0)
FNDA:4,(anonymous_1)
FNDA:3,(anonymous_2)
DA:2,1
DA:3,5
DA:4,5
DA:5,9
DA:6,5
DA:8,1
DA:9,4
DA:11,1
DA:12,3
DA:14,1
DA:15,1
DA:16,1
DA:17,1
DA:18,1
DA:19,1
DA:20,1
DA:21,1
DA:22,1
DA:23,1
DA:29,1
DA:33,1
DA:40,1
DA:44,1
DA:48,1
DA:51,1
LF:25
LH:25
BRDA:2,0,0,1
BRDA:2,0,1,1
BRDA:2,0,2,1
BRDA:3,1,0,1
BRDA:3,1,1,4
BRDA:3,2,0,0
BRDA:3,2,1,4
BRDA:4,3,0,0
BRDA:4,3,1,5
BRDA:4,4,0,5
BRDA:4,4,1,5
BRDA:5,5,0,5
BRDA:5,5,1,4
BRDA:5,6,0,5
BRDA:5,6,1,4
BRDA:5,7,0,1
BRDA:5,7,1,4
BRDA:5,8,0,4
BRDA:5,8,1,0
BRDA:6,9,0,5
BRDA:6,9,1,4
BRDA:6,9,2,0
BRDA:8,10,0,1
BRDA:8,10,1,1
BRDA:8,10,2,1
BRDA:9,11,0,0
BRDA:9,11,1,4
BRDA:9,12,0,4
BRDA:9,12,1,4
BRDA:11,13,0,1
BRDA:11,13,1,1
BRDA:11,13,2,1
BRDA:12,14,0,3
BRDA:12,14,1,0
BRDA:12,15,0,3
BRDA:12,15,1,3
BRF:36
BRH:30
end_of_record
TN:
SF:src/models/Role.ts
FN:2,(anonymous_0)
FN:8,(anonymous_1)
FN:11,(anonymous_2)
FN:31,(anonymous_3)
FN:35,(anonymous_4)
FN:40,(anonymous_5)
FN:44,(anonymous_6)
FNF:7
FNH:3
FNDA:7,(anonymous_0)
FNDA:6,(anonymous_1)
FNDA:4,(anonymous_2)
FNDA:0,(anonymous_3)
FNDA:0,(anonymous_4)
FNDA:0,(anonymous_5)
FNDA:0,(anonymous_6)
DA:2,1
DA:3,7
DA:4,7
DA:5,13
DA:6,7
DA:8,1
DA:9,6
DA:11,1
DA:12,4
DA:14,1
DA:15,1
DA:16,1
DA:17,1
DA:18,1
DA:19,1
DA:20,1
DA:21,1
DA:22,1
DA:23,1
DA:24,1
DA:32,0
DA:33,0
DA:34,0
DA:35,0
DA:36,0
DA:38,0
DA:41,0
DA:42,0
DA:43,0
DA:44,0
DA:45,0
DA:50,0
DA:53,1
DA:57,1
DA:61,1
DA:65,1
DA:72,1
DA:100,1
DA:129,1
DA:132,1
LF:40
LH:28
BRDA:2,0,0,1
BRDA:2,0,1,1
BRDA:2,0,2,1
BRDA:3,1,0,1
BRDA:3,1,1,6
BRDA:3,2,0,0
BRDA:3,2,1,6
BRDA:4,3,0,0
BRDA:4,3,1,7
BRDA:4,4,0,7
BRDA:4,4,1,7
BRDA:5,5,0,7
BRDA:5,5,1,6
BRDA:5,6,0,7
BRDA:5,6,1,6
BRDA:5,7,0,1
BRDA:5,7,1,6
BRDA:5,8,0,6
BRDA:5,8,1,0
BRDA:6,9,0,7
BRDA:6,9,1,6
BRDA:6,9,2,0
BRDA:8,10,0,1
BRDA:8,10,1,1
BRDA:8,10,2,1
BRDA:9,11,0,0
BRDA:9,11,1,6
BRDA:9,12,0,6
BRDA:9,12,1,6
BRDA:11,13,0,1
BRDA:11,13,1,1
BRDA:11,13,2,1
BRDA:12,14,0,4
BRDA:12,14,1,0
BRDA:12,15,0,4
BRDA:12,15,1,4
BRDA:32,16,0,0
BRDA:32,16,1,0
BRDA:34,17,0,0
BRDA:34,17,1,0
BRDA:41,18,0,0
BRDA:41,18,1,0
BRDA:43,19,0,0
BRDA:43,19,1,0
BRF:44
BRH:30
end_of_record
TN:
SF:src/models/Token.ts
FN:2,(anonymous_0)
FN:8,(anonymous_1)
FN:11,(anonymous_2)
FNF:3
FNH:3
FNDA:4,(anonymous_0)
FNDA:3,(anonymous_1)
FNDA:3,(anonymous_2)
DA:2,1
DA:3,4
DA:4,4
DA:5,7
DA:6,4
DA:8,1
DA:9,3
DA:11,1
DA:12,3
DA:14,1
DA:15,1
DA:16,1
DA:17,1
DA:18,1
DA:19,1
DA:20,1
DA:21,1
DA:22,1
DA:23,1
DA:28,1
DA:32,1
DA:36,1
DA:43,1
DA:46,1
LF:24
LH:24
BRDA:2,0,0,1
BRDA:2,0,1,1
BRDA:2,0,2,1
BRDA:3,1,0,1
BRDA:3,1,1,3
BRDA:3,2,0,0
BRDA:3,2,1,3
BRDA:4,3,0,0
BRDA:4,3,1,4
BRDA:4,4,0,4
BRDA:4,4,1,4
BRDA:5,5,0,4
BRDA:5,5,1,3
BRDA:5,6,0,4
BRDA:5,6,1,3
BRDA:5,7,0,1
BRDA:5,7,1,3
BRDA:5,8,0,3
BRDA:5,8,1,0
BRDA:6,9,0,4
BRDA:6,9,1,3
BRDA:6,9,2,0
BRDA:8,10,0,1
BRDA:8,10,1,1
BRDA:8,10,2,1
BRDA:9,11,0,0
BRDA:9,11,1,3
BRDA:9,12,0,3
BRDA:9,12,1,3
BRDA:11,13,0,1
BRDA:11,13,1,1
BRDA:11,13,2,1
BRDA:12,14,0,3
BRDA:12,14,1,0
BRDA:12,15,0,3
BRDA:12,15,1,3
BRF:36
BRH:30
end_of_record
TN:
SF:src/models/User.ts
FN:2,(anonymous_0)
FN:8,(anonymous_1)
FNF:2
FNH:2
FNDA:1,(anonymous_0)
FNDA:2,(anonymous_1)
DA:2,1
DA:3,1
DA:4,1
DA:5,1
DA:6,1
DA:8,1
DA:9,2
DA:11,1
DA:12,1
DA:13,1
DA:14,1
DA:15,1
DA:16,1
DA:17,1
DA:18,1
DA:19,1
DA:21,1
DA:24,1
LF:18
LH:18
BRDA:2,0,0,1
BRDA:2,0,1,1
BRDA:2,0,2,1
BRDA:3,1,0,1
BRDA:3,1,1,0
BRDA:3,2,0,0
BRDA:3,2,1,0
BRDA:4,3,0,0
BRDA:4,3,1,1
BRDA:4,4,0,1
BRDA:4,4,1,1
BRDA:5,5,0,1
BRDA:5,5,1,0
BRDA:5,6,0,1
BRDA:5,6,1,0
BRDA:5,7,0,1
BRDA:5,7,1,0
BRDA:5,8,0,0
BRDA:5,8,1,0
BRDA:6,9,0,1
BRDA:6,9,1,0
BRDA:6,9,2,0
BRDA:8,10,0,1
BRDA:8,10,1,1
BRDA:8,10,2,1
BRDA:9,11,0,2
BRDA:9,11,1,0
BRDA:9,12,0,2
BRDA:9,12,1,2
BRF:29
BRH:17
end_of_record
