TN:
SF:src/test-utils.ts
FN:2,(anonymous_0)
FN:12,(anonymous_1)
FN:15,(anonymous_2)
FN:19,(anonymous_3)
FN:25,(anonymous_4)
FN:26,(anonymous_5)
FN:33,(anonymous_6)
FN:36,(anonymous_7)
FN:41,(anonymous_8)
FN:42,(anonymous_9)
FN:43,(anonymous_10)
FN:46,(anonymous_11)
FN:53,(anonymous_12)
FN:59,(anonymous_13)
FN:67,(anonymous_14)
FN:71,(anonymous_15)
FN:75,(anonymous_16)
FN:90,(anonymous_17)
FN:96,(anonymous_18)
FNF:19
FNH:12
FNDA:5,(anonymous_0)
FNDA:1,(anonymous_1)
FNDA:7,(anonymous_2)
FNDA:25,(anonymous_3)
FNDA:1,(anonymous_4)
FNDA:0,(anonymous_5)
FNDA:0,(anonymous_6)
FNDA:3,(anonymous_7)
FNDA:1,(anonymous_8)
FNDA:3,(anonymous_9)
FNDA:3,(anonymous_10)
FNDA:0,(anonymous_11)
FNDA:0,(anonymous_12)
FNDA:0,(anonymous_13)
FNDA:0,(anonymous_14)
FNDA:0,(anonymous_15)
FNDA:5,(anonymous_16)
FNDA:1,(anonymous_17)
FNDA:31,(anonymous_18)
DA:2,1
DA:3,5
DA:5,1
DA:6,1
DA:7,1
DA:8,1
DA:9,1
DA:10,1
DA:11,1
DA:12,1
DA:16,7
DA:17,5
DA:19,25
DA:20,5
DA:22,7
DA:24,5
DA:25,1
DA:27,0
DA:28,0
DA:30,0
DA:31,0
DA:34,0
DA:37,3
DA:38,3
DA:39,3
DA:42,3
DA:43,3
DA:44,1
DA:47,0
DA:48,0
DA:50,0
DA:51,0
DA:54,0
DA:55,0
DA:57,0
DA:60,0
DA:61,0
DA:63,0
DA:64,0
DA:65,0
DA:68,0
DA:69,0
DA:71,0
DA:72,0
DA:73,0
DA:76,5
DA:87,1
DA:89,1
DA:90,1
DA:91,1
DA:93,1
DA:94,1
DA:95,1
DA:97,31
DA:98,31
DA:101,1
DA:103,1
LF:57
LH:35
BRDA:2,0,0,1
BRDA:2,0,1,1
BRDA:2,0,2,1
BRDA:3,1,0,5
BRDA:3,1,1,0
BRDA:3,2,0,5
BRDA:3,2,1,5
BRDA:16,3,0,5
BRDA:16,3,1,2
BRDA:16,4,0,7
BRDA:16,4,1,7
BRDA:27,5,0,0
BRDA:27,5,1,0
BRDA:47,6,0,0
BRDA:47,6,1,0
BRDA:47,7,0,0
BRDA:47,7,1,0
BRDA:54,8,0,0
BRDA:54,8,1,0
BRDA:54,9,0,0
BRDA:54,9,1,0
BRDA:60,10,0,0
BRDA:60,10,1,0
BRDA:68,11,0,0
BRDA:68,11,1,0
BRDA:90,12,0,1
BRF:26
BRH:11
end_of_record
TN:
SF:src/enums/field-types.ts
FN:4,(anonymous_0)
FNF:1
FNH:1
FNDA:1,(anonymous_0)
DA:2,1
DA:4,1
DA:5,1
DA:6,1
DA:7,1
DA:8,1
DA:9,1
DA:10,1
DA:11,1
DA:13,1
LF:10
LH:10
BRDA:12,0,0,1
BRDA:12,0,1,1
BRF:2
BRH:2
end_of_record
TN:
SF:src/enums/model-env-scopes.ts
FN:4,(anonymous_0)
FNF:1
FNH:1
FNDA:1,(anonymous_0)
DA:2,1
DA:4,1
DA:5,1
DA:6,1
DA:7,1
DA:9,1
LF:6
LH:6
BRDA:8,0,0,1
BRDA:8,0,1,1
BRF:2
BRH:2
end_of_record
TN:
SF:src/enums/serializer-format.ts
FN:4,(anonymous_0)
FNF:1
FNH:1
FNDA:1,(anonymous_0)
DA:2,1
DA:4,1
DA:5,1
DA:6,1
DA:7,1
DA:9,1
LF:6
LH:6
BRDA:8,0,0,1
BRDA:8,0,1,1
BRF:2
BRH:2
end_of_record
TN:
SF:src/lib/Adapter.ts
FN:7,(anonymous_0)
FNF:1
FNH:1
FNDA:5,(anonymous_0)
DA:2,1
DA:8,5
DA:11,1
LF:3
LH:3
BRF:0
BRH:0
end_of_record
TN:
SF:src/lib/Field.ts
FN:2,(anonymous_0)
FN:10,(anonymous_1)
FN:14,(anonymous_2)
FN:17,(anonymous_3)
FN:20,(anonymous_4)
FN:23,(anonymous_5)
FN:27,(anonymous_6)
FNF:7
FNH:6
FNDA:1,(anonymous_0)
FNDA:10,(anonymous_1)
FNDA:5,(anonymous_2)
FNDA:0,(anonymous_3)
FNDA:3,(anonymous_4)
FNDA:1,(anonymous_5)
FNDA:1,(anonymous_6)
DA:2,1
DA:3,1
DA:5,1
DA:6,1
DA:11,10
DA:12,10
DA:15,5
DA:18,0
DA:21,3
DA:24,1
DA:28,1
DA:29,1
DA:31,1
DA:32,0
DA:34,1
DA:37,1
LF:16
LH:14
BRDA:2,0,0,1
BRDA:2,0,1,1
BRDA:2,0,2,1
BRDA:3,1,0,1
BRDA:3,1,1,0
BRDA:3,2,0,1
BRDA:3,2,1,1
BRDA:10,3,0,3
BRDA:24,4,0,1
BRDA:24,4,1,1
BRDA:28,5,0,1
BRDA:28,5,1,0
BRDA:28,6,0,1
BRDA:28,6,1,1
BRDA:31,7,0,0
BRDA:31,7,1,1
BRDA:31,8,0,1
BRDA:31,8,1,1
BRDA:34,9,0,1
BRDA:34,9,1,0
BRF:20
BRH:16
end_of_record
TN:
SF:src/lib/Model.ts
FN:2,(anonymous_0)
FN:8,(anonymous_1)
FN:11,(anonymous_2)
FN:37,(anonymous_3)
FN:41,(anonymous_4)
FN:44,(anonymous_5)
FN:50,(anonymous_6)
FN:53,(anonymous_7)
FN:55,(anonymous_8)
FN:62,(anonymous_9)
FN:74,(anonymous_10)
FN:79,(anonymous_11)
FN:88,(anonymous_12)
FN:93,(anonymous_13)
FN:103,(anonymous_14)
FN:105,(anonymous_15)
FN:109,(anonymous_16)
FN:112,(anonymous_17)
FN:120,(anonymous_18)
FN:123,(anonymous_19)
FN:128,(anonymous_20)
FN:130,(anonymous_21)
FN:137,(anonymous_22)
FN:150,(anonymous_23)
FN:166,(anonymous_24)
FN:168,(anonymous_25)
FN:170,(anonymous_26)
FN:178,(anonymous_27)
FN:181,(anonymous_28)
FN:184,(anonymous_29)
FN:187,(anonymous_30)
FN:192,(anonymous_31)
FN:197,(anonymous_32)
FN:202,(anonymous_33)
FN:206,(anonymous_34)
FN:218,(anonymous_35)
FN:222,(anonymous_36)
FN:234,(anonymous_37)
FN:239,(anonymous_38)
FN:244,(anonymous_39)
FN:250,(anonymous_40)
FN:259,(anonymous_41)
FN:264,(anonymous_42)
FN:276,(anonymous_43)
FN:283,(anonymous_44)
FN:293,(anonymous_45)
FN:298,(anonymous_46)
FN:319,(anonymous_47)
FNF:48
FNH:22
FNDA:5,(anonymous_0)
FNDA:5,(anonymous_1)
FNDA:6,(anonymous_2)
FNDA:31,(anonymous_3)
FNDA:50,(anonymous_4)
FNDA:5,(anonymous_5)
FNDA:0,(anonymous_6)
FNDA:5,(anonymous_7)
FNDA:5,(anonymous_8)
FNDA:5,(anonymous_9)
FNDA:33,(anonymous_10)
FNDA:198,(anonymous_11)
FNDA:20,(anonymous_12)
FNDA:0,(anonymous_13)
FNDA:31,(anonymous_14)
FNDA:186,(anonymous_15)
FNDA:1,(anonymous_16)
FNDA:0,(anonymous_17)
FNDA:31,(anonymous_18)
FNDA:5,(anonymous_19)
FNDA:0,(anonymous_20)
FNDA:0,(anonymous_21)
FNDA:1,(anonymous_22)
FNDA:0,(anonymous_23)
FNDA:0,(anonymous_24)
FNDA:0,(anonymous_25)
FNDA:0,(anonymous_26)
FNDA:0,(anonymous_27)
FNDA:0,(anonymous_28)
FNDA:0,(anonymous_29)
FNDA:0,(anonymous_30)
FNDA:0,(anonymous_31)
FNDA:1,(anonymous_32)
FNDA:0,(anonymous_33)
FNDA:0,(anonymous_34)
FNDA:0,(anonymous_35)
FNDA:0,(anonymous_36)
FNDA:3,(anonymous_37)
FNDA:1,(anonymous_38)
FNDA:0,(anonymous_39)
FNDA:0,(anonymous_40)
FNDA:0,(anonymous_41)
FNDA:0,(anonymous_42)
FNDA:0,(anonymous_43)
FNDA:0,(anonymous_44)
FNDA:10,(anonymous_45)
FNDA:0,(anonymous_46)
FNDA:0,(anonymous_47)
DA:2,1
DA:3,5
DA:4,5
DA:5,10
DA:6,5
DA:8,1
DA:9,5
DA:11,1
DA:12,6
DA:14,1
DA:15,1
DA:16,1
DA:17,1
DA:18,1
DA:19,1
DA:20,1
DA:21,1
DA:23,1
DA:38,31
DA:39,31
DA:42,50
DA:46,5
DA:48,5
DA:49,5
DA:50,5
DA:51,5
DA:54,5
DA:55,5
DA:56,5
DA:57,5
DA:58,5
DA:59,5
DA:61,5
DA:62,5
DA:63,5
DA:67,0
DA:70,5
DA:72,5
DA:75,33
DA:76,33
DA:77,33
DA:78,165
DA:79,66
DA:80,198
DA:84,165
DA:86,33
DA:89,20
DA:90,20
DA:91,20
DA:92,100
DA:93,20
DA:94,20
DA:95,0
DA:99,100
DA:101,20
DA:104,31
DA:105,31
DA:106,186
DA:110,1
DA:113,0
DA:116,186
DA:118,31
DA:121,31
DA:124,5
DA:125,0
DA:129,0
DA:130,0
DA:138,1
DA:139,1
DA:140,0
DA:142,1
DA:151,0
DA:152,0
DA:153,0
DA:155,0
DA:156,0
DA:163,0
DA:164,0
DA:167,0
DA:168,0
DA:171,0
DA:172,0
DA:173,0
DA:174,0
DA:176,0
DA:179,0
DA:182,0
DA:185,0
DA:188,0
DA:189,0
DA:190,0
DA:191,0
DA:192,0
DA:193,0
DA:195,0
DA:198,1
DA:199,1
DA:200,1
DA:203,0
DA:204,0
DA:205,0
DA:207,0
DA:208,0
DA:209,0
DA:210,0
DA:213,0
DA:219,0
DA:220,0
DA:221,0
DA:223,0
DA:224,0
DA:225,0
DA:226,0
DA:229,0
DA:235,3
DA:236,3
DA:237,3
DA:240,1
DA:241,1
DA:242,1
DA:245,0
DA:246,0
DA:247,0
DA:248,0
DA:251,0
DA:252,0
DA:253,0
DA:254,0
DA:255,0
DA:257,0
DA:260,0
DA:261,0
DA:262,0
DA:265,0
DA:266,0
DA:267,0
DA:268,0
DA:269,0
DA:270,0
DA:272,0
DA:274,0
DA:277,0
DA:278,0
DA:280,0
DA:281,0
DA:282,0
DA:283,0
DA:284,0
DA:285,0
DA:286,0
DA:288,0
DA:291,0
DA:294,10
DA:295,10
DA:296,10
DA:297,10
DA:298,10
DA:299,0
DA:300,0
DA:301,0
DA:304,0
DA:307,10
DA:308,0
DA:310,10
DA:311,10
DA:312,10
DA:315,0
DA:316,0
DA:318,10
DA:319,10
DA:320,0
DA:321,0
DA:322,0
DA:325,0
DA:326,0
DA:329,10
DA:330,0
DA:332,10
DA:335,1
DA:339,1
DA:343,1
DA:347,1
DA:351,1
DA:355,1
LF:184
LH:92
BRDA:2,0,0,1
BRDA:2,0,1,1
BRDA:2,0,2,1
BRDA:3,1,0,0
BRDA:3,1,1,5
BRDA:3,2,0,0
BRDA:3,2,1,5
BRDA:4,3,0,0
BRDA:4,3,1,5
BRDA:4,4,0,5
BRDA:4,4,1,5
BRDA:5,5,0,5
BRDA:5,5,1,5
BRDA:5,6,0,5
BRDA:5,6,1,5
BRDA:5,7,0,0
BRDA:5,7,1,5
BRDA:5,8,0,5
BRDA:5,8,1,0
BRDA:6,9,0,5
BRDA:6,9,1,5
BRDA:6,9,2,0
BRDA:8,10,0,1
BRDA:8,10,1,1
BRDA:8,10,2,1
BRDA:9,11,0,0
BRDA:9,11,1,5
BRDA:9,12,0,5
BRDA:9,12,1,5
BRDA:11,13,0,1
BRDA:11,13,1,1
BRDA:11,13,2,1
BRDA:12,14,0,6
BRDA:12,14,1,0
BRDA:12,15,0,6
BRDA:12,15,1,6
BRDA:37,16,0,25
BRDA:56,17,0,5
BRDA:56,17,1,0
BRDA:58,18,0,5
BRDA:58,18,1,0
BRDA:58,19,0,5
BRDA:58,19,1,0
BRDA:78,20,0,66
BRDA:78,20,1,99
BRDA:92,21,0,20
BRDA:92,21,1,80
BRDA:93,22,0,20
BRDA:93,22,1,20
BRDA:93,23,0,0
BRDA:93,23,1,0
BRDA:94,24,0,0
BRDA:94,24,1,20
BRDA:124,25,0,0
BRDA:124,25,1,5
BRDA:124,26,0,5
BRDA:124,26,1,5
BRDA:137,27,0,1
BRDA:139,28,0,0
BRDA:139,28,1,1
BRDA:152,29,0,0
BRDA:152,29,1,0
BRDA:197,30,0,1
BRDA:202,31,0,0
BRDA:218,32,0,0
BRDA:250,33,0,0
BRDA:253,34,0,0
BRDA:253,34,1,0
BRDA:264,35,0,0
BRDA:267,36,0,0
BRDA:267,36,1,0
BRDA:269,37,0,0
BRDA:269,37,1,0
BRDA:277,38,0,0
BRDA:277,38,1,0
BRDA:277,39,0,0
BRDA:277,39,1,0
BRDA:281,40,0,0
BRDA:281,40,1,0
BRDA:285,41,0,0
BRDA:285,41,1,0
BRDA:307,42,0,0
BRDA:307,42,1,10
BRDA:329,43,0,0
BRDA:329,43,1,10
BRF:85
BRH:47
end_of_record
TN:
SF:src/lib/ModelList.ts
FN:6,(anonymous_0)
FN:13,(anonymous_1)
FN:16,(anonymous_2)
FN:19,(anonymous_3)
FN:20,(anonymous_4)
FN:22,(anonymous_5)
FN:25,(anonymous_6)
FN:27,(anonymous_7)
FNF:8
FNH:0
FNDA:0,(anonymous_0)
FNDA:0,(anonymous_1)
FNDA:0,(anonymous_2)
FNDA:0,(anonymous_3)
FNDA:0,(anonymous_4)
FNDA:0,(anonymous_5)
FNDA:0,(anonymous_6)
FNDA:0,(anonymous_7)
DA:2,1
DA:7,0
DA:8,0
DA:9,0
DA:10,0
DA:11,0
DA:14,0
DA:17,0
DA:20,0
DA:23,0
DA:26,0
DA:27,0
DA:32,1
LF:13
LH:2
BRDA:6,0,0,0
BRDA:9,1,0,0
BRDA:9,1,1,0
BRDA:9,1,2,0
BRF:4
BRH:0
end_of_record
TN:
SF:src/lib/PromiseModel.ts
FN:6,(anonymous_0)
FN:17,(anonymous_1)
FN:20,(anonymous_2)
FNF:3
FNH:0
FNDA:0,(anonymous_0)
FNDA:0,(anonymous_1)
FNDA:0,(anonymous_2)
DA:2,1
DA:7,0
DA:9,0
DA:11,0
DA:12,0
DA:13,0
DA:14,0
DA:15,0
DA:18,0
DA:21,0
DA:24,1
LF:11
LH:2
BRDA:7,0,0,0
BRDA:7,0,1,0
BRF:2
BRH:0
end_of_record
TN:
SF:src/lib/PromiseModelList.ts
FN:6,(anonymous_0)
FN:17,(anonymous_1)
FN:20,(anonymous_2)
FN:23,(anonymous_3)
FNF:4
FNH:0
FNDA:0,(anonymous_0)
FNDA:0,(anonymous_1)
FNDA:0,(anonymous_2)
FNDA:0,(anonymous_3)
DA:2,1
DA:7,0
DA:9,0
DA:11,0
DA:12,0
DA:13,0
DA:14,0
DA:15,0
DA:18,0
DA:21,0
DA:24,0
DA:25,0
DA:27,0
DA:30,1
LF:14
LH:2
BRDA:7,0,0,0
BRDA:7,0,1,0
BRDA:24,1,0,0
BRDA:24,1,1,0
BRDA:25,2,0,0
BRDA:25,2,1,0
BRF:6
BRH:0
end_of_record
TN:
SF:src/lib/defaultSerializer.ts
FN:2,(anonymous_0)
FN:12,(anonymous_1)
FN:15,(anonymous_2)
FN:18,(anonymous_3)
FN:21,(anonymous_4)
FN:24,(anonymous_5)
FN:33,(anonymous_6)
FN:34,(anonymous_7)
FN:42,(anonymous_8)
FN:50,(anonymous_9)
FN:72,(anonymous_10)
FN:75,(anonymous_11)
FN:79,(anonymous_12)
FN:80,(anonymous_13)
FNF:14
FNH:2
FNDA:4,(anonymous_0)
FNDA:0,(anonymous_1)
FNDA:0,(anonymous_2)
FNDA:0,(anonymous_3)
FNDA:0,(anonymous_4)
FNDA:1,(anonymous_5)
FNDA:0,(anonymous_6)
FNDA:0,(anonymous_7)
FNDA:0,(anonymous_8)
FNDA:0,(anonymous_9)
FNDA:0,(anonymous_10)
FNDA:0,(anonymous_11)
FNDA:0,(anonymous_12)
FNDA:0,(anonymous_13)
DA:2,1
DA:3,4
DA:5,1
DA:6,1
DA:7,1
DA:8,1
DA:9,1
DA:10,1
DA:12,0
DA:15,0
DA:18,0
DA:21,0
DA:25,1
DA:26,0
DA:27,0
DA:29,1
DA:34,0
DA:35,0
DA:36,0
DA:37,0
DA:42,0
DA:44,0
DA:50,0
DA:52,0
DA:53,0
DA:54,0
DA:55,0
DA:56,0
DA:58,0
DA:59,0
DA:61,0
DA:64,0
DA:67,0
DA:73,0
DA:74,0
DA:75,0
DA:76,0
DA:79,0
DA:80,0
DA:81,0
DA:82,0
DA:83,0
DA:84,0
DA:86,0
DA:87,0
DA:89,0
DA:91,0
DA:92,0
DA:94,0
DA:98,1
LF:50
LH:11
BRDA:2,0,0,1
BRDA:2,0,1,1
BRDA:2,0,2,1
BRDA:3,1,0,4
BRDA:3,1,1,0
BRDA:3,2,0,4
BRDA:3,2,1,4
BRDA:12,3,0,0
BRDA:12,3,1,0
BRDA:21,4,0,0
BRDA:21,4,1,0
BRDA:25,5,0,0
BRDA:25,5,1,1
BRDA:26,6,0,0
BRDA:26,6,1,0
BRDA:26,7,0,0
BRDA:26,7,1,0
BRDA:29,8,0,0
BRDA:29,8,1,1
BRDA:29,9,0,1
BRDA:29,9,1,1
BRDA:35,10,0,0
BRDA:35,10,1,0
BRDA:36,11,0,0
BRDA:36,11,1,0
BRDA:37,12,0,0
BRDA:37,12,1,0
BRDA:39,13,0,0
BRDA:39,13,1,0
BRDA:41,14,0,0
BRDA:41,14,1,0
BRDA:44,15,0,0
BRDA:44,15,1,0
BRDA:46,16,0,0
BRDA:46,16,1,0
BRDA:48,17,0,0
BRDA:48,17,1,0
BRDA:54,18,0,0
BRDA:54,18,1,0
BRDA:55,19,0,0
BRDA:55,19,1,0
BRDA:58,20,0,0
BRDA:58,20,1,0
BRDA:61,21,0,0
BRDA:61,21,1,0
BRDA:61,21,2,0
BRDA:61,21,3,0
BRDA:74,22,0,0
BRDA:74,22,1,0
BRDA:86,23,0,0
BRDA:86,23,1,0
BRDA:91,24,0,0
BRDA:91,24,1,0
BRF:53
BRH:10
end_of_record
TN:
SF:src/lib/fieldDecorator.ts
FN:2,(anonymous_0)
FN:8,(anonymous_1)
FN:9,(anonymous_2)
FNF:3
FNH:3
FNDA:1,(anonymous_0)
FNDA:5,(anonymous_1)
FNDA:5,(anonymous_2)
DA:2,1
DA:3,1
DA:5,1
DA:6,1
DA:7,1
DA:8,1
DA:9,5
DA:10,5
DA:11,1
DA:13,5
DA:16,1
LF:11
LH:11
BRDA:2,0,0,1
BRDA:2,0,1,1
BRDA:2,0,2,1
BRDA:3,1,0,1
BRDA:3,1,1,0
BRDA:3,2,0,1
BRDA:3,2,1,1
BRDA:10,3,0,1
BRDA:10,3,1,4
BRDA:10,4,0,5
BRDA:10,4,1,5
BRF:11
BRH:10
end_of_record
